2023.02.01 17:46:11 INFO  tracing is disabled for protocol LSP, to enable tracing of incoming and outgoing JSON messages create an empty file at /home/abrito/env/labs/apatheia/apatheia-p2p-protocol/.metals/lsp.trace.json or /home/abrito/.cache/metals/lsp.trace.json[0m
2023.02.01 17:46:12 INFO  logging to file /home/abrito/env/labs/apatheia/apatheia-p2p-protocol/.metals/metals.log[0m
2023.02.01 17:46:12 INFO  Started: Metals version 0.11.10 in workspace '/home/abrito/env/labs/apatheia/apatheia-p2p-protocol' for client Visual Studio Code 1.67.2.[0m
SLF4J: No SLF4J providers were found.
SLF4J: Defaulting to no-operation (NOP) logger implementation
SLF4J: See https://www.slf4j.org/codes.html#noProviders for further details.
SLF4J: Class path contains SLF4J bindings targeting slf4j-api versions 1.7.x or earlier.
SLF4J: Ignoring binding found at [jar:file:/home/abrito/.cache/coursier/v1/https/repo1.maven.org/maven2/com/outr/scribe-slf4j_2.13/3.10.5/scribe-slf4j_2.13-3.10.5.jar!/org/slf4j/impl/StaticLoggerBinder.class]
SLF4J: See https://www.slf4j.org/codes.html#ignoredBindings for an explanation.
2023.02.01 17:46:14 INFO  time: initialize in 2.21s[0m
2023.02.01 17:46:15 WARN  Build server is not auto-connectable.[0m
2023.02.01 18:02:44 WARN  no build target for: /home/abrito/env/labs/apatheia/apatheia-p2p-protocol/src/main/scala/org/adrianobrito/model/NodeId.scala[0m
2023.02.01 18:02:48 INFO  no build target found for /home/abrito/env/labs/apatheia/apatheia-p2p-protocol/src/main/scala/org/adrianobrito/model/NodeId.scala. Using presentation compiler with project's scala-library version: 3.2.1[0m
2023.02.01 18:02:50 INFO  time: code lens generation in 5s[0m
2023.02.01 18:02:50 INFO  time: code lens generation in 1.2s[0m
2023.02.01 18:03:09 WARN  no build target for: /home/abrito/env/labs/apatheia/apatheia-p2p-protocol/src/main/scala/org/adrianobrito/model/NodeId.scala[0m
2023.02.01 18:03:12 INFO  running '/home/abrito/env/infra/jdk/jdk-8u231-linux-x64/jdk1.8.0_231/bin/java -Djline.terminal=jline.UnsupportedTerminal -Dsbt.log.noformat=true -Dfile.encoding=UTF-8 -jar /tmp/metals3528175076709416071/sbt-launch.jar -Dbloop.export-jar-classifiers=sources bloopInstall'[0m
2023.02.01 18:03:12 WARN  no build target for: /home/abrito/env/labs/apatheia/apatheia-p2p-protocol/project/metals.sbt[0m
2023.02.01 18:03:12 WARN  no build target for: /home/abrito/env/labs/apatheia/apatheia-p2p-protocol/project/project/metals.sbt[0m
2023.02.01 18:03:12 INFO  skipping build import with status 'Dismissed'[0m
2023.02.01 18:03:15 INFO  [info] welcome to sbt 1.7.2 (Oracle Corporation Java 1.8.0_231)[0m
2023.02.01 18:03:19 INFO  [info] loading global plugins from /home/abrito/.sbt/1.0/plugins[0m
2023.02.01 18:03:28 INFO  [info] loading settings for project apatheia-p2p-protocol-build-build from metals.sbt ...[0m
2023.02.01 18:03:28 INFO  [info] loading project definition from /home/abrito/env/labs/apatheia/apatheia-p2p-protocol/project/project[0m
2023.02.01 18:03:33 INFO  [info] loading settings for project apatheia-p2p-protocol-build from metals.sbt ...[0m
2023.02.01 18:03:33 INFO  [info] loading project definition from /home/abrito/env/labs/apatheia/apatheia-p2p-protocol/project[0m
2023.02.01 18:03:39 INFO  [success] Generated .bloop/apatheia-p2p-protocol-build.json[0m
2023.02.01 18:03:39 INFO  [success] Total time: 6 s, completed Feb 1, 2023 6:03:39 PM[0m
2023.02.01 18:03:42 INFO  [info] loading settings for project root from build.sbt ...[0m
2023.02.01 18:03:42 INFO  [info] set current project to apatheia-p2p-protocol (in build file:/home/abrito/env/labs/apatheia/apatheia-p2p-protocol/)[0m
2023.02.01 18:03:44 INFO  [success] Generated .bloop/root.json[0m
2023.02.01 18:03:44 INFO  [success] Generated .bloop/root-test.json[0m
2023.02.01 18:03:44 INFO  [success] Total time: 2 s, completed Feb 1, 2023 6:03:44 PM[0m
2023.02.01 18:03:45 INFO  time: ran 'sbt bloopInstall' in 32s[0m
2023.02.01 18:03:45 INFO  Attempting to connect to the build server...[0m
2023.02.01 18:03:45 INFO  Bloop uses /home/abrito/env/infra/jdk/jdk-8u231-linux-x64/jdk1.8.0_231 defined at /home/abrito/.bloop/bloop.json[0m
2023.02.01 18:03:54 INFO  tracing is disabled for protocol BSP, to enable tracing of incoming and outgoing JSON messages create an empty file at /home/abrito/env/labs/apatheia/apatheia-p2p-protocol/.metals/bsp.trace.json or /home/abrito/.cache/metals/bsp.trace.json[0m
2023.02.01 18:03:59 INFO  Attempting to connect to the build server...[0m
2023.02.01 18:03:59 INFO  Bloop uses /home/abrito/env/infra/jdk/jdk-8u231-linux-x64/jdk1.8.0_231 defined at /home/abrito/.bloop/bloop.json[0m
2023.02.01 18:03:59 INFO  tracing is disabled for protocol BSP, to enable tracing of incoming and outgoing JSON messages create an empty file at /home/abrito/env/labs/apatheia/apatheia-p2p-protocol/project/.metals/bsp.trace.json or /home/abrito/.cache/metals/bsp.trace.json[0m
2023.02.01 18:04:02 INFO  time: Connected to build server in 17s[0m
2023.02.01 18:04:02 INFO  Connected to Build server: Bloop v1.5.6[0m
2023.02.01 18:04:02 INFO  time: Imported build in 0.18s[0m
2023.02.01 18:04:11 INFO  time: indexed workspace in 8.78s[0m
2023.02.01 18:04:12 INFO  compiling root (3 scala sources)[0m
2023.02.01 18:04:31 INFO  time: compiled root in 19s[0m
Feb 01, 2023 6:04:36 PM org.eclipse.lsp4j.jsonrpc.RemoteEndpoint handleCancellation
WARNING: Unmatched cancel notification for request id 133
Feb 01, 2023 6:04:37 PM org.eclipse.lsp4j.jsonrpc.RemoteEndpoint handleCancellation
WARNING: Unmatched cancel notification for request id 136
Feb 01, 2023 6:04:37 PM org.eclipse.lsp4j.jsonrpc.RemoteEndpoint handleCancellation
WARNING: Unmatched cancel notification for request id 134
2023.02.01 18:04:52 INFO  compiling root (1 scala source)[0m
2023.02.01 18:04:54 INFO  time: compiled root in 2.34s[0m
2023.02.01 18:04:55 INFO  running '/home/abrito/env/infra/jdk/jdk-8u231-linux-x64/jdk1.8.0_231/bin/java -Djline.terminal=jline.UnsupportedTerminal -Dsbt.log.noformat=true -Dfile.encoding=UTF-8 -jar /tmp/metals4468584920391132628/sbt-launch.jar -Dbloop.export-jar-classifiers=sources bloopInstall'[0m
2023.02.01 18:04:58 INFO  [info] welcome to sbt 1.7.2 (Oracle Corporation Java 1.8.0_231)[0m
2023.02.01 18:05:00 INFO  [info] loading global plugins from /home/abrito/.sbt/1.0/plugins[0m
2023.02.01 18:05:02 INFO  [info] loading settings for project apatheia-p2p-protocol-build-build from metals.sbt ...[0m
2023.02.01 18:05:02 INFO  [info] loading project definition from /home/abrito/env/labs/apatheia/apatheia-p2p-protocol/project/project[0m
2023.02.01 18:05:02 INFO  [info] loading settings for project apatheia-p2p-protocol-build from metals.sbt ...[0m
2023.02.01 18:05:02 INFO  [info] loading project definition from /home/abrito/env/labs/apatheia/apatheia-p2p-protocol/project[0m
2023.02.01 18:05:06 INFO  [success] Generated .bloop/apatheia-p2p-protocol-build.json[0m
2023.02.01 18:05:06 INFO  [success] Total time: 3 s, completed Feb 1, 2023 6:05:06 PM[0m
2023.02.01 18:05:06 INFO  [info] loading settings for project root from build.sbt ...[0m
2023.02.01 18:05:06 INFO  [info] set current project to apatheia-p2p-protocol (in build file:/home/abrito/env/labs/apatheia/apatheia-p2p-protocol/)[0m
2023.02.01 18:05:08 INFO  [success] Generated .bloop/root.json[0m
2023.02.01 18:05:08 INFO  [success] Generated .bloop/root-test.json[0m
2023.02.01 18:05:08 INFO  [success] Total time: 0 s, completed Feb 1, 2023 6:05:08 PM[0m
2023.02.01 18:05:08 INFO  time: ran 'sbt bloopInstall' in 12s[0m
2023.02.01 18:05:08 INFO  Disconnecting from Bloop session...[0m
2023.02.01 18:05:08 INFO  Shut down connection with build server.[0m
2023.02.01 18:05:08 INFO  Shut down connection with build server.[0m
2023.02.01 18:05:08 INFO  Attempting to connect to the build server...[0m
2023.02.01 18:05:08 INFO  Bloop uses /home/abrito/env/infra/jdk/jdk-8u231-linux-x64/jdk1.8.0_231 defined at /home/abrito/.bloop/bloop.json[0m
2023.02.01 18:05:08 INFO  tracing is disabled for protocol BSP, to enable tracing of incoming and outgoing JSON messages create an empty file at /home/abrito/env/labs/apatheia/apatheia-p2p-protocol/.metals/bsp.trace.json or /home/abrito/.cache/metals/bsp.trace.json[0m
2023.02.01 18:05:08 INFO  Attempting to connect to the build server...[0m
2023.02.01 18:05:08 INFO  Bloop uses /home/abrito/env/infra/jdk/jdk-8u231-linux-x64/jdk1.8.0_231 defined at /home/abrito/.bloop/bloop.json[0m
2023.02.01 18:05:08 INFO  tracing is disabled for protocol BSP, to enable tracing of incoming and outgoing JSON messages create an empty file at /home/abrito/env/labs/apatheia/apatheia-p2p-protocol/project/.metals/bsp.trace.json or /home/abrito/.cache/metals/bsp.trace.json[0m
2023.02.01 18:05:08 INFO  time: Connected to build server in 0.14s[0m
2023.02.01 18:05:08 INFO  Connected to Build server: Bloop v1.5.6[0m
2023.02.01 18:05:09 INFO  time: indexed workspace in 0.87s[0m
2023.02.01 18:06:41 INFO  compiling root (1 scala source)[0m
2023.02.01 18:06:41 WARN  Could not load snapshot text for /home/abrito/env/labs/apatheia/apatheia-p2p-protocol/src/main/scala/org/adrianobrito/model/NodeId.scala[0m
2023.02.01 18:06:43 INFO  time: compiled root in 1.87s[0m
Feb 01, 2023 6:06:48 PM org.eclipse.lsp4j.jsonrpc.RemoteEndpoint handleCancellation
WARNING: Unmatched cancel notification for request id 277
Feb 01, 2023 6:07:13 PM org.eclipse.lsp4j.jsonrpc.RemoteEndpoint handleCancellation
WARNING: Unmatched cancel notification for request id 294
2023.02.01 18:08:49 INFO  compiling root (1 scala source)[0m
2023.02.01 18:08:49 INFO  time: compiled root in 0.64s[0m
2023.02.01 18:08:56 INFO  shutting down Metals[0m
2023.02.01 18:08:56 INFO  Shut down connection with build server.[0m
2023.02.01 18:08:56 INFO  Shut down connection with build server.[0m
2023.02.01 18:09:15 INFO  tracing is disabled for protocol LSP, to enable tracing of incoming and outgoing JSON messages create an empty file at /home/abrito/env/labs/apatheia/apatheia-p2p-protocol/.metals/lsp.trace.json or /home/abrito/.cache/metals/lsp.trace.json[0m
2023.02.01 18:09:16 INFO  logging to file /home/abrito/env/labs/apatheia/apatheia-p2p-protocol/.metals/metals.log[0m
2023.02.01 18:09:16 INFO  Started: Metals version 0.11.10 in workspace '/home/abrito/env/labs/apatheia/apatheia-p2p-protocol' for client Visual Studio Code 1.67.2.[0m
SLF4J: No SLF4J providers were found.
SLF4J: Defaulting to no-operation (NOP) logger implementation
SLF4J: See https://www.slf4j.org/codes.html#noProviders for further details.
SLF4J: Class path contains SLF4J bindings targeting slf4j-api versions 1.7.x or earlier.
SLF4J: Ignoring binding found at [jar:file:/home/abrito/.cache/coursier/v1/https/repo1.maven.org/maven2/com/outr/scribe-slf4j_2.13/3.10.5/scribe-slf4j_2.13-3.10.5.jar!/org/slf4j/impl/StaticLoggerBinder.class]
SLF4J: See https://www.slf4j.org/codes.html#ignoredBindings for an explanation.
2023.02.01 18:09:19 INFO  time: initialize in 3.47s[0m
2023.02.01 18:09:20 INFO  Attempting to connect to the build server...[0m
2023.02.01 18:09:20 INFO  Bloop uses /home/abrito/env/infra/jdk/jdk-8u231-linux-x64/jdk1.8.0_231 defined at /home/abrito/.bloop/bloop.json[0m
2023.02.01 18:09:21 INFO  skipping build import with status 'Installed'[0m
2023.02.01 18:09:22 INFO  tracing is disabled for protocol BSP, to enable tracing of incoming and outgoing JSON messages create an empty file at /home/abrito/env/labs/apatheia/apatheia-p2p-protocol/.metals/bsp.trace.json or /home/abrito/.cache/metals/bsp.trace.json[0m
2023.02.01 18:09:21 INFO  Attempting to connect to the build server...[0m
2023.02.01 18:09:21 INFO  Bloop uses /home/abrito/env/infra/jdk/jdk-8u231-linux-x64/jdk1.8.0_231 defined at /home/abrito/.bloop/bloop.json[0m
2023.02.01 18:09:22 INFO  tracing is disabled for protocol BSP, to enable tracing of incoming and outgoing JSON messages create an empty file at /home/abrito/env/labs/apatheia/apatheia-p2p-protocol/project/.metals/bsp.trace.json or /home/abrito/.cache/metals/bsp.trace.json[0m
2023.02.01 18:09:22 INFO  time: Connected to build server in 1.91s[0m
2023.02.01 18:09:22 INFO  Connected to Build server: Bloop v1.5.6[0m
2023.02.01 18:09:26 INFO  no build target found for /home/abrito/env/labs/apatheia/apatheia-p2p-protocol/src/main/scala/org/adrianobrito/model/NodeId.scala. Using presentation compiler with project's scala-library version: 3.2.1[0m
2023.02.01 18:09:26 INFO  time: code lens generation in 5.96s[0m
Feb 01, 2023 6:09:27 PM org.eclipse.lsp4j.jsonrpc.RemoteEndpoint handleCancellation
WARNING: Unmatched cancel notification for request id 8
2023.02.01 18:09:27 INFO  time: Imported build in 0.27s[0m
2023.02.01 18:09:28 INFO  no build target found for /home/abrito/env/labs/apatheia/apatheia-p2p-protocol/src/main/scala/org/adrianobrito/model/NodeId.scala. Using presentation compiler with project's scala-library version: 3.2.1[0m
Feb 01, 2023 6:09:28 PM org.eclipse.lsp4j.jsonrpc.RemoteEndpoint handleCancellation
WARNING: Unmatched cancel notification for request id 9
Feb 01, 2023 6:09:28 PM org.eclipse.lsp4j.jsonrpc.RemoteEndpoint handleCancellation
WARNING: Unmatched cancel notification for request id 23
2023.02.01 18:09:31 INFO  time: code lens generation in 2.48s[0m
2023.02.01 18:09:31 INFO  time: code lens generation in 3.56s[0m
2023.02.01 18:09:31 INFO  time: code lens generation in 3.5s[0m
2023.02.01 18:09:31 INFO  time: code lens generation in 1.24s[0m
2023.02.01 18:09:31 INFO  time: code lens generation in 10s[0m
2023.02.01 18:09:31 INFO  time: code lens generation in 1.92s[0m
2023.02.01 18:09:31 INFO  time: code lens generation in 1.61s[0m
2023.02.01 18:09:31 INFO  time: code lens generation in 3.14s[0m
2023.02.01 18:09:31 INFO  time: code lens generation in 3.65s[0m
2023.02.01 18:09:33 INFO  time: indexed workspace in 6.38s[0m
2023.02.01 18:09:33 INFO  compiling root (1 scala source)[0m
2023.02.01 18:09:34 INFO  time: compiled root in 1.06s[0m
2023.02.01 18:09:34 INFO  compiling root (1 scala source)[0m
2023.02.01 18:09:38 INFO  time: compiled root in 3.64s[0m
2023.02.01 18:09:57 INFO  compiling root (1 scala source)[0m
2023.02.01 18:09:57 INFO  time: compiled root in 0.46s[0m
Feb 01, 2023 6:10:05 PM org.eclipse.lsp4j.jsonrpc.RemoteEndpoint handleCancellation
WARNING: Unmatched cancel notification for request id 101
Feb 01, 2023 6:10:05 PM org.eclipse.lsp4j.jsonrpc.RemoteEndpoint handleCancellation
WARNING: Unmatched cancel notification for request id 104
Feb 01, 2023 6:10:05 PM org.eclipse.lsp4j.jsonrpc.RemoteEndpoint handleCancellation
WARNING: Unmatched cancel notification for request id 103
Feb 01, 2023 6:10:05 PM org.eclipse.lsp4j.jsonrpc.RemoteEndpoint handleCancellation
WARNING: Unmatched cancel notification for request id 100
Feb 01, 2023 6:10:05 PM org.eclipse.lsp4j.jsonrpc.RemoteEndpoint handleCancellation
WARNING: Unmatched cancel notification for request id 102
2023.02.01 18:10:06 INFO  compiling root (1 scala source)[0m
2023.02.01 18:10:06 INFO  time: compiled root in 0.4s[0m
2023.02.01 18:10:06 INFO  compiling root (1 scala source)[0m
2023.02.01 18:10:06 INFO  time: compiled root in 0.3s[0m
2023.02.01 18:10:14 INFO  compiling root (1 scala source)[0m
2023.02.01 18:10:16 INFO  time: compiled root in 1.68s[0m
Feb 01, 2023 6:20:22 PM org.eclipse.lsp4j.jsonrpc.RemoteEndpoint handleCancellation
WARNING: Unmatched cancel notification for request id 200
Feb 01, 2023 6:20:22 PM org.eclipse.lsp4j.jsonrpc.RemoteEndpoint handleCancellation
WARNING: Unmatched cancel notification for request id 205
Feb 01, 2023 6:20:22 PM org.eclipse.lsp4j.jsonrpc.RemoteEndpoint handleCancellation
WARNING: Unmatched cancel notification for request id 207
2023.02.01 18:21:47 INFO  compiling root (1 scala source)[0m
2023.02.01 18:21:49 INFO  time: compiled root in 1.17s[0m
2023.02.01 18:22:44 INFO  compiling root (1 scala source)[0m
2023.02.01 18:22:45 INFO  time: compiled root in 1.07s[0m
2023.02.01 18:23:26 INFO  compiling root (1 scala source)[0m
2023.02.01 18:23:26 INFO  time: compiled root in 0.92s[0m
2023.02.01 18:23:50 INFO  compiling root (1 scala source)[0m
2023.02.01 18:23:50 INFO  time: compiled root in 0.69s[0m
Feb 01, 2023 6:24:51 PM scala.meta.internal.metals.Docstrings indexSymbol
SEVERE: file:///home/abrito/env/labs/apatheia/apatheia-p2p-protocol/src/main/scala/org/adrianobrito/model/Valid.scala
java.nio.file.NoSuchFileException: /home/abrito/env/labs/apatheia/apatheia-p2p-protocol/src/main/scala/org/adrianobrito/model/Valid.scala
	at sun.nio.fs.UnixException.translateToIOException(UnixException.java:86)
	at sun.nio.fs.UnixException.rethrowAsIOException(UnixException.java:102)
	at sun.nio.fs.UnixException.rethrowAsIOException(UnixException.java:107)
	at sun.nio.fs.UnixFileSystemProvider.newByteChannel(UnixFileSystemProvider.java:214)
	at java.nio.file.Files.newByteChannel(Files.java:361)
	at java.nio.file.Files.newByteChannel(Files.java:407)
	at java.nio.file.Files.readAllBytes(Files.java:3152)
	at scala.meta.internal.io.PlatformFileIO$.slurp(PlatformFileIO.scala:45)
	at scala.meta.internal.io.FileIO$.slurp(FileIO.scala:24)
	at scala.meta.internal.mtags.CommonMtagsEnrichments$XtensionAbsolutePath.toInput(CommonMtagsEnrichments.scala:551)
	at scala.meta.internal.metals.Docstrings.indexSymbolDefinition(Docstrings.scala:123)
	at scala.meta.internal.metals.Docstrings.indexSymbol(Docstrings.scala:107)
	at scala.meta.internal.metals.Docstrings.documentation(Docstrings.scala:44)
	at scala.meta.internal.metals.MetalsSymbolSearch.documentation(MetalsSymbolSearch.scala:42)
	at scala.meta.internal.pc.MetalsGlobal.symbolDocumentation(MetalsGlobal.scala:227)
	at scala.meta.internal.pc.CompletionItemResolver.handleSymbol(CompletionItemResolver.scala:31)
	at scala.meta.internal.pc.CompletionItemResolver.resolve(CompletionItemResolver.scala:24)
	at scala.meta.internal.pc.ScalaPresentationCompiler.$anonfun$completionItemResolve$1(ScalaPresentationCompiler.scala:205)
	at scala.meta.internal.pc.CompilerAccess.withSharedCompiler(CompilerAccess.scala:137)
	at scala.meta.internal.pc.ScalaPresentationCompiler.completionItemResolve(ScalaPresentationCompiler.scala:204)
	at scala.meta.internal.metals.Compilers.$anonfun$completionItemResolve$2(Compilers.scala:263)
	at scala.Option.map(Option.scala:242)
	at scala.meta.internal.metals.Compilers.$anonfun$completionItemResolve$1(Compilers.scala:262)
	at scala.Option.flatMap(Option.scala:283)
	at scala.meta.internal.metals.Compilers.completionItemResolve(Compilers.scala:261)
	at scala.meta.internal.metals.MetalsLanguageServer.$anonfun$completionItemResolve$1(MetalsLanguageServer.scala:1761)
	at scala.meta.internal.metals.CancelTokens$.future(CancelTokens.scala:38)
	at scala.meta.internal.metals.MetalsLanguageServer.completionItemResolve(MetalsLanguageServer.scala:1759)
	at sun.reflect.GeneratedMethodAccessor11.invoke(Unknown Source)
	at sun.reflect.DelegatingMethodAccessorImpl.invoke(DelegatingMethodAccessorImpl.java:43)
	at java.lang.reflect.Method.invoke(Method.java:498)
	at org.eclipse.lsp4j.jsonrpc.services.GenericEndpoint.lambda$null$0(GenericEndpoint.java:65)
	at org.eclipse.lsp4j.jsonrpc.services.GenericEndpoint.request(GenericEndpoint.java:120)
	at org.eclipse.lsp4j.jsonrpc.RemoteEndpoint.handleRequest(RemoteEndpoint.java:261)
	at org.eclipse.lsp4j.jsonrpc.RemoteEndpoint.consume(RemoteEndpoint.java:190)
	at org.eclipse.lsp4j.jsonrpc.json.StreamMessageProducer.handleMessage(StreamMessageProducer.java:194)
	at org.eclipse.lsp4j.jsonrpc.json.StreamMessageProducer.listen(StreamMessageProducer.java:94)
	at org.eclipse.lsp4j.jsonrpc.json.ConcurrentMessageProcessor.run(ConcurrentMessageProcessor.java:113)
	at java.util.concurrent.Executors$RunnableAdapter.call(Executors.java:511)
	at java.util.concurrent.FutureTask.run(FutureTask.java:266)
	at java.util.concurrent.ThreadPoolExecutor.runWorker(ThreadPoolExecutor.java:1149)
	at java.util.concurrent.ThreadPoolExecutor$Worker.run(ThreadPoolExecutor.java:624)
	at java.lang.Thread.run(Thread.java:748)

Feb 01, 2023 6:24:51 PM scala.meta.internal.metals.Docstrings indexSymbol
SEVERE: file:///home/abrito/env/labs/apatheia/apatheia-p2p-protocol/src/main/scala/org/adrianobrito/model/Valid.scala
java.nio.file.NoSuchFileException: /home/abrito/env/labs/apatheia/apatheia-p2p-protocol/src/main/scala/org/adrianobrito/model/Valid.scala
	at sun.nio.fs.UnixException.translateToIOException(UnixException.java:86)
	at sun.nio.fs.UnixException.rethrowAsIOException(UnixException.java:102)
	at sun.nio.fs.UnixException.rethrowAsIOException(UnixException.java:107)
	at sun.nio.fs.UnixFileSystemProvider.newByteChannel(UnixFileSystemProvider.java:214)
	at java.nio.file.Files.newByteChannel(Files.java:361)
	at java.nio.file.Files.newByteChannel(Files.java:407)
	at java.nio.file.Files.readAllBytes(Files.java:3152)
	at scala.meta.internal.io.PlatformFileIO$.slurp(PlatformFileIO.scala:45)
	at scala.meta.internal.io.FileIO$.slurp(FileIO.scala:24)
	at scala.meta.internal.mtags.CommonMtagsEnrichments$XtensionAbsolutePath.toInput(CommonMtagsEnrichments.scala:551)
	at scala.meta.internal.metals.Docstrings.indexSymbolDefinition(Docstrings.scala:123)
	at scala.meta.internal.metals.Docstrings.indexSymbol(Docstrings.scala:107)
	at scala.meta.internal.metals.Docstrings.documentation(Docstrings.scala:44)
	at scala.meta.internal.metals.MetalsSymbolSearch.documentation(MetalsSymbolSearch.scala:42)
	at scala.meta.internal.pc.MetalsGlobal.symbolDocumentation(MetalsGlobal.scala:227)
	at scala.meta.internal.pc.CompletionItemResolver.$anonfun$handleSymbol$1(CompletionItemResolver.scala:32)
	at scala.Option.orElse(Option.scala:477)
	at scala.meta.internal.pc.CompletionItemResolver.handleSymbol(CompletionItemResolver.scala:32)
	at scala.meta.internal.pc.CompletionItemResolver.resolve(CompletionItemResolver.scala:24)
	at scala.meta.internal.pc.ScalaPresentationCompiler.$anonfun$completionItemResolve$1(ScalaPresentationCompiler.scala:205)
	at scala.meta.internal.pc.CompilerAccess.withSharedCompiler(CompilerAccess.scala:137)
	at scala.meta.internal.pc.ScalaPresentationCompiler.completionItemResolve(ScalaPresentationCompiler.scala:204)
	at scala.meta.internal.metals.Compilers.$anonfun$completionItemResolve$2(Compilers.scala:263)
	at scala.Option.map(Option.scala:242)
	at scala.meta.internal.metals.Compilers.$anonfun$completionItemResolve$1(Compilers.scala:262)
	at scala.Option.flatMap(Option.scala:283)
	at scala.meta.internal.metals.Compilers.completionItemResolve(Compilers.scala:261)
	at scala.meta.internal.metals.MetalsLanguageServer.$anonfun$completionItemResolve$1(MetalsLanguageServer.scala:1761)
	at scala.meta.internal.metals.CancelTokens$.future(CancelTokens.scala:38)
	at scala.meta.internal.metals.MetalsLanguageServer.completionItemResolve(MetalsLanguageServer.scala:1759)
	at sun.reflect.GeneratedMethodAccessor11.invoke(Unknown Source)
	at sun.reflect.DelegatingMethodAccessorImpl.invoke(DelegatingMethodAccessorImpl.java:43)
	at java.lang.reflect.Method.invoke(Method.java:498)
	at org.eclipse.lsp4j.jsonrpc.services.GenericEndpoint.lambda$null$0(GenericEndpoint.java:65)
	at org.eclipse.lsp4j.jsonrpc.services.GenericEndpoint.request(GenericEndpoint.java:120)
	at org.eclipse.lsp4j.jsonrpc.RemoteEndpoint.handleRequest(RemoteEndpoint.java:261)
	at org.eclipse.lsp4j.jsonrpc.RemoteEndpoint.consume(RemoteEndpoint.java:190)
	at org.eclipse.lsp4j.jsonrpc.json.StreamMessageProducer.handleMessage(StreamMessageProducer.java:194)
	at org.eclipse.lsp4j.jsonrpc.json.StreamMessageProducer.listen(StreamMessageProducer.java:94)
	at org.eclipse.lsp4j.jsonrpc.json.ConcurrentMessageProcessor.run(ConcurrentMessageProcessor.java:113)
	at java.util.concurrent.Executors$RunnableAdapter.call(Executors.java:511)
	at java.util.concurrent.FutureTask.run(FutureTask.java:266)
	at java.util.concurrent.ThreadPoolExecutor.runWorker(ThreadPoolExecutor.java:1149)
	at java.util.concurrent.ThreadPoolExecutor$Worker.run(ThreadPoolExecutor.java:624)
	at java.lang.Thread.run(Thread.java:748)

2023.02.01 18:25:15 INFO  compiling root (1 scala source)[0m
2023.02.01 18:25:15 INFO  time: compiled root in 0.83s[0m
2023.02.01 18:25:31 INFO  compiling root (1 scala source)[0m
2023.02.01 18:25:32 INFO  time: compiled root in 1.15s[0m
2023.02.01 18:25:50 INFO  compiling root (1 scala source)[0m
2023.02.01 18:25:50 INFO  time: compiled root in 0.67s[0m
2023.02.01 18:27:40 INFO  compiling root (1 scala source)[0m
2023.02.01 18:27:41 INFO  time: compiled root in 1.2s[0m
something's wrong: no file:///home/abrito/env/labs/apatheia/apatheia-p2p-protocol/src/main/scala/org/adrianobrito/validation/NodeIdValidation.scala in org.adrianobrito.model.Valid[org.adrianobrito.model.NodeId,<error>]RangePosition(file:///home/abrito/env/labs/apatheia/apatheia-p2p-protocol/src/main/scala/org/adrianobrito/validation/NodeIdValidation.scala, 142, 142, 164)
2023.02.01 18:29:13 INFO  compiling root (1 scala source)[0m
2023.02.01 18:29:13 WARN  Could not load snapshot text for /home/abrito/env/labs/apatheia/apatheia-p2p-protocol/src/main/scala/org/adrianobrito/error/NodeIdErrors.scala[0m
2023.02.01 18:29:14 INFO  time: compiled root in 1.06s[0m
2023.02.01 18:32:42 INFO  shutting down Metals[0m
2023.02.01 18:32:42 INFO  Shut down connection with build server.[0m
2023.02.01 18:32:42 INFO  Shut down connection with build server.[0m
2023.02.01 18:35:00 INFO  tracing is disabled for protocol LSP, to enable tracing of incoming and outgoing JSON messages create an empty file at /home/abrito/env/labs/apatheia/apatheia-p2p-protocol/.metals/lsp.trace.json or /home/abrito/.cache/metals/lsp.trace.json[0m
2023.02.01 18:35:02 INFO  logging to file /home/abrito/env/labs/apatheia/apatheia-p2p-protocol/.metals/metals.log[0m
2023.02.01 18:35:02 INFO  Started: Metals version 0.11.10 in workspace '/home/abrito/env/labs/apatheia/apatheia-p2p-protocol' for client Visual Studio Code 1.74.3.[0m
SLF4J: No SLF4J providers were found.
SLF4J: Defaulting to no-operation (NOP) logger implementation
SLF4J: See https://www.slf4j.org/codes.html#noProviders for further details.
SLF4J: Class path contains SLF4J bindings targeting slf4j-api versions 1.7.x or earlier.
SLF4J: Ignoring binding found at [jar:file:/home/abrito/.cache/coursier/v1/https/repo1.maven.org/maven2/com/outr/scribe-slf4j_2.13/3.10.5/scribe-slf4j_2.13-3.10.5.jar!/org/slf4j/impl/StaticLoggerBinder.class]
SLF4J: See https://www.slf4j.org/codes.html#ignoredBindings for an explanation.
2023.02.01 18:35:07 INFO  time: initialize in 4.57s[0m
2023.02.01 18:35:09 INFO  Attempting to connect to the build server...[0m
Feb 01, 2023 6:35:09 PM org.eclipse.lsp4j.jsonrpc.RemoteEndpoint handleCancellation
WARNING: Unmatched cancel notification for request id 2
2023.02.01 18:35:09 INFO  Bloop uses /home/abrito/env/infra/jdk/jdk-8u231-linux-x64/jdk1.8.0_231 defined at /home/abrito/.bloop/bloop.json[0m
2023.02.01 18:35:09 INFO  skipping build import with status 'Installed'[0m
Feb 01, 2023 6:35:09 PM org.eclipse.lsp4j.jsonrpc.RemoteEndpoint handleCancellation
WARNING: Unmatched cancel notification for request id 5
2023.02.01 18:35:10 INFO  tracing is disabled for protocol BSP, to enable tracing of incoming and outgoing JSON messages create an empty file at /home/abrito/env/labs/apatheia/apatheia-p2p-protocol/.metals/bsp.trace.json or /home/abrito/.cache/metals/bsp.trace.json[0m
2023.02.01 18:35:10 INFO  Attempting to connect to the build server...[0m
2023.02.01 18:35:10 INFO  Bloop uses /home/abrito/env/infra/jdk/jdk-8u231-linux-x64/jdk1.8.0_231 defined at /home/abrito/.bloop/bloop.json[0m
2023.02.01 18:35:10 INFO  tracing is disabled for protocol BSP, to enable tracing of incoming and outgoing JSON messages create an empty file at /home/abrito/env/labs/apatheia/apatheia-p2p-protocol/project/.metals/bsp.trace.json or /home/abrito/.cache/metals/bsp.trace.json[0m
2023.02.01 18:35:10 INFO  time: Connected to build server in 1.63s[0m
2023.02.01 18:35:10 INFO  Connected to Build server: Bloop v1.5.6[0m
2023.02.01 18:35:13 INFO  no build target found for /home/abrito/env/labs/apatheia/apatheia-p2p-protocol/src/main/scala/org/adrianobrito/error/NodeIdErrors.scala. Using presentation compiler with project's scala-library version: 3.2.1[0m
2023.02.01 18:35:13 INFO  time: code lens generation in 4.67s[0m
2023.02.01 18:35:14 INFO  time: Imported build in 0.13s[0m
2023.02.01 18:35:15 INFO  no build target found for /home/abrito/env/labs/apatheia/apatheia-p2p-protocol/src/main/scala/org/adrianobrito/error/NodeIdErrors.scala. Using presentation compiler with project's scala-library version: 3.2.1[0m
Feb 01, 2023 6:35:20 PM org.eclipse.lsp4j.jsonrpc.RemoteEndpoint handleCancellation
WARNING: Unmatched cancel notification for request id 6
Feb 01, 2023 6:35:20 PM org.eclipse.lsp4j.jsonrpc.RemoteEndpoint handleCancellation
WARNING: Unmatched cancel notification for request id 10
Feb 01, 2023 6:35:20 PM org.eclipse.lsp4j.jsonrpc.RemoteEndpoint handleCancellation
WARNING: Unmatched cancel notification for request id 11
Feb 01, 2023 6:35:20 PM org.eclipse.lsp4j.jsonrpc.RemoteEndpoint handleCancellation
WARNING: Unmatched cancel notification for request id 12
2023.02.01 18:35:22 INFO  time: indexed workspace in 7.99s[0m
Feb 01, 2023 6:35:23 PM org.eclipse.lsp4j.jsonrpc.services.GenericEndpoint notify
INFO: Unsupported notification method: $/setTrace
Feb 01, 2023 6:45:40 PM org.eclipse.lsp4j.jsonrpc.services.GenericEndpoint notify
INFO: Unsupported notification method: $/setTrace
Feb 01, 2023 6:48:36 PM org.eclipse.lsp4j.jsonrpc.services.GenericEndpoint notify
INFO: Unsupported notification method: $/setTrace
2023.02.01 18:49:23 INFO  compiling root (1 scala source)[0m
2023.02.01 18:49:25 INFO  time: compiled root in 1.99s[0m
2023.02.01 18:49:25 WARN  Could not load snapshot text for /home/abrito/env/labs/apatheia/apatheia-p2p-protocol/src/main/scala/org/adrianobrito/error/NodeIdErrors.scala[0m
2023.02.01 18:49:26 WARN  Could not load snapshot text for /home/abrito/env/labs/apatheia/apatheia-p2p-protocol/src/main/scala/org/adrianobrito/error/NodeIdErrors.scala[0m
2023.02.01 18:49:29 WARN  Could not load snapshot text for /home/abrito/env/labs/apatheia/apatheia-p2p-protocol/src/main/scala/org/adrianobrito/error/NodeIdErrors.scala[0m
2023.02.01 18:49:35 WARN  Could not load snapshot text for /home/abrito/env/labs/apatheia/apatheia-p2p-protocol/src/main/scala/org/adrianobrito/error/NodeIdErrors.scala[0m
2023.02.01 18:49:36 WARN  Could not load snapshot text for /home/abrito/env/labs/apatheia/apatheia-p2p-protocol/src/main/scala/org/adrianobrito/error/NodeIdErrors.scala[0m
2023.02.01 18:49:35 WARN  Could not load snapshot text for /home/abrito/env/labs/apatheia/apatheia-p2p-protocol/src/main/scala/org/adrianobrito/error/NodeIdErrors.scala[0m
2023.02.01 18:49:37 WARN  Could not load snapshot text for /home/abrito/env/labs/apatheia/apatheia-p2p-protocol/src/main/scala/org/adrianobrito/error/NodeIdErrors.scala[0m
2023.02.01 18:49:40 WARN  Could not load snapshot text for /home/abrito/env/labs/apatheia/apatheia-p2p-protocol/src/main/scala/org/adrianobrito/error/NodeIdErrors.scala[0m
2023.02.01 18:49:41 INFO  compiling root (1 scala source)[0m
2023.02.01 18:49:42 INFO  time: compiled root in 1.13s[0m
2023.02.01 18:49:48 INFO  compiling root (1 scala source)[0m
2023.02.01 18:49:49 INFO  time: compiled root in 1.08s[0m
2023.02.01 18:50:00 INFO  compiling root (1 scala source)[0m
2023.02.01 18:50:00 INFO  time: compiled root in 0.48s[0m
2023.02.01 18:50:09 INFO  compiling root (1 scala source)[0m
2023.02.01 18:50:09 INFO  time: compiled root in 0.92s[0m
Feb 01, 2023 6:50:24 PM org.eclipse.lsp4j.jsonrpc.RemoteEndpoint handleCancellation
WARNING: Unmatched cancel notification for request id 252
Feb 01, 2023 6:50:24 PM scala.meta.internal.pc.CompilerAccess retryWithCleanCompiler
INFO: compiler crashed due to an error in the Scala compiler, retrying with new compiler instance.
Feb 01, 2023 6:50:25 PM org.eclipse.lsp4j.jsonrpc.RemoteEndpoint handleCancellation
WARNING: Unmatched cancel notification for request id 257
Feb 01, 2023 6:50:34 PM org.eclipse.lsp4j.jsonrpc.RemoteEndpoint handleCancellation
WARNING: Unmatched cancel notification for request id 279
2023.02.01 18:50:38 INFO  file:///home/abrito/env/labs/apatheia/apatheia-p2p-protocol/src/main/scala/org/adrianobrito/validation/NodeIdValidation.scala:7:1: stale bloop error: class NodeIdValidation needs to be abstract. Missing implementation for:
  def validate(t: org.adrianobrito.model.NodeId): Either[org.adrianobrito.model.NodeId,org.adrianobrito.error.NodeIdErrors] // inherited from trait Valid
class NodeIdValidation extends Valid[NodeId, NodeIdErrors] {}
^^^^^^^^^^^^^^^^^^^^^^^^^^^^^^^^^^^^^^^^^^^^^^^^^^^^^^^^^^^^^[0m
2023.02.01 18:50:38 INFO  file:///home/abrito/env/labs/apatheia/apatheia-p2p-protocol/src/main/scala/org/adrianobrito/validation/NodeIdValidation.scala:7:1: stale bloop error: class NodeIdValidation needs to be abstract. Missing implementation for:
  def validate(t: org.adrianobrito.model.NodeId): Either[org.adrianobrito.model.NodeId,org.adrianobrito.error.NodeIdErrors] // inherited from trait Valid
class NodeIdValidation extends Valid[NodeId, NodeIdErrors] {}
^^^^^^^^^^^^^^^^^^^^^^^^^^^^^^^^^^^^^^^^^^^^^^^^^^^^^^^^^^^^^[0m
Feb 01, 2023 6:50:43 PM scala.meta.internal.pc.CompilerAccess retryWithCleanCompiler
INFO: compiler crashed due to an error in the Scala compiler, retrying with new compiler instance.
Feb 01, 2023 6:50:43 PM org.eclipse.lsp4j.jsonrpc.RemoteEndpoint handleCancellation
WARNING: Unmatched cancel notification for request id 320
2023.02.01 18:50:53 INFO  compiling root (1 scala source)[0m
2023.02.01 18:50:53 INFO  time: compiled root in 0.35s[0m
Feb 01, 2023 6:50:58 PM org.eclipse.lsp4j.jsonrpc.RemoteEndpoint handleCancellation
WARNING: Unmatched cancel notification for request id 372
Feb 01, 2023 6:50:58 PM org.eclipse.lsp4j.jsonrpc.RemoteEndpoint handleCancellation
WARNING: Unmatched cancel notification for request id 373
Feb 01, 2023 6:50:58 PM org.eclipse.lsp4j.jsonrpc.RemoteEndpoint handleCancellation
WARNING: Unmatched cancel notification for request id 374
Feb 01, 2023 6:51:01 PM org.eclipse.lsp4j.jsonrpc.RemoteEndpoint handleCancellation
WARNING: Unmatched cancel notification for request id 383
Feb 01, 2023 6:51:01 PM org.eclipse.lsp4j.jsonrpc.RemoteEndpoint handleCancellation
WARNING: Unmatched cancel notification for request id 387
2023.02.01 18:51:08 INFO  compiling root (1 scala source)[0m
2023.02.01 18:51:08 INFO  time: compiled root in 0.23s[0m
2023.02.01 18:51:44 INFO  compiling root (1 scala source)[0m
2023.02.01 18:51:44 INFO  time: compiled root in 0.24s[0m
2023.02.01 18:51:58 INFO  compiling root (1 scala source)[0m
2023.02.01 18:51:58 INFO  time: compiled root in 0.49s[0m
2023.02.01 18:52:02 INFO  compiling root (1 scala source)[0m
2023.02.01 18:52:02 INFO  time: compiled root in 0.23s[0m
2023.02.01 18:52:38 INFO  compiling root (1 scala source)[0m
2023.02.01 18:52:39 INFO  time: compiled root in 1.03s[0m
2023.02.01 18:53:01 INFO  compiling root (2 scala sources)[0m
2023.02.01 18:53:01 INFO  time: compiled root in 0.23s[0m
2023.02.01 18:53:04 INFO  compiling root (2 scala sources)[0m
2023.02.01 18:53:04 INFO  time: compiled root in 0.19s[0m
2023.02.01 18:53:11 INFO  compiling root (2 scala sources)[0m
2023.02.01 18:53:11 INFO  time: compiled root in 0.26s[0m
2023.02.01 18:53:13 INFO  compiling root (2 scala sources)[0m
2023.02.01 18:53:13 INFO  time: compiled root in 0.21s[0m
2023.02.01 18:53:17 INFO  compiling root (2 scala sources)[0m
2023.02.01 18:53:17 INFO  time: compiled root in 0.17s[0m
2023.02.01 18:54:21 INFO  compiling root (2 scala sources)[0m
2023.02.01 18:54:21 INFO  time: compiled root in 0.2s[0m
2023.02.01 18:54:29 INFO  compiling root (2 scala sources)[0m
2023.02.01 18:54:30 INFO  time: compiled root in 1.47s[0m
Feb 01, 2023 6:57:57 PM scala.meta.internal.pc.CompilerAccess retryWithCleanCompiler
INFO: compiler crashed due to an error in the Scala compiler, retrying with new compiler instance.
Feb 01, 2023 6:57:57 PM scala.meta.internal.pc.CompilerAccess handleError
SEVERE: implicit class <error> extends  (of class scala.reflect.internal.Trees$ClassDef)
scala.MatchError: implicit class <error> extends  (of class scala.reflect.internal.Trees$ClassDef)
	at scala.tools.nsc.typechecker.Unapplies.constrParamss(Unapplies.scala:88)
	at scala.tools.nsc.typechecker.Unapplies.factoryMeth(Unapplies.scala:139)
	at scala.tools.nsc.typechecker.Unapplies.factoryMeth$(Unapplies.scala:136)
	at scala.meta.internal.pc.MetalsGlobal$MetalsInteractiveAnalyzer.factoryMeth(MetalsGlobal.scala:66)
	at scala.tools.nsc.typechecker.MethodSynthesis$MethodSynth.enterImplicitWrapper(MethodSynthesis.scala:238)
	at scala.tools.nsc.typechecker.MethodSynthesis$MethodSynth.enterImplicitWrapper$(MethodSynthesis.scala:237)
	at scala.tools.nsc.typechecker.Namers$Namer.enterImplicitWrapper(Namers.scala:57)
	at scala.tools.nsc.interactive.InteractiveAnalyzer$InteractiveNamer.enterExistingSym(Global.scala:95)
	at scala.tools.nsc.interactive.InteractiveAnalyzer$InteractiveNamer.enterExistingSym$(Global.scala:81)
	at scala.tools.nsc.interactive.InteractiveAnalyzer$$anon$2.enterExistingSym(Global.scala:51)
	at scala.tools.nsc.typechecker.Namers$Namer.standardEnterSym(Namers.scala:313)
	at scala.tools.nsc.typechecker.AnalyzerPlugins.pluginsEnterSym(AnalyzerPlugins.scala:478)
	at scala.tools.nsc.typechecker.AnalyzerPlugins.pluginsEnterSym$(AnalyzerPlugins.scala:477)
	at scala.meta.internal.pc.MetalsGlobal$MetalsInteractiveAnalyzer.pluginsEnterSym(MetalsGlobal.scala:66)
	at scala.tools.nsc.typechecker.Namers$Namer.enterSym(Namers.scala:287)
	at scala.tools.nsc.typechecker.Typers$Typer.enterSym(Typers.scala:1983)
	at scala.tools.nsc.typechecker.Typers$Typer.enterSyms(Typers.scala:1978)
	at scala.tools.nsc.typechecker.Typers$Typer.typedTemplate(Typers.scala:2038)
	at scala.tools.nsc.typechecker.Typers$Typer.typedModuleDef(Typers.scala:1938)
	at scala.tools.nsc.typechecker.Typers$Typer.typed1(Typers.scala:5934)
	at scala.tools.nsc.typechecker.Typers$Typer.typed(Typers.scala:6024)
	at scala.tools.nsc.typechecker.Typers$Typer.typedStat$1(Typers.scala:6102)
	at scala.tools.nsc.typechecker.Typers$Typer.$anonfun$typedStats$8(Typers.scala:3408)
	at scala.tools.nsc.typechecker.Typers$Typer.typedStats(Typers.scala:3408)
	at scala.tools.nsc.typechecker.Typers$Typer.typedPackageDef$1(Typers.scala:5630)
	at scala.tools.nsc.typechecker.Typers$Typer.typed1(Typers.scala:5936)
	at scala.tools.nsc.typechecker.Typers$Typer.typed(Typers.scala:6024)
	at scala.tools.nsc.typechecker.Analyzer$typerFactory$TyperPhase.apply(Analyzer.scala:115)
	at scala.tools.nsc.Global$GlobalPhase.applyPhase(Global.scala:454)
	at scala.tools.nsc.interactive.Global$TyperRun.applyPhase(Global.scala:1353)
	at scala.tools.nsc.interactive.Global$TyperRun.typeCheck(Global.scala:1346)
	at scala.tools.nsc.interactive.Global.typeCheck(Global.scala:670)
	at scala.tools.nsc.interactive.Global.typedTreeAt(Global.scala:819)
	at scala.tools.nsc.interactive.Global.completionsAt(Global.scala:1238)
	at scala.meta.internal.pc.CompletionProvider.safeCompletionsAt(CompletionProvider.scala:439)
	at scala.meta.internal.pc.CompletionProvider.completions(CompletionProvider.scala:58)

Feb 01, 2023 6:58:57 PM org.eclipse.lsp4j.jsonrpc.RemoteEndpoint handleCancellation
WARNING: Unmatched cancel notification for request id 927
something's wrong: no file:///home/abrito/env/labs/apatheia/apatheia-p2p-protocol/src/main/scala/org/adrianobrito/validation/NodeIdValidation.scala in org.adrianobrito.validation.Valid[<error>,<error>]RangePosition(file:///home/abrito/env/labs/apatheia/apatheia-p2p-protocol/src/main/scala/org/adrianobrito/validation/NodeIdValidation.scala, 452, 452, 472)
2023.02.01 18:59:28 INFO  compiling root (1 scala source)[0m
2023.02.01 18:59:28 INFO  time: compiled root in 0.16s[0m
2023.02.01 18:59:38 INFO  compiling root (1 scala source)[0m
2023.02.01 18:59:39 INFO  time: compiled root in 1.06s[0m
2023.02.01 19:05:33 INFO  compiling root-test (1 scala source)[0m
2023.02.01 19:05:33 INFO  time: compiled root-test in 0.6s[0m
2023.02.01 19:05:53 INFO  time: code lens generation in 4.26s[0m
2023.02.01 19:06:42 ERROR scalafmt: /home/abrito/env/labs/apatheia/apatheia-p2p-protocol/build.sbt:17: error: [dialect scala213] ) expected but string constant found
    "org.scalatest" %% "scalatest" % "3.2.15" % "test"
    ^[0m
Feb 01, 2023 7:06:43 PM scala.meta.internal.pc.CompilerAccess handleError
SEVERE: file%3A%2F%2F%2Fhome%2Fabrito%2Fenv%2Flabs%2Fapatheia%2Fapatheia-p2p-protocol%2Fbuild.sbt:23: error: ) expected but string constant found
    "org.scalatest" %% "scalatest" % "3.2.15" % "test"
    ^
file%3A%2F%2F%2Fhome%2Fabrito%2Fenv%2Flabs%2Fapatheia%2Fapatheia-p2p-protocol%2Fbuild.sbt:23: error: ) expected but string constant found
    "org.scalatest" %% "scalatest" % "3.2.15" % "test"
    ^
	at scala.meta.internal.parsers.Reporter.syntaxError(Reporter.scala:16)
	at scala.meta.internal.parsers.Reporter.syntaxError$(Reporter.scala:16)
	at scala.meta.internal.parsers.Reporter$$anon$1.syntaxError(Reporter.scala:22)
	at scala.meta.internal.parsers.Reporter.syntaxError(Reporter.scala:17)
	at scala.meta.internal.parsers.Reporter.syntaxError$(Reporter.scala:17)
	at scala.meta.internal.parsers.Reporter$$anon$1.syntaxError(Reporter.scala:22)
	at scala.meta.internal.parsers.ScalametaParser.syntaxErrorExpected(ScalametaParser.scala:400)
	at scala.meta.internal.parsers.ScalametaParser.accept(ScalametaParser.scala:404)
	at scala.meta.internal.parsers.ScalametaParser.scala$meta$internal$parsers$ScalametaParser$$inParensAfterOpen(ScalametaParser.scala:250)
	at scala.meta.internal.parsers.ScalametaParser.scala$meta$internal$parsers$ScalametaParser$$inParensAfterOpenOr(ScalametaParser.scala:255)
	at scala.meta.internal.parsers.ScalametaParser.scala$meta$internal$parsers$ScalametaParser$$inParensOnOpenOr(ScalametaParser.scala:246)
	at scala.meta.internal.parsers.ScalametaParser.$anonfun$scala$meta$internal$parsers$ScalametaParser$$getArgClause$1(ScalametaParser.scala:2362)
	at scala.meta.internal.parsers.ScalametaParser.atPos(ScalametaParser.scala:327)
	at scala.meta.internal.parsers.ScalametaParser.autoPos(ScalametaParser.scala:379)
	at scala.meta.internal.parsers.ScalametaParser.scala$meta$internal$parsers$ScalametaParser$$getArgClause(ScalametaParser.scala:2351)
	at scala.meta.internal.parsers.ScalametaParser.simpleExprRest(ScalametaParser.scala:2233)
	at scala.meta.internal.parsers.ScalametaParser.$anonfun$simpleExpr0$3(ScalametaParser.scala:2153)
	at scala.util.Success.$anonfun$map$1(Try.scala:255)
	at scala.util.Success.map(Try.scala:213)
	at scala.meta.internal.parsers.ScalametaParser.simpleExpr0(ScalametaParser.scala:2153)
	at scala.meta.internal.parsers.ScalametaParser.simpleExpr(ScalametaParser.scala:2103)
	at scala.meta.internal.parsers.ScalametaParser.prefixExpr(ScalametaParser.scala:2086)
	at scala.meta.internal.parsers.ScalametaParser.argumentExprsOrPrefixExpr(ScalametaParser.scala:2323)
	at scala.meta.internal.parsers.ScalametaParser.loop$6(ScalametaParser.scala:2052)
	at scala.meta.internal.parsers.ScalametaParser.postfixExpr(ScalametaParser.scala:2070)
	at scala.meta.internal.parsers.ScalametaParser.postfixExpr(ScalametaParser.scala:2007)
	at scala.meta.internal.parsers.ScalametaParser.$anonfun$expr$2(ScalametaParser.scala:1631)
	at scala.meta.internal.parsers.ScalametaParser.atPosOpt(ScalametaParser.scala:330)
	at scala.meta.internal.parsers.ScalametaParser.autoPosOpt(ScalametaParser.scala:380)
	at scala.meta.internal.parsers.ScalametaParser.expr(ScalametaParser.scala:1532)
	at scala.meta.internal.parsers.ScalametaParser.argumentExpr(ScalametaParser.scala:2348)
	at scala.meta.internal.parsers.ScalametaParser.$anonfun$argumentExprsInParens$1(ScalametaParser.scala:2375)
	at scala.meta.internal.parsers.ScalametaParser.iter$1(ScalametaParser.scala:613)
	at scala.meta.internal.parsers.ScalametaParser.$anonfun$tokenSeparated$1(ScalametaParser.scala:619)
	at scala.meta.internal.parsers.ScalametaParser.$anonfun$tokenSeparated$1$adapted(ScalametaParser.scala:606)
	at scala.meta.internal.parsers.ScalametaParser.scala$meta$internal$parsers$ScalametaParser$$listBy(ScalametaParser.scala:541)
	at scala.meta.internal.parsers.ScalametaParser.tokenSeparated(ScalametaParser.scala:606)
	at scala.meta.internal.parsers.ScalametaParser.commaSeparated(ScalametaParser.scala:623)
	at scala.meta.internal.parsers.ScalametaParser.argumentExprsInParens(ScalametaParser.scala:2375)
	at scala.meta.internal.parsers.ScalametaParser.$anonfun$scala$meta$internal$parsers$ScalametaParser$$getArgClause$2(ScalametaParser.scala:2361)
	at scala.meta.internal.parsers.ScalametaParser.scala$meta$internal$parsers$ScalametaParser$$inParensAfterOpenOr(ScalametaParser.scala:255)
	at scala.meta.internal.parsers.ScalametaParser.scala$meta$internal$parsers$ScalametaParser$$inParensOnOpenOr(ScalametaParser.scala:246)
	at scala.meta.internal.parsers.ScalametaParser.$anonfun$scala$meta$internal$parsers$ScalametaParser$$getArgClause$1(ScalametaParser.scala:2362)
	at scala.meta.internal.parsers.ScalametaParser.atPos(ScalametaParser.scala:327)
	at scala.meta.internal.parsers.ScalametaParser.autoPos(ScalametaParser.scala:379)
	at scala.meta.internal.parsers.ScalametaParser.scala$meta$internal$parsers$ScalametaParser$$getArgClause(ScalametaParser.scala:2351)
	at scala.meta.internal.parsers.ScalametaParser.simpleExprRest(ScalametaParser.scala:2233)
	at scala.meta.internal.parsers.ScalametaParser.$anonfun$simpleExpr0$3(ScalametaParser.scala:2153)
	at scala.util.Success.$anonfun$map$1(Try.scala:255)
	at scala.util.Success.map(Try.scala:213)
	at scala.meta.internal.parsers.ScalametaParser.simpleExpr0(ScalametaParser.scala:2153)
	at scala.meta.internal.parsers.ScalametaParser.simpleExpr(ScalametaParser.scala:2103)
	at scala.meta.internal.parsers.ScalametaParser.prefixExpr(ScalametaParser.scala:2086)
	at scala.meta.internal.parsers.ScalametaParser.postfixExpr(ScalametaParser.scala:2005)
	at scala.meta.internal.parsers.ScalametaParser.$anonfun$expr$2(ScalametaParser.scala:1631)
	at scala.meta.internal.parsers.ScalametaParser.atPosOpt(ScalametaParser.scala:330)
	at scala.meta.internal.parsers.ScalametaParser.autoPosOpt(ScalametaParser.scala:380)
	at scala.meta.internal.parsers.ScalametaParser.expr(ScalametaParser.scala:1532)
	at scala.meta.internal.parsers.ScalametaParser.expr(ScalametaParser.scala:1419)
	at scala.meta.internal.parsers.ScalametaParser.exprMaybeIndented(ScalametaParser.scala:1443)
	at scala.meta.internal.parsers.ScalametaParser.$anonfun$patDefOrDcl$1(ScalametaParser.scala:3427)
	at scala.meta.internal.parsers.ScalametaParser.autoEndPos(ScalametaParser.scala:382)
	at scala.meta.internal.parsers.ScalametaParser.autoEndPos(ScalametaParser.scala:387)
	at scala.meta.internal.parsers.ScalametaParser.patDefOrDcl(ScalametaParser.scala:3413)
	at scala.meta.internal.parsers.ScalametaParser.defOrDclOrSecondaryCtor(ScalametaParser.scala:3372)
	at scala.meta.internal.parsers.ScalametaParser.nonLocalDefOrDcl(ScalametaParser.scala:3357)
	at scala.meta.internal.parsers.ScalametaParser$$anonfun$1.applyOrElse(ScalametaParser.scala:4205)
	at scala.meta.internal.parsers.ScalametaParser$$anonfun$1.applyOrElse(ScalametaParser.scala:4200)
	at scala.PartialFunction.$anonfun$runWith$1$adapted(PartialFunction.scala:145)
	at scala.meta.internal.parsers.ScalametaParser.statSeqBuf(ScalametaParser.scala:4263)
	at scala.meta.internal.parsers.ScalametaParser.$anonfun$batchSource$14(ScalametaParser.scala:4476)
	at scala.Option.getOrElse(Option.scala:189)
	at scala.meta.internal.parsers.ScalametaParser.$anonfun$batchSource$1(ScalametaParser.scala:4476)
	at scala.meta.internal.parsers.ScalametaParser.atPos(ScalametaParser.scala:327)
	at scala.meta.internal.parsers.ScalametaParser.autoPos(ScalametaParser.scala:379)
	at scala.meta.internal.parsers.ScalametaParser.batchSource(ScalametaParser.scala:4431)
	at scala.meta.internal.parsers.ScalametaParser.$anonfun$source$1(ScalametaParser.scala:4424)
	at scala.meta.internal.parsers.ScalametaParser.atPos(ScalametaParser.scala:327)
	at scala.meta.internal.parsers.ScalametaParser.autoPos(ScalametaParser.scala:379)
	at scala.meta.internal.parsers.ScalametaParser.source(ScalametaParser.scala:4424)
	at scala.meta.internal.parsers.ScalametaParser.entrypointSource(ScalametaParser.scala:4429)
	at scala.meta.internal.parsers.ScalametaParser.parseSourceImpl(ScalametaParser.scala:129)
	at scala.meta.internal.parsers.ScalametaParser.$anonfun$parseSource$1(ScalametaParser.scala:126)
	at scala.meta.internal.parsers.ScalametaParser.parseRuleAfterBOF(ScalametaParser.scala:53)
	at scala.meta.internal.parsers.ScalametaParser.parseRule(ScalametaParser.scala:48)
	at scala.meta.internal.parsers.ScalametaParser.parseSource(ScalametaParser.scala:126)
	at scala.meta.parsers.Parse$.$anonfun$parseSource$1(Parse.scala:29)
	at scala.meta.parsers.Parse$$anon$1.apply(Parse.scala:36)
	at scala.meta.parsers.Api$XtensionParseDialectInput.parse(Api.scala:25)
	at scala.meta.internal.semanticdb.scalac.ParseOps$XtensionCompilationUnitSource.toSource(ParseOps.scala:17)
	at scala.meta.internal.semanticdb.scalac.TextDocumentOps$XtensionCompilationUnitDocument.toTextDocument(TextDocumentOps.scala:206)
	at scala.meta.internal.pc.SemanticdbTextDocumentProvider.textDocument(SemanticdbTextDocumentProvider.scala:54)

2023.02.01 19:06:47 INFO  running '/home/abrito/env/infra/jdk/jdk-8u231-linux-x64/jdk1.8.0_231/bin/java -Djline.terminal=jline.UnsupportedTerminal -Dsbt.log.noformat=true -Dfile.encoding=UTF-8 -jar /tmp/metals5635266752012028750/sbt-launch.jar -Dbloop.export-jar-classifiers=sources bloopInstall'[0m
2023.02.01 19:06:50 INFO  [info] welcome to sbt 1.7.2 (Oracle Corporation Java 1.8.0_231)[0m
2023.02.01 19:06:53 INFO  [info] loading global plugins from /home/abrito/.sbt/1.0/plugins[0m
2023.02.01 19:06:58 INFO  [info] loading settings for project apatheia-p2p-protocol-build-build from metals.sbt ...[0m
2023.02.01 19:06:58 INFO  [info] loading project definition from /home/abrito/env/labs/apatheia/apatheia-p2p-protocol/project/project[0m
2023.02.01 19:06:59 INFO  compiling root-test (1 scala source)[0m
2023.02.01 19:07:00 INFO  time: compiled root-test in 1.57s[0m
2023.02.01 19:07:00 INFO  [info] loading settings for project apatheia-p2p-protocol-build from metals.sbt ...[0m
2023.02.01 19:07:00 INFO  [info] loading project definition from /home/abrito/env/labs/apatheia/apatheia-p2p-protocol/project[0m
2023.02.01 19:07:05 INFO  [success] Generated .bloop/apatheia-p2p-protocol-build.json[0m
2023.02.01 19:07:05 INFO  [success] Total time: 4 s, completed Feb 1, 2023 7:07:05 PM[0m
2023.02.01 19:07:08 INFO  [info] loading settings for project root from build.sbt ...[0m
2023.02.01 19:07:08 INFO  [info] set current project to apatheia-p2p-protocol (in build file:/home/abrito/env/labs/apatheia/apatheia-p2p-protocol/)[0m
2023.02.01 19:07:13 INFO  [success] Generated .bloop/root.json[0m
2023.02.01 19:07:13 INFO  [success] Generated .bloop/root-test.json[0m
2023.02.01 19:07:13 INFO  [success] Total time: 5 s, completed Feb 1, 2023 7:07:13 PM[0m
2023.02.01 19:07:13 INFO  time: ran 'sbt bloopInstall' in 26s[0m
2023.02.01 19:07:13 INFO  Disconnecting from Bloop session...[0m
2023.02.01 19:07:13 INFO  Shut down connection with build server.[0m
2023.02.01 19:07:13 INFO  Shut down connection with build server.[0m
2023.02.01 19:07:14 INFO  Attempting to connect to the build server...[0m
2023.02.01 19:07:14 INFO  Bloop uses /home/abrito/env/infra/jdk/jdk-8u231-linux-x64/jdk1.8.0_231 defined at /home/abrito/.bloop/bloop.json[0m
2023.02.01 19:07:14 INFO  tracing is disabled for protocol BSP, to enable tracing of incoming and outgoing JSON messages create an empty file at /home/abrito/env/labs/apatheia/apatheia-p2p-protocol/.metals/bsp.trace.json or /home/abrito/.cache/metals/bsp.trace.json[0m
2023.02.01 19:07:14 INFO  Attempting to connect to the build server...[0m
2023.02.01 19:07:14 INFO  Bloop uses /home/abrito/env/infra/jdk/jdk-8u231-linux-x64/jdk1.8.0_231 defined at /home/abrito/.bloop/bloop.json[0m
2023.02.01 19:07:14 INFO  tracing is disabled for protocol BSP, to enable tracing of incoming and outgoing JSON messages create an empty file at /home/abrito/env/labs/apatheia/apatheia-p2p-protocol/project/.metals/bsp.trace.json or /home/abrito/.cache/metals/bsp.trace.json[0m
2023.02.01 19:07:14 INFO  time: Connected to build server in 0.19s[0m
2023.02.01 19:07:14 INFO  Connected to Build server: Bloop v1.5.6[0m
2023.02.01 19:07:16 INFO  time: indexed workspace in 1.86s[0m
2023.02.01 19:10:37 INFO  skipping build import with status 'Installed'[0m
2023.02.01 19:10:37 INFO  Deduplicating compilation of root from bsp client 'Metals 0.11.10' (since 3m 23.829s)[0m
2023.02.01 19:10:37 INFO  compiling root (7 scala sources)[0m
2023.02.01 19:10:37 INFO  compiling root (7 scala sources)[0m
2023.02.01 19:10:39 INFO  Deduplicating compilation of root-test from bsp client 'Metals 0.11.10' (since 3m 25.435s)[0m
2023.02.01 19:10:39 INFO  time: compiled root in 1.57s[0m
2023.02.01 19:10:39 INFO  compiling root-test (1 scala source)[0m
2023.02.01 19:10:39 INFO  compiling root-test (1 scala source)[0m
2023.02.01 19:10:40 INFO  time: compiled root-test in 1.13s[0m
2023.02.01 19:13:51 INFO  compiling root-test (1 scala source)[0m
2023.02.01 19:13:53 INFO  time: compiled root-test in 1.75s[0m
2023.02.01 19:14:13 INFO  compiling root-test (1 scala source)[0m
2023.02.01 19:14:13 WARN  Could not load snapshot text for /home/abrito/env/labs/apatheia/apatheia-p2p-protocol/src/test/scala/org/adrianobrito/model/NodeIdSpec.scala[0m
2023.02.01 19:14:13 WARN  Could not load snapshot text for /home/abrito/env/labs/apatheia/apatheia-p2p-protocol/src/test/scala/org/adrianobrito/model/NodeIdSpec.scala[0m
2023.02.01 19:14:13 WARN  Could not load snapshot text for /home/abrito/env/labs/apatheia/apatheia-p2p-protocol/src/test/scala/org/adrianobrito/model/NodeIdSpec.scala[0m
2023.02.01 19:14:13 WARN  Could not load snapshot text for /home/abrito/env/labs/apatheia/apatheia-p2p-protocol/src/test/scala/org/adrianobrito/model/NodeIdSpec.scala[0m
2023.02.01 19:14:13 WARN  Could not load snapshot text for /home/abrito/env/labs/apatheia/apatheia-p2p-protocol/src/test/scala/org/adrianobrito/model/NodeIdSpec.scala[0m
2023.02.01 19:14:13 WARN  Could not load snapshot text for /home/abrito/env/labs/apatheia/apatheia-p2p-protocol/src/test/scala/org/adrianobrito/model/NodeIdSpec.scala[0m
2023.02.01 19:14:14 WARN  Could not load snapshot text for /home/abrito/env/labs/apatheia/apatheia-p2p-protocol/src/test/scala/org/adrianobrito/model/NodeIdSpec.scala[0m
2023.02.01 19:14:14 WARN  Could not load snapshot text for /home/abrito/env/labs/apatheia/apatheia-p2p-protocol/src/test/scala/org/adrianobrito/model/NodeIdSpec.scala[0m
2023.02.01 19:14:14 WARN  Could not load snapshot text for /home/abrito/env/labs/apatheia/apatheia-p2p-protocol/src/test/scala/org/adrianobrito/model/NodeIdSpec.scala[0m
2023.02.01 19:14:14 WARN  Could not load snapshot text for /home/abrito/env/labs/apatheia/apatheia-p2p-protocol/src/test/scala/org/adrianobrito/model/NodeIdSpec.scala[0m
2023.02.01 19:14:15 WARN  Could not load snapshot text for /home/abrito/env/labs/apatheia/apatheia-p2p-protocol/src/test/scala/org/adrianobrito/model/NodeIdSpec.scala[0m
2023.02.01 19:14:14 WARN  Could not load snapshot text for /home/abrito/env/labs/apatheia/apatheia-p2p-protocol/src/test/scala/org/adrianobrito/model/NodeIdSpec.scala[0m
2023.02.01 19:14:14 WARN  Could not load snapshot text for /home/abrito/env/labs/apatheia/apatheia-p2p-protocol/src/test/scala/org/adrianobrito/model/NodeIdSpec.scala[0m
2023.02.01 19:14:15 INFO  time: compiled root-test in 2.36s[0m
2023.02.01 19:14:17 INFO  compiling root-test (1 scala source)[0m
2023.02.01 19:14:20 INFO  time: compiled root-test in 2.03s[0m
2023.02.01 19:14:30 INFO  compiling root-test (1 scala source)[0m
2023.02.01 19:14:32 INFO  time: compiled root-test in 1.72s[0m
2023.02.01 19:14:37 INFO  compiling root-test (1 scala source)[0m
2023.02.01 19:14:38 INFO  time: compiled root-test in 1.32s[0m
2023.02.01 19:16:23 INFO  compiling root (1 scala source)[0m
2023.02.01 19:16:23 INFO  time: compiled root in 0.82s[0m
Feb 01, 2023 7:18:37 PM scala.meta.internal.pc.CompilerAccess retryWithCleanCompiler
INFO: compiler crashed due to an error in the Scala compiler, retrying with new compiler instance.
Feb 01, 2023 7:18:38 PM scala.meta.internal.pc.CompilerAccess handleError
SEVERE: 
  Something is wrong: cannot find A in applied type org.adrianobrito.validation.ValidationOps
   sought  A in ValidationOps
 classSym  ValidationOps in validation
  tparams  

     while compiling: file:///home/abrito/env/labs/apatheia/apatheia-p2p-protocol/src/main/scala/org/adrianobrito/validation/ValidationOps.scala
        during phase: globalPhase=<no phase>, enteringPhase=parser
     library version: version 2.13.5
    compiler version: version 2.13.5
  reconstructed args: -classpath /home/abrito/env/labs/apatheia/apatheia-p2p-protocol/.bloop/root/bloop-bsp-clients-classes/classes-Metals-ackAJ6qlSXeMPyPpklA6uA==:/home/abrito/.cache/bloop/semanticdb/com.sourcegraph.semanticdb-javac.0.7.4/semanticdb-javac-0.7.4.jar:/home/abrito/.cache/coursier/v1/https/repo1.maven.org/maven2/org/scala-lang/scala-library/2.13.5/scala-library-2.13.5.jar:/home/abrito/.cache/coursier/v1/https/repo1.maven.org/maven2/org/typelevel/cats-effect_2.13/3.3.12/cats-effect_2.13-3.3.12.jar:/home/abrito/.cache/coursier/v1/https/repo1.maven.org/maven2/org/typelevel/cats-effect-kernel_2.13/3.3.12/cats-effect-kernel_2.13-3.3.12.jar:/home/abrito/.cache/coursier/v1/https/repo1.maven.org/maven2/org/typelevel/cats-effect-std_2.13/3.3.12/cats-effect-std_2.13-3.3.12.jar:/home/abrito/.cache/coursier/v1/https/repo1.maven.org/maven2/org/scalactic/scalactic_2.13/3.2.15/scalactic_2.13-3.2.15.jar:/home/abrito/.cache/coursier/v1/https/repo1.maven.org/maven2/org/typelevel/cats-core_2.13/2.7.0/cats-core_2.13-2.7.0.jar:/home/abrito/.cache/coursier/v1/https/repo1.maven.org/maven2/org/scala-lang/scala-reflect/2.13.5/scala-reflect-2.13.5.jar:/home/abrito/.cache/coursier/v1/https/repo1.maven.org/maven2/org/typelevel/cats-kernel_2.13/2.7.0/cats-kernel_2.13-2.7.0.jar:/home/abrito/.cache/coursier/v1/https/repo1.maven.org/maven2/org/typelevel/simulacrum-scalafix-annotations_2.13/0.5.4/simulacrum-scalafix-annotations_2.13-0.5.4.jar -Xplugin:/home/abrito/.cache/coursier/v1/https/repo1.maven.org/maven2/com/olegpy/better-monadic-for_2.13/0.3.1/better-monadic-for_2.13-0.3.1.jar -Xplugin-require:semanticdb -Yrangepos -Ymacro-expand:discard -Ycache-plugin-class-loader:last-modified -Ypresentation-any-thread

  last tree to typer: AppliedTypeTree(class <error: <none>>)
       tree position: line 3 of file:///home/abrito/env/labs/apatheia/apatheia-p2p-protocol/src/main/scala/org/adrianobrito/validation/ValidationOps.scala
              symbol: class <error: <none>>
   symbol definition: class <error: <none>> extends  (a ClassSymbol)
      symbol package: org.adrianobrito.validation
       symbol owners: class <error: <none>> -> value evidence$1 -> constructor ValidationOps -> class ValidationOps
           call site: <none> in <none>

== Source file context for tree position ==

     1 package org.adrianobrito.validation
     2 
     3 implicit class ValidationOps[A: V_CURSOR_](a: A) {
     4   def show = Show[A].show(a)
     5 }
     6 
     7 class ValidationOps {
scala.reflect.internal.FatalError: 
  Something is wrong: cannot find A in applied type org.adrianobrito.validation.ValidationOps
   sought  A in ValidationOps
 classSym  ValidationOps in validation
  tparams  

     while compiling: file:///home/abrito/env/labs/apatheia/apatheia-p2p-protocol/src/main/scala/org/adrianobrito/validation/ValidationOps.scala
        during phase: globalPhase=<no phase>, enteringPhase=parser
     library version: version 2.13.5
    compiler version: version 2.13.5
  reconstructed args: -classpath /home/abrito/env/labs/apatheia/apatheia-p2p-protocol/.bloop/root/bloop-bsp-clients-classes/classes-Metals-ackAJ6qlSXeMPyPpklA6uA==:/home/abrito/.cache/bloop/semanticdb/com.sourcegraph.semanticdb-javac.0.7.4/semanticdb-javac-0.7.4.jar:/home/abrito/.cache/coursier/v1/https/repo1.maven.org/maven2/org/scala-lang/scala-library/2.13.5/scala-library-2.13.5.jar:/home/abrito/.cache/coursier/v1/https/repo1.maven.org/maven2/org/typelevel/cats-effect_2.13/3.3.12/cats-effect_2.13-3.3.12.jar:/home/abrito/.cache/coursier/v1/https/repo1.maven.org/maven2/org/typelevel/cats-effect-kernel_2.13/3.3.12/cats-effect-kernel_2.13-3.3.12.jar:/home/abrito/.cache/coursier/v1/https/repo1.maven.org/maven2/org/typelevel/cats-effect-std_2.13/3.3.12/cats-effect-std_2.13-3.3.12.jar:/home/abrito/.cache/coursier/v1/https/repo1.maven.org/maven2/org/scalactic/scalactic_2.13/3.2.15/scalactic_2.13-3.2.15.jar:/home/abrito/.cache/coursier/v1/https/repo1.maven.org/maven2/org/typelevel/cats-core_2.13/2.7.0/cats-core_2.13-2.7.0.jar:/home/abrito/.cache/coursier/v1/https/repo1.maven.org/maven2/org/scala-lang/scala-reflect/2.13.5/scala-reflect-2.13.5.jar:/home/abrito/.cache/coursier/v1/https/repo1.maven.org/maven2/org/typelevel/cats-kernel_2.13/2.7.0/cats-kernel_2.13-2.7.0.jar:/home/abrito/.cache/coursier/v1/https/repo1.maven.org/maven2/org/typelevel/simulacrum-scalafix-annotations_2.13/0.5.4/simulacrum-scalafix-annotations_2.13-0.5.4.jar -Xplugin:/home/abrito/.cache/coursier/v1/https/repo1.maven.org/maven2/com/olegpy/better-monadic-for_2.13/0.3.1/better-monadic-for_2.13-0.3.1.jar -Xplugin-require:semanticdb -Yrangepos -Ymacro-expand:discard -Ycache-plugin-class-loader:last-modified -Ypresentation-any-thread

  last tree to typer: AppliedTypeTree(class <error: <none>>)
       tree position: line 3 of file:///home/abrito/env/labs/apatheia/apatheia-p2p-protocol/src/main/scala/org/adrianobrito/validation/ValidationOps.scala
              symbol: class <error: <none>>
   symbol definition: class <error: <none>> extends  (a ClassSymbol)
      symbol package: org.adrianobrito.validation
       symbol owners: class <error: <none>> -> value evidence$1 -> constructor ValidationOps -> class ValidationOps
           call site: <none> in <none>

== Source file context for tree position ==

     1 package org.adrianobrito.validation
     2 
     3 implicit class ValidationOps[A: V_CURSOR_](a: A) {
     4   def show = Show[A].show(a)
     5 }
     6 
     7 class ValidationOps {
	at scala.reflect.internal.Reporting.abort(Reporting.scala:69)
	at scala.reflect.internal.Reporting.abort$(Reporting.scala:65)
	at scala.reflect.internal.SymbolTable.abort(SymbolTable.scala:28)
	at scala.reflect.internal.tpe.TypeMaps$AsSeenFromMap.correspondingTypeArgument(TypeMaps.scala:530)
	at scala.reflect.internal.tpe.TypeMaps$AsSeenFromMap.loop$3(TypeMaps.scala:567)
	at scala.reflect.internal.tpe.TypeMaps$AsSeenFromMap.classParameterAsSeen(TypeMaps.scala:572)
	at scala.reflect.internal.tpe.TypeMaps$AsSeenFromMap.apply(TypeMaps.scala:445)
	at scala.reflect.internal.tpe.TypeMaps$TypeMap.applyToSymbolInfo(TypeMaps.scala:123)
	at scala.reflect.internal.tpe.TypeMaps$TypeMap.loop$1(TypeMaps.scala:117)
	at scala.reflect.internal.tpe.TypeMaps$TypeMap.firstChangedSymbol(TypeMaps.scala:121)
	at scala.reflect.internal.tpe.TypeMaps$TypeMap.mapOver(TypeMaps.scala:135)
	at scala.reflect.internal.Types$MethodType.mapOver(Types.scala:2936)
	at scala.reflect.internal.tpe.TypeMaps$AsSeenFromMap.apply(TypeMaps.scala:446)
	at scala.reflect.internal.Types$Type.asSeenFrom(Types.scala:705)
	at scala.reflect.internal.Types$Type.computeMemberType(Types.scala:740)
	at scala.reflect.internal.Symbols$MethodSymbol.typeAsMemberOf(Symbols.scala:3082)
	at scala.reflect.internal.Types$Type.memberType(Types.scala:731)
	at scala.tools.nsc.interactive.Global$Members.$anonfun$add$1(Global.scala:1004)
	at scala.tools.nsc.interactive.Global$OnTypeError.onTypeError(Global.scala:1371)
	at scala.tools.nsc.interactive.Global$Members.add(Global.scala:1004)
	at scala.tools.nsc.interactive.Global.addScopeMember$1(Global.scala:1033)
	at scala.tools.nsc.interactive.Global.$anonfun$scopeMembers$3(Global.scala:1055)
	at scala.tools.nsc.interactive.Global.$anonfun$scopeMembers$3$adapted(Global.scala:1054)
	at scala.reflect.internal.Scopes$Scope.foreach(Scopes.scala:455)
	at scala.tools.nsc.interactive.Global.scopeMembers(Global.scala:1054)
	at scala.tools.nsc.interactive.Global.completionsAt(Global.scala:1268)
	at scala.meta.internal.pc.CompletionProvider.safeCompletionsAt(CompletionProvider.scala:439)
	at scala.meta.internal.pc.CompletionProvider.completions(CompletionProvider.scala:58)

Feb 01, 2023 7:18:44 PM scala.meta.internal.pc.CompilerAccess retryWithCleanCompiler
INFO: compiler crashed due to an error in the Scala compiler, retrying with new compiler instance.
Feb 01, 2023 7:18:44 PM scala.meta.internal.pc.CompilerAccess handleError
SEVERE: 
  Something is wrong: cannot find A in applied type org.adrianobrito.validation.ValidationOps
   sought  A in ValidationOps
 classSym  ValidationOps in validation
  tparams  

     while compiling: file:///home/abrito/env/labs/apatheia/apatheia-p2p-protocol/src/main/scala/org/adrianobrito/validation/ValidationOps.scala
        during phase: globalPhase=<no phase>, enteringPhase=parser
     library version: version 2.13.5
    compiler version: version 2.13.5
  reconstructed args: -classpath /home/abrito/env/labs/apatheia/apatheia-p2p-protocol/.bloop/root/bloop-bsp-clients-classes/classes-Metals-ackAJ6qlSXeMPyPpklA6uA==:/home/abrito/.cache/bloop/semanticdb/com.sourcegraph.semanticdb-javac.0.7.4/semanticdb-javac-0.7.4.jar:/home/abrito/.cache/coursier/v1/https/repo1.maven.org/maven2/org/scala-lang/scala-library/2.13.5/scala-library-2.13.5.jar:/home/abrito/.cache/coursier/v1/https/repo1.maven.org/maven2/org/typelevel/cats-effect_2.13/3.3.12/cats-effect_2.13-3.3.12.jar:/home/abrito/.cache/coursier/v1/https/repo1.maven.org/maven2/org/typelevel/cats-effect-kernel_2.13/3.3.12/cats-effect-kernel_2.13-3.3.12.jar:/home/abrito/.cache/coursier/v1/https/repo1.maven.org/maven2/org/typelevel/cats-effect-std_2.13/3.3.12/cats-effect-std_2.13-3.3.12.jar:/home/abrito/.cache/coursier/v1/https/repo1.maven.org/maven2/org/scalactic/scalactic_2.13/3.2.15/scalactic_2.13-3.2.15.jar:/home/abrito/.cache/coursier/v1/https/repo1.maven.org/maven2/org/typelevel/cats-core_2.13/2.7.0/cats-core_2.13-2.7.0.jar:/home/abrito/.cache/coursier/v1/https/repo1.maven.org/maven2/org/scala-lang/scala-reflect/2.13.5/scala-reflect-2.13.5.jar:/home/abrito/.cache/coursier/v1/https/repo1.maven.org/maven2/org/typelevel/cats-kernel_2.13/2.7.0/cats-kernel_2.13-2.7.0.jar:/home/abrito/.cache/coursier/v1/https/repo1.maven.org/maven2/org/typelevel/simulacrum-scalafix-annotations_2.13/0.5.4/simulacrum-scalafix-annotations_2.13-0.5.4.jar -Xplugin:/home/abrito/.cache/coursier/v1/https/repo1.maven.org/maven2/com/olegpy/better-monadic-for_2.13/0.3.1/better-monadic-for_2.13-0.3.1.jar -Xplugin-require:semanticdb -Yrangepos -Ymacro-expand:discard -Ycache-plugin-class-loader:last-modified -Ypresentation-any-thread

  last tree to typer: AppliedTypeTree(trait Valid)
       tree position: line 3 of file:///home/abrito/env/labs/apatheia/apatheia-p2p-protocol/src/main/scala/org/adrianobrito/validation/ValidationOps.scala
            tree tpe: <error>
              symbol: abstract trait Valid in package validation
   symbol definition: abstract trait Valid[T <: <?>, E <: <?>] extends AnyRef (a ClassSymbol)
      symbol package: org.adrianobrito.validation
       symbol owners: trait Valid
           call site: <none> in <none>

== Source file context for tree position ==

     1 package org.adrianobrito.validation
     2 
     3 implicit class ValidationOps[A: Valid](a: A) {
     4   def show = V_CURSOR_[A].show(a)
     5 }
     6 
     7 class ValidationOps {
scala.reflect.internal.FatalError: 
  Something is wrong: cannot find A in applied type org.adrianobrito.validation.ValidationOps
   sought  A in ValidationOps
 classSym  ValidationOps in validation
  tparams  

     while compiling: file:///home/abrito/env/labs/apatheia/apatheia-p2p-protocol/src/main/scala/org/adrianobrito/validation/ValidationOps.scala
        during phase: globalPhase=<no phase>, enteringPhase=parser
     library version: version 2.13.5
    compiler version: version 2.13.5
  reconstructed args: -classpath /home/abrito/env/labs/apatheia/apatheia-p2p-protocol/.bloop/root/bloop-bsp-clients-classes/classes-Metals-ackAJ6qlSXeMPyPpklA6uA==:/home/abrito/.cache/bloop/semanticdb/com.sourcegraph.semanticdb-javac.0.7.4/semanticdb-javac-0.7.4.jar:/home/abrito/.cache/coursier/v1/https/repo1.maven.org/maven2/org/scala-lang/scala-library/2.13.5/scala-library-2.13.5.jar:/home/abrito/.cache/coursier/v1/https/repo1.maven.org/maven2/org/typelevel/cats-effect_2.13/3.3.12/cats-effect_2.13-3.3.12.jar:/home/abrito/.cache/coursier/v1/https/repo1.maven.org/maven2/org/typelevel/cats-effect-kernel_2.13/3.3.12/cats-effect-kernel_2.13-3.3.12.jar:/home/abrito/.cache/coursier/v1/https/repo1.maven.org/maven2/org/typelevel/cats-effect-std_2.13/3.3.12/cats-effect-std_2.13-3.3.12.jar:/home/abrito/.cache/coursier/v1/https/repo1.maven.org/maven2/org/scalactic/scalactic_2.13/3.2.15/scalactic_2.13-3.2.15.jar:/home/abrito/.cache/coursier/v1/https/repo1.maven.org/maven2/org/typelevel/cats-core_2.13/2.7.0/cats-core_2.13-2.7.0.jar:/home/abrito/.cache/coursier/v1/https/repo1.maven.org/maven2/org/scala-lang/scala-reflect/2.13.5/scala-reflect-2.13.5.jar:/home/abrito/.cache/coursier/v1/https/repo1.maven.org/maven2/org/typelevel/cats-kernel_2.13/2.7.0/cats-kernel_2.13-2.7.0.jar:/home/abrito/.cache/coursier/v1/https/repo1.maven.org/maven2/org/typelevel/simulacrum-scalafix-annotations_2.13/0.5.4/simulacrum-scalafix-annotations_2.13-0.5.4.jar -Xplugin:/home/abrito/.cache/coursier/v1/https/repo1.maven.org/maven2/com/olegpy/better-monadic-for_2.13/0.3.1/better-monadic-for_2.13-0.3.1.jar -Xplugin-require:semanticdb -Yrangepos -Ymacro-expand:discard -Ycache-plugin-class-loader:last-modified -Ypresentation-any-thread

  last tree to typer: AppliedTypeTree(trait Valid)
       tree position: line 3 of file:///home/abrito/env/labs/apatheia/apatheia-p2p-protocol/src/main/scala/org/adrianobrito/validation/ValidationOps.scala
            tree tpe: <error>
              symbol: abstract trait Valid in package validation
   symbol definition: abstract trait Valid[T <: <?>, E <: <?>] extends AnyRef (a ClassSymbol)
      symbol package: org.adrianobrito.validation
       symbol owners: trait Valid
           call site: <none> in <none>

== Source file context for tree position ==

     1 package org.adrianobrito.validation
     2 
     3 implicit class ValidationOps[A: Valid](a: A) {
     4   def show = V_CURSOR_[A].show(a)
     5 }
     6 
     7 class ValidationOps {
	at scala.reflect.internal.Reporting.abort(Reporting.scala:69)
	at scala.reflect.internal.Reporting.abort$(Reporting.scala:65)
	at scala.reflect.internal.SymbolTable.abort(SymbolTable.scala:28)
	at scala.reflect.internal.tpe.TypeMaps$AsSeenFromMap.correspondingTypeArgument(TypeMaps.scala:530)
	at scala.reflect.internal.tpe.TypeMaps$AsSeenFromMap.loop$3(TypeMaps.scala:567)
	at scala.reflect.internal.tpe.TypeMaps$AsSeenFromMap.classParameterAsSeen(TypeMaps.scala:572)
	at scala.reflect.internal.tpe.TypeMaps$AsSeenFromMap.apply(TypeMaps.scala:445)
	at scala.reflect.internal.tpe.TypeMaps$TypeMap.applyToSymbolInfo(TypeMaps.scala:123)
	at scala.reflect.internal.tpe.TypeMaps$TypeMap.loop$1(TypeMaps.scala:117)
	at scala.reflect.internal.tpe.TypeMaps$TypeMap.firstChangedSymbol(TypeMaps.scala:121)
	at scala.reflect.internal.tpe.TypeMaps$TypeMap.mapOver(TypeMaps.scala:135)
	at scala.reflect.internal.Types$MethodType.mapOver(Types.scala:2936)
	at scala.reflect.internal.tpe.TypeMaps$AsSeenFromMap.apply(TypeMaps.scala:446)
	at scala.reflect.internal.Types$Type.asSeenFrom(Types.scala:705)
	at scala.reflect.internal.Types$Type.computeMemberType(Types.scala:740)
	at scala.reflect.internal.Symbols$MethodSymbol.typeAsMemberOf(Symbols.scala:3082)
	at scala.reflect.internal.Types$Type.memberType(Types.scala:731)
	at scala.tools.nsc.interactive.Global$Members.$anonfun$add$1(Global.scala:1004)
	at scala.tools.nsc.interactive.Global$OnTypeError.onTypeError(Global.scala:1371)
	at scala.tools.nsc.interactive.Global$Members.add(Global.scala:1004)
	at scala.tools.nsc.interactive.Global.addScopeMember$1(Global.scala:1033)
	at scala.tools.nsc.interactive.Global.$anonfun$scopeMembers$3(Global.scala:1055)
	at scala.tools.nsc.interactive.Global.$anonfun$scopeMembers$3$adapted(Global.scala:1054)
	at scala.reflect.internal.Scopes$Scope.foreach(Scopes.scala:455)
	at scala.tools.nsc.interactive.Global.scopeMembers(Global.scala:1054)
	at scala.tools.nsc.interactive.Global.completionsAt(Global.scala:1268)
	at scala.meta.internal.pc.CompletionProvider.safeCompletionsAt(CompletionProvider.scala:439)
	at scala.meta.internal.pc.CompletionProvider.completions(CompletionProvider.scala:58)

Feb 01, 2023 7:19:35 PM scala.meta.internal.pc.CompilerAccess retryWithCleanCompiler
INFO: compiler crashed due to an error in the Scala compiler, retrying with new compiler instance.
Feb 01, 2023 7:19:35 PM scala.meta.internal.pc.CompilerAccess handleError
SEVERE: 
  Something is wrong: cannot find A in applied type org.adrianobrito.validation.ValidationOps
   sought  A in ValidationOps
 classSym  ValidationOps in validation
  tparams  

     while compiling: file:///home/abrito/env/labs/apatheia/apatheia-p2p-protocol/src/main/scala/org/adrianobrito/validation/ValidationOps.scala
        during phase: globalPhase=<no phase>, enteringPhase=parser
     library version: version 2.13.5
    compiler version: version 2.13.5
  reconstructed args: -classpath /home/abrito/env/labs/apatheia/apatheia-p2p-protocol/.bloop/root/bloop-bsp-clients-classes/classes-Metals-ackAJ6qlSXeMPyPpklA6uA==:/home/abrito/.cache/bloop/semanticdb/com.sourcegraph.semanticdb-javac.0.7.4/semanticdb-javac-0.7.4.jar:/home/abrito/.cache/coursier/v1/https/repo1.maven.org/maven2/org/scala-lang/scala-library/2.13.5/scala-library-2.13.5.jar:/home/abrito/.cache/coursier/v1/https/repo1.maven.org/maven2/org/typelevel/cats-effect_2.13/3.3.12/cats-effect_2.13-3.3.12.jar:/home/abrito/.cache/coursier/v1/https/repo1.maven.org/maven2/org/typelevel/cats-effect-kernel_2.13/3.3.12/cats-effect-kernel_2.13-3.3.12.jar:/home/abrito/.cache/coursier/v1/https/repo1.maven.org/maven2/org/typelevel/cats-effect-std_2.13/3.3.12/cats-effect-std_2.13-3.3.12.jar:/home/abrito/.cache/coursier/v1/https/repo1.maven.org/maven2/org/scalactic/scalactic_2.13/3.2.15/scalactic_2.13-3.2.15.jar:/home/abrito/.cache/coursier/v1/https/repo1.maven.org/maven2/org/typelevel/cats-core_2.13/2.7.0/cats-core_2.13-2.7.0.jar:/home/abrito/.cache/coursier/v1/https/repo1.maven.org/maven2/org/scala-lang/scala-reflect/2.13.5/scala-reflect-2.13.5.jar:/home/abrito/.cache/coursier/v1/https/repo1.maven.org/maven2/org/typelevel/cats-kernel_2.13/2.7.0/cats-kernel_2.13-2.7.0.jar:/home/abrito/.cache/coursier/v1/https/repo1.maven.org/maven2/org/typelevel/simulacrum-scalafix-annotations_2.13/0.5.4/simulacrum-scalafix-annotations_2.13-0.5.4.jar -Xplugin:/home/abrito/.cache/coursier/v1/https/repo1.maven.org/maven2/com/olegpy/better-monadic-for_2.13/0.3.1/better-monadic-for_2.13-0.3.1.jar -Xplugin-require:semanticdb -Yrangepos -Ymacro-expand:discard -Ycache-plugin-class-loader:last-modified -Ypresentation-any-thread

  last tree to typer: AppliedTypeTree(class <error: <none>>)
       tree position: line 3 of file:///home/abrito/env/labs/apatheia/apatheia-p2p-protocol/src/main/scala/org/adrianobrito/validation/ValidationOps.scala
              symbol: class <error: <none>>
   symbol definition: class <error: <none>> extends  (a ClassSymbol)
      symbol package: org.adrianobrito.validation
       symbol owners: class <error: <none>> -> value evidence$2 -> constructor ValidationOps -> class ValidationOps
           call site: <none> in <none>

== Source file context for tree position ==

     1 package org.adrianobrito.validation
     2 
     3 implicit class ValidationOps[A: Valid, E: E_CURSOR_](a: A) {
     4   def show = Valid[A].validate()
     5 }
     6 
     7 class ValidationOps {
scala.reflect.internal.FatalError: 
  Something is wrong: cannot find A in applied type org.adrianobrito.validation.ValidationOps
   sought  A in ValidationOps
 classSym  ValidationOps in validation
  tparams  

     while compiling: file:///home/abrito/env/labs/apatheia/apatheia-p2p-protocol/src/main/scala/org/adrianobrito/validation/ValidationOps.scala
        during phase: globalPhase=<no phase>, enteringPhase=parser
     library version: version 2.13.5
    compiler version: version 2.13.5
  reconstructed args: -classpath /home/abrito/env/labs/apatheia/apatheia-p2p-protocol/.bloop/root/bloop-bsp-clients-classes/classes-Metals-ackAJ6qlSXeMPyPpklA6uA==:/home/abrito/.cache/bloop/semanticdb/com.sourcegraph.semanticdb-javac.0.7.4/semanticdb-javac-0.7.4.jar:/home/abrito/.cache/coursier/v1/https/repo1.maven.org/maven2/org/scala-lang/scala-library/2.13.5/scala-library-2.13.5.jar:/home/abrito/.cache/coursier/v1/https/repo1.maven.org/maven2/org/typelevel/cats-effect_2.13/3.3.12/cats-effect_2.13-3.3.12.jar:/home/abrito/.cache/coursier/v1/https/repo1.maven.org/maven2/org/typelevel/cats-effect-kernel_2.13/3.3.12/cats-effect-kernel_2.13-3.3.12.jar:/home/abrito/.cache/coursier/v1/https/repo1.maven.org/maven2/org/typelevel/cats-effect-std_2.13/3.3.12/cats-effect-std_2.13-3.3.12.jar:/home/abrito/.cache/coursier/v1/https/repo1.maven.org/maven2/org/scalactic/scalactic_2.13/3.2.15/scalactic_2.13-3.2.15.jar:/home/abrito/.cache/coursier/v1/https/repo1.maven.org/maven2/org/typelevel/cats-core_2.13/2.7.0/cats-core_2.13-2.7.0.jar:/home/abrito/.cache/coursier/v1/https/repo1.maven.org/maven2/org/scala-lang/scala-reflect/2.13.5/scala-reflect-2.13.5.jar:/home/abrito/.cache/coursier/v1/https/repo1.maven.org/maven2/org/typelevel/cats-kernel_2.13/2.7.0/cats-kernel_2.13-2.7.0.jar:/home/abrito/.cache/coursier/v1/https/repo1.maven.org/maven2/org/typelevel/simulacrum-scalafix-annotations_2.13/0.5.4/simulacrum-scalafix-annotations_2.13-0.5.4.jar -Xplugin:/home/abrito/.cache/coursier/v1/https/repo1.maven.org/maven2/com/olegpy/better-monadic-for_2.13/0.3.1/better-monadic-for_2.13-0.3.1.jar -Xplugin-require:semanticdb -Yrangepos -Ymacro-expand:discard -Ycache-plugin-class-loader:last-modified -Ypresentation-any-thread

  last tree to typer: AppliedTypeTree(class <error: <none>>)
       tree position: line 3 of file:///home/abrito/env/labs/apatheia/apatheia-p2p-protocol/src/main/scala/org/adrianobrito/validation/ValidationOps.scala
              symbol: class <error: <none>>
   symbol definition: class <error: <none>> extends  (a ClassSymbol)
      symbol package: org.adrianobrito.validation
       symbol owners: class <error: <none>> -> value evidence$2 -> constructor ValidationOps -> class ValidationOps
           call site: <none> in <none>

== Source file context for tree position ==

     1 package org.adrianobrito.validation
     2 
     3 implicit class ValidationOps[A: Valid, E: E_CURSOR_](a: A) {
     4   def show = Valid[A].validate()
     5 }
     6 
     7 class ValidationOps {
	at scala.reflect.internal.Reporting.abort(Reporting.scala:69)
	at scala.reflect.internal.Reporting.abort$(Reporting.scala:65)
	at scala.reflect.internal.SymbolTable.abort(SymbolTable.scala:28)
	at scala.reflect.internal.tpe.TypeMaps$AsSeenFromMap.correspondingTypeArgument(TypeMaps.scala:530)
	at scala.reflect.internal.tpe.TypeMaps$AsSeenFromMap.loop$3(TypeMaps.scala:567)
	at scala.reflect.internal.tpe.TypeMaps$AsSeenFromMap.classParameterAsSeen(TypeMaps.scala:572)
	at scala.reflect.internal.tpe.TypeMaps$AsSeenFromMap.apply(TypeMaps.scala:445)
	at scala.reflect.internal.tpe.TypeMaps$TypeMap.applyToSymbolInfo(TypeMaps.scala:123)
	at scala.reflect.internal.tpe.TypeMaps$TypeMap.loop$1(TypeMaps.scala:117)
	at scala.reflect.internal.tpe.TypeMaps$TypeMap.firstChangedSymbol(TypeMaps.scala:121)
	at scala.reflect.internal.tpe.TypeMaps$TypeMap.mapOver(TypeMaps.scala:135)
	at scala.reflect.internal.Types$MethodType.mapOver(Types.scala:2936)
	at scala.reflect.internal.tpe.TypeMaps$AsSeenFromMap.apply(TypeMaps.scala:446)
	at scala.reflect.internal.Types$Type.asSeenFrom(Types.scala:705)
	at scala.reflect.internal.Types$Type.computeMemberType(Types.scala:740)
	at scala.reflect.internal.Symbols$MethodSymbol.typeAsMemberOf(Symbols.scala:3082)
	at scala.reflect.internal.Types$Type.memberType(Types.scala:731)
	at scala.tools.nsc.interactive.Global$Members.$anonfun$add$1(Global.scala:1004)
	at scala.tools.nsc.interactive.Global$OnTypeError.onTypeError(Global.scala:1371)
	at scala.tools.nsc.interactive.Global$Members.add(Global.scala:1004)
	at scala.tools.nsc.interactive.Global.addScopeMember$1(Global.scala:1033)
	at scala.tools.nsc.interactive.Global.$anonfun$scopeMembers$3(Global.scala:1055)
	at scala.tools.nsc.interactive.Global.$anonfun$scopeMembers$3$adapted(Global.scala:1054)
	at scala.reflect.internal.Scopes$Scope.foreach(Scopes.scala:455)
	at scala.tools.nsc.interactive.Global.scopeMembers(Global.scala:1054)
	at scala.tools.nsc.interactive.Global.completionsAt(Global.scala:1268)
	at scala.meta.internal.pc.CompletionProvider.safeCompletionsAt(CompletionProvider.scala:439)
	at scala.meta.internal.pc.CompletionProvider.completions(CompletionProvider.scala:58)

Feb 01, 2023 7:19:45 PM scala.meta.internal.pc.CompilerAccess retryWithCleanCompiler
INFO: compiler crashed due to an error in the Scala compiler, retrying with new compiler instance.
Feb 01, 2023 7:19:45 PM scala.meta.internal.pc.CompilerAccess handleError
SEVERE: 
  Something is wrong: cannot find A in applied type org.adrianobrito.validation.ValidationOps
   sought  A in ValidationOps
 classSym  ValidationOps in validation
  tparams  

     while compiling: file:///home/abrito/env/labs/apatheia/apatheia-p2p-protocol/src/main/scala/org/adrianobrito/validation/ValidationOps.scala
        during phase: globalPhase=<no phase>, enteringPhase=parser
     library version: version 2.13.5
    compiler version: version 2.13.5
  reconstructed args: -classpath /home/abrito/env/labs/apatheia/apatheia-p2p-protocol/.bloop/root/bloop-bsp-clients-classes/classes-Metals-ackAJ6qlSXeMPyPpklA6uA==:/home/abrito/.cache/bloop/semanticdb/com.sourcegraph.semanticdb-javac.0.7.4/semanticdb-javac-0.7.4.jar:/home/abrito/.cache/coursier/v1/https/repo1.maven.org/maven2/org/scala-lang/scala-library/2.13.5/scala-library-2.13.5.jar:/home/abrito/.cache/coursier/v1/https/repo1.maven.org/maven2/org/typelevel/cats-effect_2.13/3.3.12/cats-effect_2.13-3.3.12.jar:/home/abrito/.cache/coursier/v1/https/repo1.maven.org/maven2/org/typelevel/cats-effect-kernel_2.13/3.3.12/cats-effect-kernel_2.13-3.3.12.jar:/home/abrito/.cache/coursier/v1/https/repo1.maven.org/maven2/org/typelevel/cats-effect-std_2.13/3.3.12/cats-effect-std_2.13-3.3.12.jar:/home/abrito/.cache/coursier/v1/https/repo1.maven.org/maven2/org/scalactic/scalactic_2.13/3.2.15/scalactic_2.13-3.2.15.jar:/home/abrito/.cache/coursier/v1/https/repo1.maven.org/maven2/org/typelevel/cats-core_2.13/2.7.0/cats-core_2.13-2.7.0.jar:/home/abrito/.cache/coursier/v1/https/repo1.maven.org/maven2/org/scala-lang/scala-reflect/2.13.5/scala-reflect-2.13.5.jar:/home/abrito/.cache/coursier/v1/https/repo1.maven.org/maven2/org/typelevel/cats-kernel_2.13/2.7.0/cats-kernel_2.13-2.7.0.jar:/home/abrito/.cache/coursier/v1/https/repo1.maven.org/maven2/org/typelevel/simulacrum-scalafix-annotations_2.13/0.5.4/simulacrum-scalafix-annotations_2.13-0.5.4.jar -Xplugin:/home/abrito/.cache/coursier/v1/https/repo1.maven.org/maven2/com/olegpy/better-monadic-for_2.13/0.3.1/better-monadic-for_2.13-0.3.1.jar -Xplugin-require:semanticdb -Yrangepos -Ymacro-expand:discard -Ycache-plugin-class-loader:last-modified -Ypresentation-any-thread

  last tree to typer: Ident(scala)
       tree position: line 3 of file:///home/abrito/env/labs/apatheia/apatheia-p2p-protocol/src/main/scala/org/adrianobrito/validation/ValidationOps.scala
            tree tpe: scala.type
              symbol: final package scala
   symbol definition: final package scala (a ModuleSymbol)
      symbol package: <none>
       symbol owners: package scala
           call site: <none> in <none>

== Source file context for tree position ==

     1 package org.adrianobrito.validation
     2 
     3 implicit class ValidationOps[A: Valid, E: Error](a: A) {
     4   def show = Valid[A,_CURSOR_].validate()
     5 }
     6 
     7 class ValidationOps {
scala.reflect.internal.FatalError: 
  Something is wrong: cannot find A in applied type org.adrianobrito.validation.ValidationOps
   sought  A in ValidationOps
 classSym  ValidationOps in validation
  tparams  

     while compiling: file:///home/abrito/env/labs/apatheia/apatheia-p2p-protocol/src/main/scala/org/adrianobrito/validation/ValidationOps.scala
        during phase: globalPhase=<no phase>, enteringPhase=parser
     library version: version 2.13.5
    compiler version: version 2.13.5
  reconstructed args: -classpath /home/abrito/env/labs/apatheia/apatheia-p2p-protocol/.bloop/root/bloop-bsp-clients-classes/classes-Metals-ackAJ6qlSXeMPyPpklA6uA==:/home/abrito/.cache/bloop/semanticdb/com.sourcegraph.semanticdb-javac.0.7.4/semanticdb-javac-0.7.4.jar:/home/abrito/.cache/coursier/v1/https/repo1.maven.org/maven2/org/scala-lang/scala-library/2.13.5/scala-library-2.13.5.jar:/home/abrito/.cache/coursier/v1/https/repo1.maven.org/maven2/org/typelevel/cats-effect_2.13/3.3.12/cats-effect_2.13-3.3.12.jar:/home/abrito/.cache/coursier/v1/https/repo1.maven.org/maven2/org/typelevel/cats-effect-kernel_2.13/3.3.12/cats-effect-kernel_2.13-3.3.12.jar:/home/abrito/.cache/coursier/v1/https/repo1.maven.org/maven2/org/typelevel/cats-effect-std_2.13/3.3.12/cats-effect-std_2.13-3.3.12.jar:/home/abrito/.cache/coursier/v1/https/repo1.maven.org/maven2/org/scalactic/scalactic_2.13/3.2.15/scalactic_2.13-3.2.15.jar:/home/abrito/.cache/coursier/v1/https/repo1.maven.org/maven2/org/typelevel/cats-core_2.13/2.7.0/cats-core_2.13-2.7.0.jar:/home/abrito/.cache/coursier/v1/https/repo1.maven.org/maven2/org/scala-lang/scala-reflect/2.13.5/scala-reflect-2.13.5.jar:/home/abrito/.cache/coursier/v1/https/repo1.maven.org/maven2/org/typelevel/cats-kernel_2.13/2.7.0/cats-kernel_2.13-2.7.0.jar:/home/abrito/.cache/coursier/v1/https/repo1.maven.org/maven2/org/typelevel/simulacrum-scalafix-annotations_2.13/0.5.4/simulacrum-scalafix-annotations_2.13-0.5.4.jar -Xplugin:/home/abrito/.cache/coursier/v1/https/repo1.maven.org/maven2/com/olegpy/better-monadic-for_2.13/0.3.1/better-monadic-for_2.13-0.3.1.jar -Xplugin-require:semanticdb -Yrangepos -Ymacro-expand:discard -Ycache-plugin-class-loader:last-modified -Ypresentation-any-thread

  last tree to typer: Ident(scala)
       tree position: line 3 of file:///home/abrito/env/labs/apatheia/apatheia-p2p-protocol/src/main/scala/org/adrianobrito/validation/ValidationOps.scala
            tree tpe: scala.type
              symbol: final package scala
   symbol definition: final package scala (a ModuleSymbol)
      symbol package: <none>
       symbol owners: package scala
           call site: <none> in <none>

== Source file context for tree position ==

     1 package org.adrianobrito.validation
     2 
     3 implicit class ValidationOps[A: Valid, E: Error](a: A) {
     4   def show = Valid[A,_CURSOR_].validate()
     5 }
     6 
     7 class ValidationOps {
	at scala.reflect.internal.Reporting.abort(Reporting.scala:69)
	at scala.reflect.internal.Reporting.abort$(Reporting.scala:65)
	at scala.reflect.internal.SymbolTable.abort(SymbolTable.scala:28)
	at scala.reflect.internal.tpe.TypeMaps$AsSeenFromMap.correspondingTypeArgument(TypeMaps.scala:530)
	at scala.reflect.internal.tpe.TypeMaps$AsSeenFromMap.loop$3(TypeMaps.scala:567)
	at scala.reflect.internal.tpe.TypeMaps$AsSeenFromMap.classParameterAsSeen(TypeMaps.scala:572)
	at scala.reflect.internal.tpe.TypeMaps$AsSeenFromMap.apply(TypeMaps.scala:445)
	at scala.reflect.internal.tpe.TypeMaps$TypeMap.applyToSymbolInfo(TypeMaps.scala:123)
	at scala.reflect.internal.tpe.TypeMaps$TypeMap.loop$1(TypeMaps.scala:117)
	at scala.reflect.internal.tpe.TypeMaps$TypeMap.firstChangedSymbol(TypeMaps.scala:121)
	at scala.reflect.internal.tpe.TypeMaps$TypeMap.mapOver(TypeMaps.scala:135)
	at scala.reflect.internal.Types$MethodType.mapOver(Types.scala:2936)
	at scala.reflect.internal.tpe.TypeMaps$AsSeenFromMap.apply(TypeMaps.scala:446)
	at scala.reflect.internal.Types$Type.asSeenFrom(Types.scala:705)
	at scala.reflect.internal.Types$Type.computeMemberType(Types.scala:740)
	at scala.reflect.internal.Symbols$MethodSymbol.typeAsMemberOf(Symbols.scala:3082)
	at scala.reflect.internal.Types$Type.memberType(Types.scala:731)
	at scala.tools.nsc.interactive.Global$Members.$anonfun$add$1(Global.scala:1004)
	at scala.tools.nsc.interactive.Global$OnTypeError.onTypeError(Global.scala:1371)
	at scala.tools.nsc.interactive.Global$Members.add(Global.scala:1004)
	at scala.tools.nsc.interactive.Global.addScopeMember$1(Global.scala:1033)
	at scala.tools.nsc.interactive.Global.$anonfun$scopeMembers$3(Global.scala:1055)
	at scala.tools.nsc.interactive.Global.$anonfun$scopeMembers$3$adapted(Global.scala:1054)
	at scala.reflect.internal.Scopes$Scope.foreach(Scopes.scala:455)
	at scala.tools.nsc.interactive.Global.scopeMembers(Global.scala:1054)
	at scala.tools.nsc.interactive.Global.completionsAt(Global.scala:1268)
	at scala.meta.internal.pc.SignatureHelpProvider.$anonfun$treeSymbol$1(SignatureHelpProvider.scala:382)
	at scala.Option.map(Option.scala:242)
	at scala.meta.internal.pc.SignatureHelpProvider.treeSymbol(SignatureHelpProvider.scala:380)
	at scala.meta.internal.pc.SignatureHelpProvider$MethodCall$.unapply(SignatureHelpProvider.scala:187)
	at scala.meta.internal.pc.SignatureHelpProvider$MethodCallTraverser.visit(SignatureHelpProvider.scala:316)
	at scala.meta.internal.pc.SignatureHelpProvider$MethodCallTraverser.traverse(SignatureHelpProvider.scala:310)
	at scala.meta.internal.pc.SignatureHelpProvider$MethodCallTraverser.fromTree(SignatureHelpProvider.scala:279)
	at scala.meta.internal.pc.SignatureHelpProvider.signatureHelp(SignatureHelpProvider.scala:27)

Feb 01, 2023 7:19:46 PM scala.meta.internal.pc.CompilerAccess retryWithCleanCompiler
INFO: compiler crashed due to an error in the Scala compiler, retrying with new compiler instance.
Feb 01, 2023 7:19:46 PM scala.meta.internal.pc.CompilerAccess handleError
SEVERE: 
  Something is wrong: cannot find A in applied type org.adrianobrito.validation.ValidationOps
   sought  A in ValidationOps
 classSym  ValidationOps in validation
  tparams  

     while compiling: file:///home/abrito/env/labs/apatheia/apatheia-p2p-protocol/src/main/scala/org/adrianobrito/validation/ValidationOps.scala
        during phase: globalPhase=<no phase>, enteringPhase=parser
     library version: version 2.13.5
    compiler version: version 2.13.5
  reconstructed args: -classpath /home/abrito/env/labs/apatheia/apatheia-p2p-protocol/.bloop/root/bloop-bsp-clients-classes/classes-Metals-ackAJ6qlSXeMPyPpklA6uA==:/home/abrito/.cache/bloop/semanticdb/com.sourcegraph.semanticdb-javac.0.7.4/semanticdb-javac-0.7.4.jar:/home/abrito/.cache/coursier/v1/https/repo1.maven.org/maven2/org/scala-lang/scala-library/2.13.5/scala-library-2.13.5.jar:/home/abrito/.cache/coursier/v1/https/repo1.maven.org/maven2/org/typelevel/cats-effect_2.13/3.3.12/cats-effect_2.13-3.3.12.jar:/home/abrito/.cache/coursier/v1/https/repo1.maven.org/maven2/org/typelevel/cats-effect-kernel_2.13/3.3.12/cats-effect-kernel_2.13-3.3.12.jar:/home/abrito/.cache/coursier/v1/https/repo1.maven.org/maven2/org/typelevel/cats-effect-std_2.13/3.3.12/cats-effect-std_2.13-3.3.12.jar:/home/abrito/.cache/coursier/v1/https/repo1.maven.org/maven2/org/scalactic/scalactic_2.13/3.2.15/scalactic_2.13-3.2.15.jar:/home/abrito/.cache/coursier/v1/https/repo1.maven.org/maven2/org/typelevel/cats-core_2.13/2.7.0/cats-core_2.13-2.7.0.jar:/home/abrito/.cache/coursier/v1/https/repo1.maven.org/maven2/org/scala-lang/scala-reflect/2.13.5/scala-reflect-2.13.5.jar:/home/abrito/.cache/coursier/v1/https/repo1.maven.org/maven2/org/typelevel/cats-kernel_2.13/2.7.0/cats-kernel_2.13-2.7.0.jar:/home/abrito/.cache/coursier/v1/https/repo1.maven.org/maven2/org/typelevel/simulacrum-scalafix-annotations_2.13/0.5.4/simulacrum-scalafix-annotations_2.13-0.5.4.jar -Xplugin:/home/abrito/.cache/coursier/v1/https/repo1.maven.org/maven2/com/olegpy/better-monadic-for_2.13/0.3.1/better-monadic-for_2.13-0.3.1.jar -Xplugin-require:semanticdb -Yrangepos -Ymacro-expand:discard -Ycache-plugin-class-loader:last-modified -Ypresentation-any-thread

  last tree to typer: Ident(scala)
       tree position: line 3 of file:///home/abrito/env/labs/apatheia/apatheia-p2p-protocol/src/main/scala/org/adrianobrito/validation/ValidationOps.scala
            tree tpe: scala.type
              symbol: final package scala
   symbol definition: final package scala (a ModuleSymbol)
      symbol package: <none>
       symbol owners: package scala
           call site: <none> in <none>

== Source file context for tree position ==

     1 package org.adrianobrito.validation
     2 
     3 implicit class ValidationOps[A: Valid, E: Error](a: A) {
     4   def show = Valid[A, E_CURSOR_].validate()
     5 }
     6 
     7 class ValidationOps {
scala.reflect.internal.FatalError: 
  Something is wrong: cannot find A in applied type org.adrianobrito.validation.ValidationOps
   sought  A in ValidationOps
 classSym  ValidationOps in validation
  tparams  

     while compiling: file:///home/abrito/env/labs/apatheia/apatheia-p2p-protocol/src/main/scala/org/adrianobrito/validation/ValidationOps.scala
        during phase: globalPhase=<no phase>, enteringPhase=parser
     library version: version 2.13.5
    compiler version: version 2.13.5
  reconstructed args: -classpath /home/abrito/env/labs/apatheia/apatheia-p2p-protocol/.bloop/root/bloop-bsp-clients-classes/classes-Metals-ackAJ6qlSXeMPyPpklA6uA==:/home/abrito/.cache/bloop/semanticdb/com.sourcegraph.semanticdb-javac.0.7.4/semanticdb-javac-0.7.4.jar:/home/abrito/.cache/coursier/v1/https/repo1.maven.org/maven2/org/scala-lang/scala-library/2.13.5/scala-library-2.13.5.jar:/home/abrito/.cache/coursier/v1/https/repo1.maven.org/maven2/org/typelevel/cats-effect_2.13/3.3.12/cats-effect_2.13-3.3.12.jar:/home/abrito/.cache/coursier/v1/https/repo1.maven.org/maven2/org/typelevel/cats-effect-kernel_2.13/3.3.12/cats-effect-kernel_2.13-3.3.12.jar:/home/abrito/.cache/coursier/v1/https/repo1.maven.org/maven2/org/typelevel/cats-effect-std_2.13/3.3.12/cats-effect-std_2.13-3.3.12.jar:/home/abrito/.cache/coursier/v1/https/repo1.maven.org/maven2/org/scalactic/scalactic_2.13/3.2.15/scalactic_2.13-3.2.15.jar:/home/abrito/.cache/coursier/v1/https/repo1.maven.org/maven2/org/typelevel/cats-core_2.13/2.7.0/cats-core_2.13-2.7.0.jar:/home/abrito/.cache/coursier/v1/https/repo1.maven.org/maven2/org/scala-lang/scala-reflect/2.13.5/scala-reflect-2.13.5.jar:/home/abrito/.cache/coursier/v1/https/repo1.maven.org/maven2/org/typelevel/cats-kernel_2.13/2.7.0/cats-kernel_2.13-2.7.0.jar:/home/abrito/.cache/coursier/v1/https/repo1.maven.org/maven2/org/typelevel/simulacrum-scalafix-annotations_2.13/0.5.4/simulacrum-scalafix-annotations_2.13-0.5.4.jar -Xplugin:/home/abrito/.cache/coursier/v1/https/repo1.maven.org/maven2/com/olegpy/better-monadic-for_2.13/0.3.1/better-monadic-for_2.13-0.3.1.jar -Xplugin-require:semanticdb -Yrangepos -Ymacro-expand:discard -Ycache-plugin-class-loader:last-modified -Ypresentation-any-thread

  last tree to typer: Ident(scala)
       tree position: line 3 of file:///home/abrito/env/labs/apatheia/apatheia-p2p-protocol/src/main/scala/org/adrianobrito/validation/ValidationOps.scala
            tree tpe: scala.type
              symbol: final package scala
   symbol definition: final package scala (a ModuleSymbol)
      symbol package: <none>
       symbol owners: package scala
           call site: <none> in <none>

== Source file context for tree position ==

     1 package org.adrianobrito.validation
     2 
     3 implicit class ValidationOps[A: Valid, E: Error](a: A) {
     4   def show = Valid[A, E_CURSOR_].validate()
     5 }
     6 
     7 class ValidationOps {
	at scala.reflect.internal.Reporting.abort(Reporting.scala:69)
	at scala.reflect.internal.Reporting.abort$(Reporting.scala:65)
	at scala.reflect.internal.SymbolTable.abort(SymbolTable.scala:28)
	at scala.reflect.internal.tpe.TypeMaps$AsSeenFromMap.correspondingTypeArgument(TypeMaps.scala:530)
	at scala.reflect.internal.tpe.TypeMaps$AsSeenFromMap.loop$3(TypeMaps.scala:567)
	at scala.reflect.internal.tpe.TypeMaps$AsSeenFromMap.classParameterAsSeen(TypeMaps.scala:572)
	at scala.reflect.internal.tpe.TypeMaps$AsSeenFromMap.apply(TypeMaps.scala:445)
	at scala.reflect.internal.tpe.TypeMaps$TypeMap.applyToSymbolInfo(TypeMaps.scala:123)
	at scala.reflect.internal.tpe.TypeMaps$TypeMap.loop$1(TypeMaps.scala:117)
	at scala.reflect.internal.tpe.TypeMaps$TypeMap.firstChangedSymbol(TypeMaps.scala:121)
	at scala.reflect.internal.tpe.TypeMaps$TypeMap.mapOver(TypeMaps.scala:135)
	at scala.reflect.internal.Types$MethodType.mapOver(Types.scala:2936)
	at scala.reflect.internal.tpe.TypeMaps$AsSeenFromMap.apply(TypeMaps.scala:446)
	at scala.reflect.internal.Types$Type.asSeenFrom(Types.scala:705)
	at scala.reflect.internal.Types$Type.computeMemberType(Types.scala:740)
	at scala.reflect.internal.Symbols$MethodSymbol.typeAsMemberOf(Symbols.scala:3082)
	at scala.reflect.internal.Types$Type.memberType(Types.scala:731)
	at scala.tools.nsc.interactive.Global$Members.$anonfun$add$1(Global.scala:1004)
	at scala.tools.nsc.interactive.Global$OnTypeError.onTypeError(Global.scala:1371)
	at scala.tools.nsc.interactive.Global$Members.add(Global.scala:1004)
	at scala.tools.nsc.interactive.Global.addScopeMember$1(Global.scala:1033)
	at scala.tools.nsc.interactive.Global.$anonfun$scopeMembers$3(Global.scala:1055)
	at scala.tools.nsc.interactive.Global.$anonfun$scopeMembers$3$adapted(Global.scala:1054)
	at scala.reflect.internal.Scopes$Scope.foreach(Scopes.scala:455)
	at scala.tools.nsc.interactive.Global.scopeMembers(Global.scala:1054)
	at scala.tools.nsc.interactive.Global.completionsAt(Global.scala:1268)
	at scala.meta.internal.pc.CompletionProvider.safeCompletionsAt(CompletionProvider.scala:439)
	at scala.meta.internal.pc.CompletionProvider.completions(CompletionProvider.scala:58)

Feb 01, 2023 7:19:50 PM scala.meta.internal.pc.CompilerAccess retryWithCleanCompiler
INFO: compiler crashed due to an error in the Scala compiler, retrying with new compiler instance.
Feb 01, 2023 7:19:50 PM scala.meta.internal.pc.CompilerAccess handleError
SEVERE: 
  Something is wrong: cannot find A in applied type org.adrianobrito.validation.ValidationOps
   sought  A in ValidationOps
 classSym  ValidationOps in validation
  tparams  

     while compiling: file:///home/abrito/env/labs/apatheia/apatheia-p2p-protocol/src/main/scala/org/adrianobrito/validation/ValidationOps.scala
        during phase: globalPhase=<no phase>, enteringPhase=parser
     library version: version 2.13.5
    compiler version: version 2.13.5
  reconstructed args: -classpath /home/abrito/env/labs/apatheia/apatheia-p2p-protocol/.bloop/root/bloop-bsp-clients-classes/classes-Metals-ackAJ6qlSXeMPyPpklA6uA==:/home/abrito/.cache/bloop/semanticdb/com.sourcegraph.semanticdb-javac.0.7.4/semanticdb-javac-0.7.4.jar:/home/abrito/.cache/coursier/v1/https/repo1.maven.org/maven2/org/scala-lang/scala-library/2.13.5/scala-library-2.13.5.jar:/home/abrito/.cache/coursier/v1/https/repo1.maven.org/maven2/org/typelevel/cats-effect_2.13/3.3.12/cats-effect_2.13-3.3.12.jar:/home/abrito/.cache/coursier/v1/https/repo1.maven.org/maven2/org/typelevel/cats-effect-kernel_2.13/3.3.12/cats-effect-kernel_2.13-3.3.12.jar:/home/abrito/.cache/coursier/v1/https/repo1.maven.org/maven2/org/typelevel/cats-effect-std_2.13/3.3.12/cats-effect-std_2.13-3.3.12.jar:/home/abrito/.cache/coursier/v1/https/repo1.maven.org/maven2/org/scalactic/scalactic_2.13/3.2.15/scalactic_2.13-3.2.15.jar:/home/abrito/.cache/coursier/v1/https/repo1.maven.org/maven2/org/typelevel/cats-core_2.13/2.7.0/cats-core_2.13-2.7.0.jar:/home/abrito/.cache/coursier/v1/https/repo1.maven.org/maven2/org/scala-lang/scala-reflect/2.13.5/scala-reflect-2.13.5.jar:/home/abrito/.cache/coursier/v1/https/repo1.maven.org/maven2/org/typelevel/cats-kernel_2.13/2.7.0/cats-kernel_2.13-2.7.0.jar:/home/abrito/.cache/coursier/v1/https/repo1.maven.org/maven2/org/typelevel/simulacrum-scalafix-annotations_2.13/0.5.4/simulacrum-scalafix-annotations_2.13-0.5.4.jar -Xplugin:/home/abrito/.cache/coursier/v1/https/repo1.maven.org/maven2/com/olegpy/better-monadic-for_2.13/0.3.1/better-monadic-for_2.13-0.3.1.jar -Xplugin-require:semanticdb -Yrangepos -Ymacro-expand:discard -Ycache-plugin-class-loader:last-modified -Ypresentation-any-thread

  last tree to typer: Ident(scala)
       tree position: line 3 of file:///home/abrito/env/labs/apatheia/apatheia-p2p-protocol/src/main/scala/org/adrianobrito/validation/ValidationOps.scala
            tree tpe: scala.type
              symbol: final package scala
   symbol definition: final package scala (a ModuleSymbol)
      symbol package: <none>
       symbol owners: package scala
           call site: <none> in <none>

== Source file context for tree position ==

     1 package org.adrianobrito.validation
     2 
     3 implicit class ValidationOps[A: Valid, E: Error](a: A) {
     4   def va;o_CURSOR_ = Valid[A, E].validate()
     5 }
     6 
     7 class ValidationOps {
scala.reflect.internal.FatalError: 
  Something is wrong: cannot find A in applied type org.adrianobrito.validation.ValidationOps
   sought  A in ValidationOps
 classSym  ValidationOps in validation
  tparams  

     while compiling: file:///home/abrito/env/labs/apatheia/apatheia-p2p-protocol/src/main/scala/org/adrianobrito/validation/ValidationOps.scala
        during phase: globalPhase=<no phase>, enteringPhase=parser
     library version: version 2.13.5
    compiler version: version 2.13.5
  reconstructed args: -classpath /home/abrito/env/labs/apatheia/apatheia-p2p-protocol/.bloop/root/bloop-bsp-clients-classes/classes-Metals-ackAJ6qlSXeMPyPpklA6uA==:/home/abrito/.cache/bloop/semanticdb/com.sourcegraph.semanticdb-javac.0.7.4/semanticdb-javac-0.7.4.jar:/home/abrito/.cache/coursier/v1/https/repo1.maven.org/maven2/org/scala-lang/scala-library/2.13.5/scala-library-2.13.5.jar:/home/abrito/.cache/coursier/v1/https/repo1.maven.org/maven2/org/typelevel/cats-effect_2.13/3.3.12/cats-effect_2.13-3.3.12.jar:/home/abrito/.cache/coursier/v1/https/repo1.maven.org/maven2/org/typelevel/cats-effect-kernel_2.13/3.3.12/cats-effect-kernel_2.13-3.3.12.jar:/home/abrito/.cache/coursier/v1/https/repo1.maven.org/maven2/org/typelevel/cats-effect-std_2.13/3.3.12/cats-effect-std_2.13-3.3.12.jar:/home/abrito/.cache/coursier/v1/https/repo1.maven.org/maven2/org/scalactic/scalactic_2.13/3.2.15/scalactic_2.13-3.2.15.jar:/home/abrito/.cache/coursier/v1/https/repo1.maven.org/maven2/org/typelevel/cats-core_2.13/2.7.0/cats-core_2.13-2.7.0.jar:/home/abrito/.cache/coursier/v1/https/repo1.maven.org/maven2/org/scala-lang/scala-reflect/2.13.5/scala-reflect-2.13.5.jar:/home/abrito/.cache/coursier/v1/https/repo1.maven.org/maven2/org/typelevel/cats-kernel_2.13/2.7.0/cats-kernel_2.13-2.7.0.jar:/home/abrito/.cache/coursier/v1/https/repo1.maven.org/maven2/org/typelevel/simulacrum-scalafix-annotations_2.13/0.5.4/simulacrum-scalafix-annotations_2.13-0.5.4.jar -Xplugin:/home/abrito/.cache/coursier/v1/https/repo1.maven.org/maven2/com/olegpy/better-monadic-for_2.13/0.3.1/better-monadic-for_2.13-0.3.1.jar -Xplugin-require:semanticdb -Yrangepos -Ymacro-expand:discard -Ycache-plugin-class-loader:last-modified -Ypresentation-any-thread

  last tree to typer: Ident(scala)
       tree position: line 3 of file:///home/abrito/env/labs/apatheia/apatheia-p2p-protocol/src/main/scala/org/adrianobrito/validation/ValidationOps.scala
            tree tpe: scala.type
              symbol: final package scala
   symbol definition: final package scala (a ModuleSymbol)
      symbol package: <none>
       symbol owners: package scala
           call site: <none> in <none>

== Source file context for tree position ==

     1 package org.adrianobrito.validation
     2 
     3 implicit class ValidationOps[A: Valid, E: Error](a: A) {
     4   def va;o_CURSOR_ = Valid[A, E].validate()
     5 }
     6 
     7 class ValidationOps {
	at scala.reflect.internal.Reporting.abort(Reporting.scala:69)
	at scala.reflect.internal.Reporting.abort$(Reporting.scala:65)
	at scala.reflect.internal.SymbolTable.abort(SymbolTable.scala:28)
	at scala.reflect.internal.tpe.TypeMaps$AsSeenFromMap.correspondingTypeArgument(TypeMaps.scala:530)
	at scala.reflect.internal.tpe.TypeMaps$AsSeenFromMap.loop$3(TypeMaps.scala:567)
	at scala.reflect.internal.tpe.TypeMaps$AsSeenFromMap.classParameterAsSeen(TypeMaps.scala:572)
	at scala.reflect.internal.tpe.TypeMaps$AsSeenFromMap.apply(TypeMaps.scala:445)
	at scala.reflect.internal.tpe.TypeMaps$TypeMap.applyToSymbolInfo(TypeMaps.scala:123)
	at scala.reflect.internal.tpe.TypeMaps$TypeMap.loop$1(TypeMaps.scala:117)
	at scala.reflect.internal.tpe.TypeMaps$TypeMap.firstChangedSymbol(TypeMaps.scala:121)
	at scala.reflect.internal.tpe.TypeMaps$TypeMap.mapOver(TypeMaps.scala:135)
	at scala.reflect.internal.Types$MethodType.mapOver(Types.scala:2936)
	at scala.reflect.internal.tpe.TypeMaps$AsSeenFromMap.apply(TypeMaps.scala:446)
	at scala.reflect.internal.Types$Type.asSeenFrom(Types.scala:705)
	at scala.reflect.internal.Types$Type.computeMemberType(Types.scala:740)
	at scala.reflect.internal.Symbols$MethodSymbol.typeAsMemberOf(Symbols.scala:3082)
	at scala.reflect.internal.Types$Type.memberType(Types.scala:731)
	at scala.tools.nsc.interactive.Global$Members.$anonfun$add$1(Global.scala:1004)
	at scala.tools.nsc.interactive.Global$OnTypeError.onTypeError(Global.scala:1371)
	at scala.tools.nsc.interactive.Global$Members.add(Global.scala:1004)
	at scala.tools.nsc.interactive.Global.addScopeMember$1(Global.scala:1033)
	at scala.tools.nsc.interactive.Global.$anonfun$scopeMembers$3(Global.scala:1055)
	at scala.tools.nsc.interactive.Global.$anonfun$scopeMembers$3$adapted(Global.scala:1054)
	at scala.reflect.internal.Scopes$Scope.foreach(Scopes.scala:455)
	at scala.tools.nsc.interactive.Global.scopeMembers(Global.scala:1054)
	at scala.tools.nsc.interactive.Global.completionsAt(Global.scala:1268)
	at scala.meta.internal.pc.CompletionProvider.safeCompletionsAt(CompletionProvider.scala:439)
	at scala.meta.internal.pc.CompletionProvider.completions(CompletionProvider.scala:58)

Feb 01, 2023 7:19:50 PM scala.meta.internal.pc.CompilerAccess retryWithCleanCompiler
INFO: compiler crashed due to an error in the Scala compiler, retrying with new compiler instance.
Feb 01, 2023 7:19:50 PM scala.meta.internal.pc.CompilerAccess handleError
SEVERE: 
  Something is wrong: cannot find A in applied type org.adrianobrito.validation.ValidationOps
   sought  A in ValidationOps
 classSym  ValidationOps in validation
  tparams  

     while compiling: file:///home/abrito/env/labs/apatheia/apatheia-p2p-protocol/src/main/scala/org/adrianobrito/validation/ValidationOps.scala
        during phase: globalPhase=<no phase>, enteringPhase=parser
     library version: version 2.13.5
    compiler version: version 2.13.5
  reconstructed args: -classpath /home/abrito/env/labs/apatheia/apatheia-p2p-protocol/.bloop/root/bloop-bsp-clients-classes/classes-Metals-ackAJ6qlSXeMPyPpklA6uA==:/home/abrito/.cache/bloop/semanticdb/com.sourcegraph.semanticdb-javac.0.7.4/semanticdb-javac-0.7.4.jar:/home/abrito/.cache/coursier/v1/https/repo1.maven.org/maven2/org/scala-lang/scala-library/2.13.5/scala-library-2.13.5.jar:/home/abrito/.cache/coursier/v1/https/repo1.maven.org/maven2/org/typelevel/cats-effect_2.13/3.3.12/cats-effect_2.13-3.3.12.jar:/home/abrito/.cache/coursier/v1/https/repo1.maven.org/maven2/org/typelevel/cats-effect-kernel_2.13/3.3.12/cats-effect-kernel_2.13-3.3.12.jar:/home/abrito/.cache/coursier/v1/https/repo1.maven.org/maven2/org/typelevel/cats-effect-std_2.13/3.3.12/cats-effect-std_2.13-3.3.12.jar:/home/abrito/.cache/coursier/v1/https/repo1.maven.org/maven2/org/scalactic/scalactic_2.13/3.2.15/scalactic_2.13-3.2.15.jar:/home/abrito/.cache/coursier/v1/https/repo1.maven.org/maven2/org/typelevel/cats-core_2.13/2.7.0/cats-core_2.13-2.7.0.jar:/home/abrito/.cache/coursier/v1/https/repo1.maven.org/maven2/org/scala-lang/scala-reflect/2.13.5/scala-reflect-2.13.5.jar:/home/abrito/.cache/coursier/v1/https/repo1.maven.org/maven2/org/typelevel/cats-kernel_2.13/2.7.0/cats-kernel_2.13-2.7.0.jar:/home/abrito/.cache/coursier/v1/https/repo1.maven.org/maven2/org/typelevel/simulacrum-scalafix-annotations_2.13/0.5.4/simulacrum-scalafix-annotations_2.13-0.5.4.jar -Xplugin:/home/abrito/.cache/coursier/v1/https/repo1.maven.org/maven2/com/olegpy/better-monadic-for_2.13/0.3.1/better-monadic-for_2.13-0.3.1.jar -Xplugin-require:semanticdb -Yrangepos -Ymacro-expand:discard -Ycache-plugin-class-loader:last-modified -Ypresentation-any-thread

  last tree to typer: Ident(scala)
       tree position: line 3 of file:///home/abrito/env/labs/apatheia/apatheia-p2p-protocol/src/main/scala/org/adrianobrito/validation/ValidationOps.scala
            tree tpe: scala.type
              symbol: final package scala
   symbol definition: final package scala (a ModuleSymbol)
      symbol package: <none>
       symbol owners: package scala
           call site: <none> in <none>

== Source file context for tree position ==

     1 package org.adrianobrito.validation
     2 
     3 implicit class ValidationOps[A: Valid, E: Error](a: A) {
     4   def va;oda_CURSOR_ = Valid[A, E].validate()
     5 }
     6 
     7 class ValidationOps {
scala.reflect.internal.FatalError: 
  Something is wrong: cannot find A in applied type org.adrianobrito.validation.ValidationOps
   sought  A in ValidationOps
 classSym  ValidationOps in validation
  tparams  

     while compiling: file:///home/abrito/env/labs/apatheia/apatheia-p2p-protocol/src/main/scala/org/adrianobrito/validation/ValidationOps.scala
        during phase: globalPhase=<no phase>, enteringPhase=parser
     library version: version 2.13.5
    compiler version: version 2.13.5
  reconstructed args: -classpath /home/abrito/env/labs/apatheia/apatheia-p2p-protocol/.bloop/root/bloop-bsp-clients-classes/classes-Metals-ackAJ6qlSXeMPyPpklA6uA==:/home/abrito/.cache/bloop/semanticdb/com.sourcegraph.semanticdb-javac.0.7.4/semanticdb-javac-0.7.4.jar:/home/abrito/.cache/coursier/v1/https/repo1.maven.org/maven2/org/scala-lang/scala-library/2.13.5/scala-library-2.13.5.jar:/home/abrito/.cache/coursier/v1/https/repo1.maven.org/maven2/org/typelevel/cats-effect_2.13/3.3.12/cats-effect_2.13-3.3.12.jar:/home/abrito/.cache/coursier/v1/https/repo1.maven.org/maven2/org/typelevel/cats-effect-kernel_2.13/3.3.12/cats-effect-kernel_2.13-3.3.12.jar:/home/abrito/.cache/coursier/v1/https/repo1.maven.org/maven2/org/typelevel/cats-effect-std_2.13/3.3.12/cats-effect-std_2.13-3.3.12.jar:/home/abrito/.cache/coursier/v1/https/repo1.maven.org/maven2/org/scalactic/scalactic_2.13/3.2.15/scalactic_2.13-3.2.15.jar:/home/abrito/.cache/coursier/v1/https/repo1.maven.org/maven2/org/typelevel/cats-core_2.13/2.7.0/cats-core_2.13-2.7.0.jar:/home/abrito/.cache/coursier/v1/https/repo1.maven.org/maven2/org/scala-lang/scala-reflect/2.13.5/scala-reflect-2.13.5.jar:/home/abrito/.cache/coursier/v1/https/repo1.maven.org/maven2/org/typelevel/cats-kernel_2.13/2.7.0/cats-kernel_2.13-2.7.0.jar:/home/abrito/.cache/coursier/v1/https/repo1.maven.org/maven2/org/typelevel/simulacrum-scalafix-annotations_2.13/0.5.4/simulacrum-scalafix-annotations_2.13-0.5.4.jar -Xplugin:/home/abrito/.cache/coursier/v1/https/repo1.maven.org/maven2/com/olegpy/better-monadic-for_2.13/0.3.1/better-monadic-for_2.13-0.3.1.jar -Xplugin-require:semanticdb -Yrangepos -Ymacro-expand:discard -Ycache-plugin-class-loader:last-modified -Ypresentation-any-thread

  last tree to typer: Ident(scala)
       tree position: line 3 of file:///home/abrito/env/labs/apatheia/apatheia-p2p-protocol/src/main/scala/org/adrianobrito/validation/ValidationOps.scala
            tree tpe: scala.type
              symbol: final package scala
   symbol definition: final package scala (a ModuleSymbol)
      symbol package: <none>
       symbol owners: package scala
           call site: <none> in <none>

== Source file context for tree position ==

     1 package org.adrianobrito.validation
     2 
     3 implicit class ValidationOps[A: Valid, E: Error](a: A) {
     4   def va;oda_CURSOR_ = Valid[A, E].validate()
     5 }
     6 
     7 class ValidationOps {
	at scala.reflect.internal.Reporting.abort(Reporting.scala:69)
	at scala.reflect.internal.Reporting.abort$(Reporting.scala:65)
	at scala.reflect.internal.SymbolTable.abort(SymbolTable.scala:28)
	at scala.reflect.internal.tpe.TypeMaps$AsSeenFromMap.correspondingTypeArgument(TypeMaps.scala:530)
	at scala.reflect.internal.tpe.TypeMaps$AsSeenFromMap.loop$3(TypeMaps.scala:567)
	at scala.reflect.internal.tpe.TypeMaps$AsSeenFromMap.classParameterAsSeen(TypeMaps.scala:572)
	at scala.reflect.internal.tpe.TypeMaps$AsSeenFromMap.apply(TypeMaps.scala:445)
	at scala.reflect.internal.tpe.TypeMaps$TypeMap.applyToSymbolInfo(TypeMaps.scala:123)
	at scala.reflect.internal.tpe.TypeMaps$TypeMap.loop$1(TypeMaps.scala:117)
	at scala.reflect.internal.tpe.TypeMaps$TypeMap.firstChangedSymbol(TypeMaps.scala:121)
	at scala.reflect.internal.tpe.TypeMaps$TypeMap.mapOver(TypeMaps.scala:135)
	at scala.reflect.internal.Types$MethodType.mapOver(Types.scala:2936)
	at scala.reflect.internal.tpe.TypeMaps$AsSeenFromMap.apply(TypeMaps.scala:446)
	at scala.reflect.internal.Types$Type.asSeenFrom(Types.scala:705)
	at scala.reflect.internal.Types$Type.computeMemberType(Types.scala:740)
	at scala.reflect.internal.Symbols$MethodSymbol.typeAsMemberOf(Symbols.scala:3082)
	at scala.reflect.internal.Types$Type.memberType(Types.scala:731)
	at scala.tools.nsc.interactive.Global$Members.$anonfun$add$1(Global.scala:1004)
	at scala.tools.nsc.interactive.Global$OnTypeError.onTypeError(Global.scala:1371)
	at scala.tools.nsc.interactive.Global$Members.add(Global.scala:1004)
	at scala.tools.nsc.interactive.Global.addScopeMember$1(Global.scala:1033)
	at scala.tools.nsc.interactive.Global.$anonfun$scopeMembers$3(Global.scala:1055)
	at scala.tools.nsc.interactive.Global.$anonfun$scopeMembers$3$adapted(Global.scala:1054)
	at scala.reflect.internal.Scopes$Scope.foreach(Scopes.scala:455)
	at scala.tools.nsc.interactive.Global.scopeMembers(Global.scala:1054)
	at scala.tools.nsc.interactive.Global.completionsAt(Global.scala:1268)
	at scala.meta.internal.pc.CompletionProvider.safeCompletionsAt(CompletionProvider.scala:439)
	at scala.meta.internal.pc.CompletionProvider.completions(CompletionProvider.scala:58)

Feb 01, 2023 7:19:58 PM scala.meta.internal.pc.CompilerAccess retryWithCleanCompiler
INFO: compiler crashed due to an error in the Scala compiler, retrying with new compiler instance.
Feb 01, 2023 7:19:58 PM scala.meta.internal.pc.CompilerAccess handleError
SEVERE: 
  Something is wrong: cannot find A in applied type org.adrianobrito.validation.ValidationOps
   sought  A in ValidationOps
 classSym  ValidationOps in validation
  tparams  

     while compiling: file:///home/abrito/env/labs/apatheia/apatheia-p2p-protocol/src/main/scala/org/adrianobrito/validation/ValidationOps.scala
        during phase: globalPhase=<no phase>, enteringPhase=parser
     library version: version 2.13.5
    compiler version: version 2.13.5
  reconstructed args: -classpath /home/abrito/env/labs/apatheia/apatheia-p2p-protocol/.bloop/root/bloop-bsp-clients-classes/classes-Metals-ackAJ6qlSXeMPyPpklA6uA==:/home/abrito/.cache/bloop/semanticdb/com.sourcegraph.semanticdb-javac.0.7.4/semanticdb-javac-0.7.4.jar:/home/abrito/.cache/coursier/v1/https/repo1.maven.org/maven2/org/scala-lang/scala-library/2.13.5/scala-library-2.13.5.jar:/home/abrito/.cache/coursier/v1/https/repo1.maven.org/maven2/org/typelevel/cats-effect_2.13/3.3.12/cats-effect_2.13-3.3.12.jar:/home/abrito/.cache/coursier/v1/https/repo1.maven.org/maven2/org/typelevel/cats-effect-kernel_2.13/3.3.12/cats-effect-kernel_2.13-3.3.12.jar:/home/abrito/.cache/coursier/v1/https/repo1.maven.org/maven2/org/typelevel/cats-effect-std_2.13/3.3.12/cats-effect-std_2.13-3.3.12.jar:/home/abrito/.cache/coursier/v1/https/repo1.maven.org/maven2/org/scalactic/scalactic_2.13/3.2.15/scalactic_2.13-3.2.15.jar:/home/abrito/.cache/coursier/v1/https/repo1.maven.org/maven2/org/typelevel/cats-core_2.13/2.7.0/cats-core_2.13-2.7.0.jar:/home/abrito/.cache/coursier/v1/https/repo1.maven.org/maven2/org/scala-lang/scala-reflect/2.13.5/scala-reflect-2.13.5.jar:/home/abrito/.cache/coursier/v1/https/repo1.maven.org/maven2/org/typelevel/cats-kernel_2.13/2.7.0/cats-kernel_2.13-2.7.0.jar:/home/abrito/.cache/coursier/v1/https/repo1.maven.org/maven2/org/typelevel/simulacrum-scalafix-annotations_2.13/0.5.4/simulacrum-scalafix-annotations_2.13-0.5.4.jar -Xplugin:/home/abrito/.cache/coursier/v1/https/repo1.maven.org/maven2/com/olegpy/better-monadic-for_2.13/0.3.1/better-monadic-for_2.13-0.3.1.jar -Xplugin-require:semanticdb -Yrangepos -Ymacro-expand:discard -Ycache-plugin-class-loader:last-modified -Ypresentation-any-thread

  last tree to typer: Ident(scala)
       tree position: line 3 of file:///home/abrito/env/labs/apatheia/apatheia-p2p-protocol/src/main/scala/org/adrianobrito/validation/ValidationOps.scala
            tree tpe: scala.type
              symbol: final package scala
   symbol definition: final package scala (a ModuleSymbol)
      symbol package: <none>
       symbol owners: package scala
           call site: <none> in <none>

== Source file context for tree position ==

     1 package org.adrianobrito.validation
     2 
     3 implicit class ValidationOps[A: Valid, E: Error](a: A) {
     4   def validate = Valid[A, E].validate(a_CURSOR_)
     5 }
     6 
     7 class ValidationOps {
scala.reflect.internal.FatalError: 
  Something is wrong: cannot find A in applied type org.adrianobrito.validation.ValidationOps
   sought  A in ValidationOps
 classSym  ValidationOps in validation
  tparams  

     while compiling: file:///home/abrito/env/labs/apatheia/apatheia-p2p-protocol/src/main/scala/org/adrianobrito/validation/ValidationOps.scala
        during phase: globalPhase=<no phase>, enteringPhase=parser
     library version: version 2.13.5
    compiler version: version 2.13.5
  reconstructed args: -classpath /home/abrito/env/labs/apatheia/apatheia-p2p-protocol/.bloop/root/bloop-bsp-clients-classes/classes-Metals-ackAJ6qlSXeMPyPpklA6uA==:/home/abrito/.cache/bloop/semanticdb/com.sourcegraph.semanticdb-javac.0.7.4/semanticdb-javac-0.7.4.jar:/home/abrito/.cache/coursier/v1/https/repo1.maven.org/maven2/org/scala-lang/scala-library/2.13.5/scala-library-2.13.5.jar:/home/abrito/.cache/coursier/v1/https/repo1.maven.org/maven2/org/typelevel/cats-effect_2.13/3.3.12/cats-effect_2.13-3.3.12.jar:/home/abrito/.cache/coursier/v1/https/repo1.maven.org/maven2/org/typelevel/cats-effect-kernel_2.13/3.3.12/cats-effect-kernel_2.13-3.3.12.jar:/home/abrito/.cache/coursier/v1/https/repo1.maven.org/maven2/org/typelevel/cats-effect-std_2.13/3.3.12/cats-effect-std_2.13-3.3.12.jar:/home/abrito/.cache/coursier/v1/https/repo1.maven.org/maven2/org/scalactic/scalactic_2.13/3.2.15/scalactic_2.13-3.2.15.jar:/home/abrito/.cache/coursier/v1/https/repo1.maven.org/maven2/org/typelevel/cats-core_2.13/2.7.0/cats-core_2.13-2.7.0.jar:/home/abrito/.cache/coursier/v1/https/repo1.maven.org/maven2/org/scala-lang/scala-reflect/2.13.5/scala-reflect-2.13.5.jar:/home/abrito/.cache/coursier/v1/https/repo1.maven.org/maven2/org/typelevel/cats-kernel_2.13/2.7.0/cats-kernel_2.13-2.7.0.jar:/home/abrito/.cache/coursier/v1/https/repo1.maven.org/maven2/org/typelevel/simulacrum-scalafix-annotations_2.13/0.5.4/simulacrum-scalafix-annotations_2.13-0.5.4.jar -Xplugin:/home/abrito/.cache/coursier/v1/https/repo1.maven.org/maven2/com/olegpy/better-monadic-for_2.13/0.3.1/better-monadic-for_2.13-0.3.1.jar -Xplugin-require:semanticdb -Yrangepos -Ymacro-expand:discard -Ycache-plugin-class-loader:last-modified -Ypresentation-any-thread

  last tree to typer: Ident(scala)
       tree position: line 3 of file:///home/abrito/env/labs/apatheia/apatheia-p2p-protocol/src/main/scala/org/adrianobrito/validation/ValidationOps.scala
            tree tpe: scala.type
              symbol: final package scala
   symbol definition: final package scala (a ModuleSymbol)
      symbol package: <none>
       symbol owners: package scala
           call site: <none> in <none>

== Source file context for tree position ==

     1 package org.adrianobrito.validation
     2 
     3 implicit class ValidationOps[A: Valid, E: Error](a: A) {
     4   def validate = Valid[A, E].validate(a_CURSOR_)
     5 }
     6 
     7 class ValidationOps {
	at scala.reflect.internal.Reporting.abort(Reporting.scala:69)
	at scala.reflect.internal.Reporting.abort$(Reporting.scala:65)
	at scala.reflect.internal.SymbolTable.abort(SymbolTable.scala:28)
	at scala.reflect.internal.tpe.TypeMaps$AsSeenFromMap.correspondingTypeArgument(TypeMaps.scala:530)
	at scala.reflect.internal.tpe.TypeMaps$AsSeenFromMap.loop$3(TypeMaps.scala:567)
	at scala.reflect.internal.tpe.TypeMaps$AsSeenFromMap.classParameterAsSeen(TypeMaps.scala:572)
	at scala.reflect.internal.tpe.TypeMaps$AsSeenFromMap.apply(TypeMaps.scala:445)
	at scala.reflect.internal.tpe.TypeMaps$TypeMap.applyToSymbolInfo(TypeMaps.scala:123)
	at scala.reflect.internal.tpe.TypeMaps$TypeMap.loop$1(TypeMaps.scala:117)
	at scala.reflect.internal.tpe.TypeMaps$TypeMap.firstChangedSymbol(TypeMaps.scala:121)
	at scala.reflect.internal.tpe.TypeMaps$TypeMap.mapOver(TypeMaps.scala:135)
	at scala.reflect.internal.Types$MethodType.mapOver(Types.scala:2936)
	at scala.reflect.internal.tpe.TypeMaps$AsSeenFromMap.apply(TypeMaps.scala:446)
	at scala.reflect.internal.Types$Type.asSeenFrom(Types.scala:705)
	at scala.reflect.internal.Types$Type.computeMemberType(Types.scala:740)
	at scala.reflect.internal.Symbols$MethodSymbol.typeAsMemberOf(Symbols.scala:3082)
	at scala.reflect.internal.Types$Type.memberType(Types.scala:731)
	at scala.tools.nsc.interactive.Global$Members.$anonfun$add$1(Global.scala:1004)
	at scala.tools.nsc.interactive.Global$OnTypeError.onTypeError(Global.scala:1371)
	at scala.tools.nsc.interactive.Global$Members.add(Global.scala:1004)
	at scala.tools.nsc.interactive.Global.addScopeMember$1(Global.scala:1033)
	at scala.tools.nsc.interactive.Global.$anonfun$scopeMembers$3(Global.scala:1055)
	at scala.tools.nsc.interactive.Global.$anonfun$scopeMembers$3$adapted(Global.scala:1054)
	at scala.reflect.internal.Scopes$Scope.foreach(Scopes.scala:455)
	at scala.tools.nsc.interactive.Global.scopeMembers(Global.scala:1054)
	at scala.tools.nsc.interactive.Global.completionsAt(Global.scala:1268)
	at scala.meta.internal.pc.CompletionProvider.safeCompletionsAt(CompletionProvider.scala:439)
	at scala.meta.internal.pc.CompletionProvider.completions(CompletionProvider.scala:58)

2023.02.01 19:19:58 INFO  compiling root (1 scala source)[0m
2023.02.01 19:19:58 INFO  time: compiled root in 0.22s[0m
2023.02.01 19:20:06 INFO  compiling root (1 scala source)[0m
2023.02.01 19:20:06 INFO  time: compiled root in 0.16s[0m
something's wrong: no file:///home/abrito/env/labs/apatheia/apatheia-p2p-protocol/src/main/scala/org/adrianobrito/validation/ValidationOps.scala in org.adrianobrito.validation.Valid[A,<error>]RangePosition(file:///home/abrito/env/labs/apatheia/apatheia-p2p-protocol/src/main/scala/org/adrianobrito/validation/ValidationOps.scala, 124, 124, 141)
2023.02.01 19:21:10 INFO  compiling root (1 scala source)[0m
2023.02.01 19:21:10 INFO  time: compiled root in 0.35s[0m
2023.02.01 19:21:32 INFO  compiling root (1 scala source)[0m
2023.02.01 19:21:32 INFO  time: compiled root in 0.21s[0m
2023.02.01 19:21:43 INFO  compiling root (1 scala source)[0m
2023.02.01 19:21:43 INFO  time: compiled root in 0.17s[0m
2023.02.01 19:22:45 INFO  compiling root (1 scala source)[0m
2023.02.01 19:22:45 INFO  time: compiled root in 0.17s[0m
2023.02.01 19:23:12 INFO  compiling root (1 scala source)[0m
2023.02.01 19:23:12 INFO  time: compiled root in 0.22s[0m
2023.02.01 19:23:19 INFO  compiling root (1 scala source)[0m
2023.02.01 19:23:19 INFO  time: compiled root in 0.23s[0m
2023.02.01 19:23:27 INFO  compiling root (1 scala source)[0m
2023.02.01 19:23:27 INFO  time: compiled root in 0.21s[0m
2023.02.01 19:23:44 INFO  compiling root (1 scala source)[0m
2023.02.01 19:23:44 INFO  time: compiled root in 0.2s[0m
2023.02.01 19:23:54 INFO  compiling root (1 scala source)[0m
2023.02.01 19:23:54 INFO  time: compiled root in 0.18s[0m
2023.02.01 19:23:55 INFO  compiling root (1 scala source)[0m
2023.02.01 19:23:55 INFO  time: compiled root in 0.2s[0m
2023.02.01 19:24:47 INFO  compiling root (2 scala sources)[0m
2023.02.01 19:24:47 INFO  time: compiled root in 0.18s[0m
2023.02.01 19:24:48 WARN  Could not load snapshot text for /home/abrito/env/labs/apatheia/apatheia-p2p-protocol/src/main/scala/org/adrianobrito/validation/Valid.scala[0m
2023.02.01 19:24:50 WARN  Could not load snapshot text for /home/abrito/env/labs/apatheia/apatheia-p2p-protocol/src/main/scala/org/adrianobrito/validation/Valid.scala[0m
2023.02.01 19:24:51 WARN  Could not load snapshot text for /home/abrito/env/labs/apatheia/apatheia-p2p-protocol/src/main/scala/org/adrianobrito/validation/Valid.scala[0m
2023.02.01 19:24:51 WARN  Could not load snapshot text for /home/abrito/env/labs/apatheia/apatheia-p2p-protocol/src/main/scala/org/adrianobrito/validation/Valid.scala[0m
2023.02.01 19:24:52 WARN  Could not load snapshot text for /home/abrito/env/labs/apatheia/apatheia-p2p-protocol/src/main/scala/org/adrianobrito/validation/Valid.scala[0m
2023.02.01 19:24:52 WARN  Could not load snapshot text for /home/abrito/env/labs/apatheia/apatheia-p2p-protocol/src/main/scala/org/adrianobrito/validation/Valid.scala[0m
2023.02.01 19:24:53 WARN  Could not load snapshot text for /home/abrito/env/labs/apatheia/apatheia-p2p-protocol/src/main/scala/org/adrianobrito/validation/Valid.scala[0m
2023.02.01 19:24:59 WARN  Could not load snapshot text for /home/abrito/env/labs/apatheia/apatheia-p2p-protocol/src/main/scala/org/adrianobrito/validation/Valid.scala[0m
2023.02.01 19:24:59 WARN  Could not load snapshot text for /home/abrito/env/labs/apatheia/apatheia-p2p-protocol/src/main/scala/org/adrianobrito/validation/Valid.scala[0m
2023.02.01 19:25:03 WARN  Could not load snapshot text for /home/abrito/env/labs/apatheia/apatheia-p2p-protocol/src/main/scala/org/adrianobrito/validation/Valid.scala[0m
2023.02.01 19:25:04 INFO  compiling root (2 scala sources)[0m
2023.02.01 19:25:04 INFO  time: compiled root in 0.2s[0m
2023.02.01 19:25:04 WARN  Could not load snapshot text for /home/abrito/env/labs/apatheia/apatheia-p2p-protocol/src/main/scala/org/adrianobrito/validation/Valid.scala[0m
2023.02.01 19:25:10 WARN  Could not load snapshot text for /home/abrito/env/labs/apatheia/apatheia-p2p-protocol/src/main/scala/org/adrianobrito/validation/Valid.scala[0m
2023.02.01 19:25:10 WARN  Could not load snapshot text for /home/abrito/env/labs/apatheia/apatheia-p2p-protocol/src/main/scala/org/adrianobrito/validation/Valid.scala[0m
2023.02.01 19:25:10 WARN  Could not load snapshot text for /home/abrito/env/labs/apatheia/apatheia-p2p-protocol/src/main/scala/org/adrianobrito/validation/Valid.scala[0m
2023.02.01 19:25:10 WARN  Could not load snapshot text for /home/abrito/env/labs/apatheia/apatheia-p2p-protocol/src/main/scala/org/adrianobrito/validation/Valid.scala[0m
2023.02.01 19:25:10 INFO  compiling root (2 scala sources)[0m
2023.02.01 19:25:10 WARN  Could not load snapshot text for /home/abrito/env/labs/apatheia/apatheia-p2p-protocol/src/main/scala/org/adrianobrito/validation/Valid.scala[0m
2023.02.01 19:25:10 WARN  Could not load snapshot text for /home/abrito/env/labs/apatheia/apatheia-p2p-protocol/src/main/scala/org/adrianobrito/validation/Valid.scala[0m
2023.02.01 19:25:10 INFO  time: compiled root in 0.14s[0m
2023.02.01 19:25:11 WARN  Could not load snapshot text for /home/abrito/env/labs/apatheia/apatheia-p2p-protocol/src/main/scala/org/adrianobrito/validation/Valid.scala[0m
2023.02.01 19:25:11 INFO  compiling root (2 scala sources)[0m
2023.02.01 19:25:11 INFO  time: compiled root in 58ms[0m
2023.02.01 19:25:12 WARN  Could not load snapshot text for /home/abrito/env/labs/apatheia/apatheia-p2p-protocol/src/main/scala/org/adrianobrito/validation/Valid.scala[0m
2023.02.01 19:25:20 WARN  Could not load snapshot text for /home/abrito/env/labs/apatheia/apatheia-p2p-protocol/src/main/scala/org/adrianobrito/validation/Valid.scala[0m
2023.02.01 19:25:22 WARN  Could not load snapshot text for /home/abrito/env/labs/apatheia/apatheia-p2p-protocol/src/main/scala/org/adrianobrito/validation/Valid.scala[0m
2023.02.01 19:25:23 WARN  Could not load snapshot text for /home/abrito/env/labs/apatheia/apatheia-p2p-protocol/src/main/scala/org/adrianobrito/validation/Valid.scala[0m
2023.02.01 19:25:23 WARN  Could not load snapshot text for /home/abrito/env/labs/apatheia/apatheia-p2p-protocol/src/main/scala/org/adrianobrito/validation/Valid.scala[0m
2023.02.01 19:25:25 WARN  Could not load snapshot text for /home/abrito/env/labs/apatheia/apatheia-p2p-protocol/src/main/scala/org/adrianobrito/validation/Valid.scala[0m
2023.02.01 19:25:36 WARN  Could not load snapshot text for /home/abrito/env/labs/apatheia/apatheia-p2p-protocol/src/main/scala/org/adrianobrito/validation/Valid.scala[0m
2023.02.01 19:25:36 WARN  Could not load snapshot text for /home/abrito/env/labs/apatheia/apatheia-p2p-protocol/src/main/scala/org/adrianobrito/validation/Valid.scala[0m
2023.02.01 19:25:37 WARN  Could not load snapshot text for /home/abrito/env/labs/apatheia/apatheia-p2p-protocol/src/main/scala/org/adrianobrito/validation/Valid.scala[0m
2023.02.01 19:25:37 INFO  compiling root (2 scala sources)[0m
2023.02.01 19:25:37 INFO  time: compiled root in 0.23s[0m
2023.02.01 19:25:38 WARN  Could not load snapshot text for /home/abrito/env/labs/apatheia/apatheia-p2p-protocol/src/main/scala/org/adrianobrito/validation/Valid.scala[0m
2023.02.01 19:25:45 WARN  Could not load snapshot text for /home/abrito/env/labs/apatheia/apatheia-p2p-protocol/src/main/scala/org/adrianobrito/validation/Valid.scala[0m
2023.02.01 19:25:46 WARN  Could not load snapshot text for /home/abrito/env/labs/apatheia/apatheia-p2p-protocol/src/main/scala/org/adrianobrito/validation/Valid.scala[0m
2023.02.01 19:25:47 WARN  Could not load snapshot text for /home/abrito/env/labs/apatheia/apatheia-p2p-protocol/src/main/scala/org/adrianobrito/validation/Valid.scala[0m
2023.02.01 19:25:47 WARN  Could not load snapshot text for /home/abrito/env/labs/apatheia/apatheia-p2p-protocol/src/main/scala/org/adrianobrito/validation/Valid.scala[0m
2023.02.01 19:25:48 INFO  compiling root (2 scala sources)[0m
2023.02.01 19:25:48 INFO  time: compiled root in 0.16s[0m
2023.02.01 19:25:48 WARN  Could not load snapshot text for /home/abrito/env/labs/apatheia/apatheia-p2p-protocol/src/main/scala/org/adrianobrito/validation/Valid.scala[0m
2023.02.01 19:25:49 INFO  compiling root (2 scala sources)[0m
2023.02.01 19:25:49 INFO  time: compiled root in 0.15s[0m
2023.02.01 19:25:50 WARN  Could not load snapshot text for /home/abrito/env/labs/apatheia/apatheia-p2p-protocol/src/main/scala/org/adrianobrito/validation/Valid.scala[0m
2023.02.01 19:25:54 INFO  compiling root (2 scala sources)[0m
2023.02.01 19:25:54 INFO  time: compiled root in 0.14s[0m
2023.02.01 19:25:54 WARN  Could not load snapshot text for /home/abrito/env/labs/apatheia/apatheia-p2p-protocol/src/main/scala/org/adrianobrito/validation/Valid.scala[0m
2023.02.01 19:26:05 INFO  compiling root (2 scala sources)[0m
2023.02.01 19:26:05 INFO  time: compiled root in 0.18s[0m
2023.02.01 19:26:11 INFO  compiling root (2 scala sources)[0m
2023.02.01 19:26:13 INFO  time: compiled root in 1.32s[0m
2023.02.01 19:26:13 INFO  compiling root (1 scala source)[0m
2023.02.01 19:26:13 INFO  time: compiled root in 57ms[0m
2023.02.01 19:26:19 INFO  compiling root (2 scala sources)[0m
2023.02.01 19:26:19 INFO  time: compiled root in 1s[0m
2023.02.01 19:26:20 INFO  compiling root (1 scala source)[0m
2023.02.01 19:26:20 INFO  time: compiled root in 58ms[0m
2023.02.01 19:26:20 INFO  compiling root (2 scala sources)[0m
2023.02.01 19:26:20 INFO  time: compiled root in 0.36s[0m
2023.02.01 19:26:20 INFO  compiling root (1 scala source)[0m
2023.02.01 19:26:20 INFO  time: compiled root in 64ms[0m
2023.02.01 19:26:22 INFO  compiling root (2 scala sources)[0m
2023.02.01 19:26:22 INFO  time: compiled root in 0.91s[0m
2023.02.01 19:26:22 INFO  compiling root (1 scala source)[0m
2023.02.01 19:26:22 INFO  time: compiled root in 48ms[0m
2023.02.01 19:27:06 INFO  compiling root (3 scala sources)[0m
2023.02.01 19:27:06 INFO  time: compiled root in 0.16s[0m
2023.02.01 19:27:15 INFO  compiling root (3 scala sources)[0m
2023.02.01 19:27:15 INFO  time: compiled root in 0.98s[0m
2023.02.01 19:27:47 WARN  Could not load snapshot text for /home/abrito/env/labs/apatheia/apatheia-p2p-protocol/src/main/scala/org/adrianobrito/validation/Valid.scala[0m
2023.02.01 19:27:56 WARN  Could not load snapshot text for /home/abrito/env/labs/apatheia/apatheia-p2p-protocol/src/main/scala/org/adrianobrito/validation/Valid.scala[0m
2023.02.01 19:29:03 WARN  Could not load snapshot text for /home/abrito/env/labs/apatheia/apatheia-p2p-protocol/src/main/scala/org/adrianobrito/validation/Valid.scala[0m
2023.02.01 19:29:04 WARN  Could not load snapshot text for /home/abrito/env/labs/apatheia/apatheia-p2p-protocol/src/main/scala/org/adrianobrito/validation/Valid.scala[0m
2023.02.01 19:29:07 WARN  Could not load snapshot text for /home/abrito/env/labs/apatheia/apatheia-p2p-protocol/src/main/scala/org/adrianobrito/validation/Valid.scala[0m
2023.02.01 19:29:09 WARN  Could not load snapshot text for /home/abrito/env/labs/apatheia/apatheia-p2p-protocol/src/main/scala/org/adrianobrito/validation/Valid.scala[0m
2023.02.01 19:29:09 WARN  Could not load snapshot text for /home/abrito/env/labs/apatheia/apatheia-p2p-protocol/src/main/scala/org/adrianobrito/validation/Valid.scala[0m
2023.02.01 19:29:09 WARN  Could not load snapshot text for /home/abrito/env/labs/apatheia/apatheia-p2p-protocol/src/main/scala/org/adrianobrito/validation/Valid.scala[0m
2023.02.01 19:29:10 WARN  Could not load snapshot text for /home/abrito/env/labs/apatheia/apatheia-p2p-protocol/src/main/scala/org/adrianobrito/validation/Valid.scala[0m
2023.02.01 19:29:12 WARN  Could not load snapshot text for /home/abrito/env/labs/apatheia/apatheia-p2p-protocol/src/main/scala/org/adrianobrito/validation/Valid.scala[0m
2023.02.01 19:29:13 WARN  Could not load snapshot text for /home/abrito/env/labs/apatheia/apatheia-p2p-protocol/src/main/scala/org/adrianobrito/validation/Valid.scala[0m
2023.02.01 19:29:14 WARN  Could not load snapshot text for /home/abrito/env/labs/apatheia/apatheia-p2p-protocol/src/main/scala/org/adrianobrito/validation/Valid.scala[0m
2023.02.01 19:29:14 WARN  Could not load snapshot text for /home/abrito/env/labs/apatheia/apatheia-p2p-protocol/src/main/scala/org/adrianobrito/validation/Valid.scala[0m
2023.02.01 19:29:15 ERROR scalafmt: /home/abrito/env/labs/apatheia/apatheia-p2p-protocol/src/main/scala/org/adrianobrito/validation/Valid.scala:4: error: [dialect scala213] ] expected but <: found
  def validate[E](t: T): Either[E <: Error, T]
                                  ^[0m
2023.02.01 19:29:15 INFO  compiling root (3 scala sources)[0m
2023.02.01 19:29:15 INFO  time: compiled root in 0.13s[0m
2023.02.01 19:29:15 WARN  Could not load snapshot text for /home/abrito/env/labs/apatheia/apatheia-p2p-protocol/src/main/scala/org/adrianobrito/validation/Valid.scala[0m
2023.02.01 19:29:17 WARN  Could not load snapshot text for /home/abrito/env/labs/apatheia/apatheia-p2p-protocol/src/main/scala/org/adrianobrito/validation/Valid.scala[0m
2023.02.01 19:29:17 WARN  Could not load snapshot text for /home/abrito/env/labs/apatheia/apatheia-p2p-protocol/src/main/scala/org/adrianobrito/validation/Valid.scala[0m
2023.02.01 19:29:18 INFO  compiling root (3 scala sources)[0m
2023.02.01 19:29:18 INFO  time: compiled root in 0.17s[0m
2023.02.01 19:29:19 WARN  Could not load snapshot text for /home/abrito/env/labs/apatheia/apatheia-p2p-protocol/src/main/scala/org/adrianobrito/validation/Valid.scala[0m
2023.02.01 19:29:41 WARN  Could not load snapshot text for /home/abrito/env/labs/apatheia/apatheia-p2p-protocol/src/main/scala/org/adrianobrito/validation/Valid.scala[0m
2023.02.01 19:29:44 WARN  Could not load snapshot text for /home/abrito/env/labs/apatheia/apatheia-p2p-protocol/src/main/scala/org/adrianobrito/validation/Valid.scala[0m
2023.02.01 19:30:25 WARN  Could not load snapshot text for /home/abrito/env/labs/apatheia/apatheia-p2p-protocol/src/main/scala/org/adrianobrito/validation/Valid.scala[0m
2023.02.01 19:31:02 WARN  Could not load snapshot text for /home/abrito/env/labs/apatheia/apatheia-p2p-protocol/src/main/scala/org/adrianobrito/validation/Valid.scala[0m
2023.02.01 19:31:06 WARN  Could not load snapshot text for /home/abrito/env/labs/apatheia/apatheia-p2p-protocol/src/main/scala/org/adrianobrito/validation/Valid.scala[0m
2023.02.01 19:31:08 WARN  Could not load snapshot text for /home/abrito/env/labs/apatheia/apatheia-p2p-protocol/src/main/scala/org/adrianobrito/validation/Valid.scala[0m
2023.02.01 19:31:11 WARN  Could not load snapshot text for /home/abrito/env/labs/apatheia/apatheia-p2p-protocol/src/main/scala/org/adrianobrito/validation/Valid.scala[0m
2023.02.01 19:31:11 WARN  Could not load snapshot text for /home/abrito/env/labs/apatheia/apatheia-p2p-protocol/src/main/scala/org/adrianobrito/validation/Valid.scala[0m
2023.02.01 19:31:13 WARN  Could not load snapshot text for /home/abrito/env/labs/apatheia/apatheia-p2p-protocol/src/main/scala/org/adrianobrito/validation/Valid.scala[0m
2023.02.01 19:31:13 WARN  Could not load snapshot text for /home/abrito/env/labs/apatheia/apatheia-p2p-protocol/src/main/scala/org/adrianobrito/validation/Valid.scala[0m
2023.02.01 19:31:13 WARN  Could not load snapshot text for /home/abrito/env/labs/apatheia/apatheia-p2p-protocol/src/main/scala/org/adrianobrito/validation/Valid.scala[0m
2023.02.01 19:31:14 WARN  Could not load snapshot text for /home/abrito/env/labs/apatheia/apatheia-p2p-protocol/src/main/scala/org/adrianobrito/validation/Valid.scala[0m
2023.02.01 19:31:15 INFO  compiling root (3 scala sources)[0m
2023.02.01 19:31:16 INFO  time: compiled root in 1.52s[0m
2023.02.01 19:31:16 WARN  Could not load snapshot text for /home/abrito/env/labs/apatheia/apatheia-p2p-protocol/src/main/scala/org/adrianobrito/validation/Valid.scala[0m
2023.02.01 19:31:16 INFO  compiling root (3 scala sources)[0m
2023.02.01 19:31:16 INFO  time: compiled root in 0.24s[0m
2023.02.01 19:31:17 WARN  Could not load snapshot text for /home/abrito/env/labs/apatheia/apatheia-p2p-protocol/src/main/scala/org/adrianobrito/validation/Valid.scala[0m
2023.02.01 19:31:21 INFO  compiling root (3 scala sources)[0m
2023.02.01 19:31:21 INFO  time: compiled root in 0.86s[0m
2023.02.01 19:31:22 WARN  Could not load snapshot text for /home/abrito/env/labs/apatheia/apatheia-p2p-protocol/src/main/scala/org/adrianobrito/validation/Valid.scala[0m
2023.02.01 19:31:36 INFO  compiling root (3 scala sources)[0m
2023.02.01 19:31:36 INFO  time: compiled root in 0.22s[0m
2023.02.01 19:31:51 WARN  Could not load snapshot text for /home/abrito/env/labs/apatheia/apatheia-p2p-protocol/src/main/scala/org/adrianobrito/validation/Valid.scala[0m
2023.02.01 19:32:19 INFO  compiling root (4 scala sources)[0m
2023.02.01 19:32:19 INFO  time: compiled root in 0.24s[0m
2023.02.01 19:32:20 INFO  compiling root (4 scala sources)[0m
2023.02.01 19:32:20 INFO  time: compiled root in 0.21s[0m
2023.02.01 19:32:28 INFO  compiling root (4 scala sources)[0m
2023.02.01 19:32:28 INFO  time: compiled root in 0.2s[0m
2023.02.01 19:32:34 INFO  compiling root (4 scala sources)[0m
2023.02.01 19:32:34 INFO  time: compiled root in 0.18s[0m
2023.02.01 19:32:44 INFO  compiling root (4 scala sources)[0m
2023.02.01 19:32:44 INFO  time: compiled root in 0.24s[0m
2023.02.01 19:32:45 INFO  compiling root (4 scala sources)[0m
2023.02.01 19:32:45 INFO  time: compiled root in 0.19s[0m
2023.02.01 19:33:08 INFO  compiling root (4 scala sources)[0m
2023.02.01 19:33:08 INFO  time: compiled root in 0.16s[0m
2023.02.01 19:33:10 INFO  compiling root (4 scala sources)[0m
2023.02.01 19:33:10 INFO  time: compiled root in 0.18s[0m
2023.02.01 19:33:10 INFO  compiling root (4 scala sources)[0m
2023.02.01 19:33:10 INFO  time: compiled root in 0.14s[0m
2023.02.01 19:33:24 INFO  compiling root (4 scala sources)[0m
2023.02.01 19:33:24 INFO  time: compiled root in 0.21s[0m
2023.02.01 19:33:55 INFO  compiling root (4 scala sources)[0m
2023.02.01 19:33:55 INFO  time: compiled root in 0.25s[0m
2023.02.01 19:34:32 INFO  compiling root (4 scala sources)[0m
2023.02.01 19:34:32 INFO  time: compiled root in 0.18s[0m
2023.02.01 19:34:42 INFO  compiling root (4 scala sources)[0m
2023.02.01 19:34:42 INFO  time: compiled root in 0.18s[0m
2023.02.01 19:35:12 INFO  compiling root (4 scala sources)[0m
2023.02.01 19:35:12 INFO  time: compiled root in 0.22s[0m
2023.02.01 19:35:15 INFO  compiling root (4 scala sources)[0m
2023.02.01 19:35:15 INFO  time: compiled root in 0.17s[0m
2023.02.01 19:35:57 INFO  compiling root (8 scala sources)[0m
2023.02.01 19:35:57 INFO  time: compiled root in 0.28s[0m
2023.02.01 19:35:57 INFO  compiling root (8 scala sources)[0m
2023.02.01 19:35:57 INFO  time: compiled root in 0.14s[0m
Feb 01, 2023 7:36:01 PM scala.meta.internal.metals.Docstrings indexSymbol
SEVERE: file:///home/abrito/env/labs/apatheia/apatheia-p2p-protocol/src/main/scala/org/adrianobrito/error/NodeIdErrors.scala
java.nio.file.NoSuchFileException: /home/abrito/env/labs/apatheia/apatheia-p2p-protocol/src/main/scala/org/adrianobrito/error/NodeIdErrors.scala
	at sun.nio.fs.UnixException.translateToIOException(UnixException.java:86)
	at sun.nio.fs.UnixException.rethrowAsIOException(UnixException.java:102)
	at sun.nio.fs.UnixException.rethrowAsIOException(UnixException.java:107)
	at sun.nio.fs.UnixFileSystemProvider.newByteChannel(UnixFileSystemProvider.java:214)
	at java.nio.file.Files.newByteChannel(Files.java:361)
	at java.nio.file.Files.newByteChannel(Files.java:407)
	at java.nio.file.Files.readAllBytes(Files.java:3152)
	at scala.meta.internal.io.PlatformFileIO$.slurp(PlatformFileIO.scala:45)
	at scala.meta.internal.io.FileIO$.slurp(FileIO.scala:24)
	at scala.meta.internal.mtags.CommonMtagsEnrichments$XtensionAbsolutePath.toInput(CommonMtagsEnrichments.scala:551)
	at scala.meta.internal.metals.Docstrings.indexSymbolDefinition(Docstrings.scala:123)
	at scala.meta.internal.metals.Docstrings.indexSymbol(Docstrings.scala:107)
	at scala.meta.internal.metals.Docstrings.documentation(Docstrings.scala:44)
	at scala.meta.internal.metals.MetalsSymbolSearch.documentation(MetalsSymbolSearch.scala:42)
	at scala.meta.internal.pc.MetalsGlobal.symbolDocumentation(MetalsGlobal.scala:227)
	at scala.meta.internal.pc.Signatures$SignaturePrinter.<init>(Signatures.scala:277)
	at scala.meta.internal.pc.HoverProvider.toHover(HoverProvider.scala:171)
	at scala.meta.internal.pc.HoverProvider.hoverOffset(HoverProvider.scala:65)
	at scala.meta.internal.pc.HoverProvider.hover(HoverProvider.scala:18)
	at scala.meta.internal.pc.ScalaPresentationCompiler.$anonfun$hover$1(ScalaPresentationCompiler.scala:246)
	at scala.meta.internal.pc.CompilerAccess.withSharedCompiler(CompilerAccess.scala:137)
	at scala.meta.internal.pc.CompilerAccess.$anonfun$withNonInterruptableCompiler$1(CompilerAccess.scala:125)
	at scala.meta.internal.pc.CompilerAccess.$anonfun$onCompilerJobQueue$1(CompilerAccess.scala:197)
	at scala.meta.internal.pc.CompilerJobQueue$Job.run(CompilerJobQueue.scala:152)
	at java.util.concurrent.ThreadPoolExecutor.runWorker(ThreadPoolExecutor.java:1149)
	at java.util.concurrent.ThreadPoolExecutor$Worker.run(ThreadPoolExecutor.java:624)
	at java.lang.Thread.run(Thread.java:748)

2023.02.01 19:36:02 INFO  compiling root (8 scala sources)[0m
2023.02.01 19:36:02 INFO  time: compiled root in 0.31s[0m
2023.02.01 19:36:10 INFO  compiling root (8 scala sources)[0m
2023.02.01 19:36:10 INFO  time: compiled root in 0.25s[0m
2023.02.01 19:36:10 INFO  compiling root (8 scala sources)[0m
2023.02.01 19:36:12 INFO  time: compiled root in 0.16s[0m
Feb 01, 2023 7:36:18 PM scala.meta.internal.metals.Docstrings indexSymbol
SEVERE: file:///home/abrito/env/labs/apatheia/apatheia-p2p-protocol/src/main/scala/org/adrianobrito/error/NodeIdErrors.scala
java.nio.file.NoSuchFileException: /home/abrito/env/labs/apatheia/apatheia-p2p-protocol/src/main/scala/org/adrianobrito/error/NodeIdErrors.scala
	at sun.nio.fs.UnixException.translateToIOException(UnixException.java:86)
	at sun.nio.fs.UnixException.rethrowAsIOException(UnixException.java:102)
	at sun.nio.fs.UnixException.rethrowAsIOException(UnixException.java:107)
	at sun.nio.fs.UnixFileSystemProvider.newByteChannel(UnixFileSystemProvider.java:214)
	at java.nio.file.Files.newByteChannel(Files.java:361)
	at java.nio.file.Files.newByteChannel(Files.java:407)
	at java.nio.file.Files.readAllBytes(Files.java:3152)
	at scala.meta.internal.io.PlatformFileIO$.slurp(PlatformFileIO.scala:45)
	at scala.meta.internal.io.FileIO$.slurp(FileIO.scala:24)
	at scala.meta.internal.mtags.CommonMtagsEnrichments$XtensionAbsolutePath.toInput(CommonMtagsEnrichments.scala:551)
	at scala.meta.internal.metals.Docstrings.indexSymbolDefinition(Docstrings.scala:123)
	at scala.meta.internal.metals.Docstrings.indexSymbol(Docstrings.scala:107)
	at scala.meta.internal.metals.Docstrings.documentation(Docstrings.scala:44)
	at scala.meta.internal.metals.MetalsSymbolSearch.documentation(MetalsSymbolSearch.scala:42)
	at scala.meta.internal.pc.MetalsGlobal.symbolDocumentation(MetalsGlobal.scala:227)
	at scala.meta.internal.pc.CompletionItemResolver.handleSymbol(CompletionItemResolver.scala:31)
	at scala.meta.internal.pc.CompletionItemResolver.resolve(CompletionItemResolver.scala:24)
	at scala.meta.internal.pc.ScalaPresentationCompiler.$anonfun$completionItemResolve$1(ScalaPresentationCompiler.scala:205)
	at scala.meta.internal.pc.CompilerAccess.withSharedCompiler(CompilerAccess.scala:137)
	at scala.meta.internal.pc.ScalaPresentationCompiler.completionItemResolve(ScalaPresentationCompiler.scala:204)
	at scala.meta.internal.metals.Compilers.$anonfun$completionItemResolve$2(Compilers.scala:263)
	at scala.Option.map(Option.scala:242)
	at scala.meta.internal.metals.Compilers.$anonfun$completionItemResolve$1(Compilers.scala:262)
	at scala.Option.flatMap(Option.scala:283)
	at scala.meta.internal.metals.Compilers.completionItemResolve(Compilers.scala:261)
	at scala.meta.internal.metals.MetalsLanguageServer.$anonfun$completionItemResolve$1(MetalsLanguageServer.scala:1761)
	at scala.meta.internal.metals.CancelTokens$.future(CancelTokens.scala:38)
	at scala.meta.internal.metals.MetalsLanguageServer.completionItemResolve(MetalsLanguageServer.scala:1759)
	at sun.reflect.GeneratedMethodAccessor10.invoke(Unknown Source)
	at sun.reflect.DelegatingMethodAccessorImpl.invoke(DelegatingMethodAccessorImpl.java:43)
	at java.lang.reflect.Method.invoke(Method.java:498)
	at org.eclipse.lsp4j.jsonrpc.services.GenericEndpoint.lambda$null$0(GenericEndpoint.java:65)
	at org.eclipse.lsp4j.jsonrpc.services.GenericEndpoint.request(GenericEndpoint.java:120)
	at org.eclipse.lsp4j.jsonrpc.RemoteEndpoint.handleRequest(RemoteEndpoint.java:261)
	at org.eclipse.lsp4j.jsonrpc.RemoteEndpoint.consume(RemoteEndpoint.java:190)
	at org.eclipse.lsp4j.jsonrpc.json.StreamMessageProducer.handleMessage(StreamMessageProducer.java:194)
	at org.eclipse.lsp4j.jsonrpc.json.StreamMessageProducer.listen(StreamMessageProducer.java:94)
	at org.eclipse.lsp4j.jsonrpc.json.ConcurrentMessageProcessor.run(ConcurrentMessageProcessor.java:113)
	at java.util.concurrent.Executors$RunnableAdapter.call(Executors.java:511)
	at java.util.concurrent.FutureTask.run(FutureTask.java:266)
	at java.util.concurrent.ThreadPoolExecutor.runWorker(ThreadPoolExecutor.java:1149)
	at java.util.concurrent.ThreadPoolExecutor$Worker.run(ThreadPoolExecutor.java:624)
	at java.lang.Thread.run(Thread.java:748)

2023.02.01 19:36:18 INFO  compiling root (8 scala sources)[0m
2023.02.01 19:36:18 INFO  time: compiled root in 0.24s[0m
2023.02.01 19:36:43 INFO  compiling root (8 scala sources)[0m
2023.02.01 19:36:43 INFO  time: compiled root in 0.27s[0m
2023.02.01 19:36:54 INFO  compiling root (8 scala sources)[0m
2023.02.01 19:36:54 INFO  time: compiled root in 0.25s[0m
2023.02.01 19:36:56 INFO  compiling root (8 scala sources)[0m
2023.02.01 19:36:56 INFO  time: compiled root in 0.23s[0m
2023.02.01 19:37:11 INFO  compiling root (8 scala sources)[0m
2023.02.01 19:37:11 INFO  time: compiled root in 0.24s[0m
2023.02.01 19:37:25 INFO  compiling root (8 scala sources)[0m
2023.02.01 19:37:26 INFO  time: compiled root in 1.2s[0m
2023.02.01 19:37:30 WARN  Could not load snapshot text for /home/abrito/env/labs/apatheia/apatheia-p2p-protocol/src/main/scala/org/adrianobrito/validation/Valid.scala[0m
2023.02.01 19:37:54 INFO  compiling root (8 scala sources)[0m
2023.02.01 19:37:54 INFO  time: compiled root in 0.24s[0m
2023.02.01 19:38:34 INFO  compiling root (8 scala sources)[0m
2023.02.01 19:38:34 INFO  time: compiled root in 0.24s[0m
2023.02.01 19:39:37 INFO  compiling root (8 scala sources)[0m
2023.02.01 19:39:38 INFO  time: compiled root in 1.23s[0m
Feb 01, 2023 7:40:16 PM org.eclipse.lsp4j.jsonrpc.RemoteEndpoint handleNotification
WARNING: Notification threw an exception: {
  "jsonrpc": "2.0",
  "method": "metals/didFocusTextDocument",
  "params": [
    "untitled:Untitled-1"
  ]
}
java.lang.RuntimeException: java.lang.reflect.InvocationTargetException
	at org.eclipse.lsp4j.jsonrpc.services.GenericEndpoint.lambda$null$0(GenericEndpoint.java:67)
	at org.eclipse.lsp4j.jsonrpc.services.GenericEndpoint.notify(GenericEndpoint.java:152)
	at org.eclipse.lsp4j.jsonrpc.RemoteEndpoint.handleNotification(RemoteEndpoint.java:220)
	at org.eclipse.lsp4j.jsonrpc.RemoteEndpoint.consume(RemoteEndpoint.java:187)
	at org.eclipse.lsp4j.jsonrpc.json.StreamMessageProducer.handleMessage(StreamMessageProducer.java:194)
	at org.eclipse.lsp4j.jsonrpc.json.StreamMessageProducer.listen(StreamMessageProducer.java:94)
	at org.eclipse.lsp4j.jsonrpc.json.ConcurrentMessageProcessor.run(ConcurrentMessageProcessor.java:113)
	at java.util.concurrent.Executors$RunnableAdapter.call(Executors.java:511)
	at java.util.concurrent.FutureTask.run(FutureTask.java:266)
	at java.util.concurrent.ThreadPoolExecutor.runWorker(ThreadPoolExecutor.java:1149)
	at java.util.concurrent.ThreadPoolExecutor$Worker.run(ThreadPoolExecutor.java:624)
	at java.lang.Thread.run(Thread.java:748)
Caused by: java.lang.reflect.InvocationTargetException
	at sun.reflect.GeneratedMethodAccessor24.invoke(Unknown Source)
	at sun.reflect.DelegatingMethodAccessorImpl.invoke(DelegatingMethodAccessorImpl.java:43)
	at java.lang.reflect.Method.invoke(Method.java:498)
	at org.eclipse.lsp4j.jsonrpc.services.GenericEndpoint.lambda$null$0(GenericEndpoint.java:65)
	... 11 more
Caused by: java.nio.file.FileSystemNotFoundException: Provider "untitled" not installed
	at java.nio.file.Paths.get(Paths.java:147)
	at scala.meta.internal.mtags.MtagsEnrichments$XtensionURIMtags.toAbsolutePath(MtagsEnrichments.scala:119)
	at scala.meta.internal.mtags.MtagsEnrichments$XtensionStringMtags.toAbsolutePath(MtagsEnrichments.scala:158)
	at scala.meta.internal.metals.MetalsEnrichments$XtensionString.toAbsolutePath(MetalsEnrichments.scala:609)
	at scala.meta.internal.metals.MetalsEnrichments$XtensionString.toAbsolutePath(MetalsEnrichments.scala:606)
	at scala.meta.internal.metals.MetalsLanguageServer.didFocus(MetalsLanguageServer.scala:1200)
	... 15 more

2023.02.01 19:40:21 WARN  Could not load snapshot text for /home/abrito/env/labs/apatheia/apatheia-p2p-protocol/src/main/scala/org/adrianobrito/validation/Valid.scala[0m
2023.02.01 19:40:30 WARN  Could not load snapshot text for /home/abrito/env/labs/apatheia/apatheia-p2p-protocol/src/main/scala/org/adrianobrito/validation/Valid.scala[0m
2023.02.01 19:40:47 WARN  Could not load snapshot text for /home/abrito/env/labs/apatheia/apatheia-p2p-protocol/src/main/scala/org/adrianobrito/validation/Valid.scala[0m
2023.02.01 19:40:53 WARN  Could not load snapshot text for /home/abrito/env/labs/apatheia/apatheia-p2p-protocol/src/main/scala/org/adrianobrito/validation/Valid.scala[0m
2023.02.01 19:40:58 WARN  Could not load snapshot text for /home/abrito/env/labs/apatheia/apatheia-p2p-protocol/src/main/scala/org/adrianobrito/validation/Valid.scala[0m
2023.02.01 19:41:00 WARN  Could not load snapshot text for /home/abrito/env/labs/apatheia/apatheia-p2p-protocol/src/main/scala/org/adrianobrito/validation/Valid.scala[0m
2023.02.01 19:41:01 WARN  Could not load snapshot text for /home/abrito/env/labs/apatheia/apatheia-p2p-protocol/src/main/scala/org/adrianobrito/validation/Valid.scala[0m
2023.02.01 19:41:02 INFO  compiling root (8 scala sources)[0m
2023.02.01 19:41:03 INFO  time: compiled root in 1.11s[0m
2023.02.01 19:41:04 WARN  Could not load snapshot text for /home/abrito/env/labs/apatheia/apatheia-p2p-protocol/src/main/scala/org/adrianobrito/validation/Valid.scala[0m
2023.02.01 19:41:04 WARN  Could not load snapshot text for /home/abrito/env/labs/apatheia/apatheia-p2p-protocol/src/main/scala/org/adrianobrito/validation/Valid.scala[0m
2023.02.01 19:41:06 WARN  Could not load snapshot text for /home/abrito/env/labs/apatheia/apatheia-p2p-protocol/src/main/scala/org/adrianobrito/validation/Valid.scala[0m
2023.02.01 19:41:06 WARN  Could not load snapshot text for /home/abrito/env/labs/apatheia/apatheia-p2p-protocol/src/main/scala/org/adrianobrito/validation/Valid.scala[0m
2023.02.01 19:41:08 WARN  Could not load snapshot text for /home/abrito/env/labs/apatheia/apatheia-p2p-protocol/src/main/scala/org/adrianobrito/validation/Valid.scala[0m
2023.02.01 19:41:08 WARN  Could not load snapshot text for /home/abrito/env/labs/apatheia/apatheia-p2p-protocol/src/main/scala/org/adrianobrito/validation/Valid.scala[0m
2023.02.01 19:41:09 WARN  Could not load snapshot text for /home/abrito/env/labs/apatheia/apatheia-p2p-protocol/src/main/scala/org/adrianobrito/validation/Valid.scala[0m
2023.02.01 19:41:09 WARN  Could not load snapshot text for /home/abrito/env/labs/apatheia/apatheia-p2p-protocol/src/main/scala/org/adrianobrito/validation/Valid.scala[0m
2023.02.01 19:41:09 WARN  Could not load snapshot text for /home/abrito/env/labs/apatheia/apatheia-p2p-protocol/src/main/scala/org/adrianobrito/validation/Valid.scala[0m
2023.02.01 19:41:13 WARN  Could not load snapshot text for /home/abrito/env/labs/apatheia/apatheia-p2p-protocol/src/main/scala/org/adrianobrito/validation/Valid.scala[0m
2023.02.01 19:41:14 WARN  Could not load snapshot text for /home/abrito/env/labs/apatheia/apatheia-p2p-protocol/src/main/scala/org/adrianobrito/validation/Valid.scala[0m
2023.02.01 19:41:19 WARN  Could not load snapshot text for /home/abrito/env/labs/apatheia/apatheia-p2p-protocol/src/main/scala/org/adrianobrito/validation/Valid.scala[0m
2023.02.01 19:41:23 WARN  Could not load snapshot text for /home/abrito/env/labs/apatheia/apatheia-p2p-protocol/src/main/scala/org/adrianobrito/validation/Valid.scala[0m
2023.02.01 19:41:26 WARN  Could not load snapshot text for /home/abrito/env/labs/apatheia/apatheia-p2p-protocol/src/main/scala/org/adrianobrito/validation/Valid.scala[0m
2023.02.01 19:41:27 ERROR scalafmt: /home/abrito/env/labs/apatheia/apatheia-p2p-protocol/src/main/scala/org/adrianobrito/validation/Valid.scala:4: error: [dialect scala213] ] expected but <: found
  def validate(t: T): Either[E <: Error, T]
                               ^[0m
2023.02.01 19:41:27 INFO  compiling root (8 scala sources)[0m
2023.02.01 19:41:27 INFO  time: compiled root in 0.17s[0m
2023.02.01 19:41:27 WARN  Could not load snapshot text for /home/abrito/env/labs/apatheia/apatheia-p2p-protocol/src/main/scala/org/adrianobrito/validation/Valid.scala[0m
2023.02.01 19:41:28 WARN  Could not load snapshot text for /home/abrito/env/labs/apatheia/apatheia-p2p-protocol/src/main/scala/org/adrianobrito/validation/Valid.scala[0m
2023.02.01 19:41:29 WARN  Could not load snapshot text for /home/abrito/env/labs/apatheia/apatheia-p2p-protocol/src/main/scala/org/adrianobrito/validation/Valid.scala[0m
2023.02.01 19:41:29 INFO  compiling root (8 scala sources)[0m
2023.02.01 19:41:29 INFO  time: compiled root in 0.25s[0m
2023.02.01 19:41:30 WARN  Could not load snapshot text for /home/abrito/env/labs/apatheia/apatheia-p2p-protocol/src/main/scala/org/adrianobrito/validation/Valid.scala[0m
2023.02.01 19:41:32 WARN  Could not load snapshot text for /home/abrito/env/labs/apatheia/apatheia-p2p-protocol/src/main/scala/org/adrianobrito/validation/Valid.scala[0m
2023.02.01 19:41:33 ERROR scalafmt: /home/abrito/env/labs/apatheia/apatheia-p2p-protocol/src/main/scala/org/adrianobrito/validation/Valid.scala:4: error: [dialect scala213] ] expected but <: found
  def validate(t: T): Either[E <: Error, T]
                               ^[0m
2023.02.01 19:41:33 INFO  compiling root (8 scala sources)[0m
2023.02.01 19:41:33 INFO  time: compiled root in 0.15s[0m
2023.02.01 19:41:33 WARN  Could not load snapshot text for /home/abrito/env/labs/apatheia/apatheia-p2p-protocol/src/main/scala/org/adrianobrito/validation/Valid.scala[0m
2023.02.01 19:41:41 WARN  Could not load snapshot text for /home/abrito/env/labs/apatheia/apatheia-p2p-protocol/src/main/scala/org/adrianobrito/validation/Valid.scala[0m
2023.02.01 19:41:42 INFO  compiling root (8 scala sources)[0m
2023.02.01 19:41:43 INFO  time: compiled root in 1.3s[0m
2023.02.01 19:41:43 WARN  Could not load snapshot text for /home/abrito/env/labs/apatheia/apatheia-p2p-protocol/src/main/scala/org/adrianobrito/validation/Valid.scala[0m
2023.02.01 19:41:45 INFO  compiling root (8 scala sources)[0m
2023.02.01 19:41:46 INFO  time: compiled root in 1.04s[0m
2023.02.01 19:41:46 WARN  Could not load snapshot text for /home/abrito/env/labs/apatheia/apatheia-p2p-protocol/src/main/scala/org/adrianobrito/validation/Valid.scala[0m
2023.02.01 19:41:49 WARN  Could not load snapshot text for /home/abrito/env/labs/apatheia/apatheia-p2p-protocol/src/main/scala/org/adrianobrito/validation/Valid.scala[0m
2023.02.01 19:41:49 INFO  compiling root (8 scala sources)[0m
2023.02.01 19:41:51 INFO  time: compiled root in 1.65s[0m
2023.02.01 19:41:59 ERROR scalafmt: /home/abrito/env/labs/apatheia/apatheia-p2p-protocol/src/main/scala/org/adrianobrito/validation/Valid.scala:6: error: [dialect scala213] ] expected but <: found
  def validate(t: T): Either[E <: error.Error, T]
                               ^[0m
2023.02.01 19:41:59 INFO  compiling root (1 scala source)[0m
2023.02.01 19:41:59 INFO  time: compiled root in 0.16s[0m
2023.02.01 19:42:06 INFO  compiling root (1 scala source)[0m
2023.02.01 19:42:06 INFO  time: compiled root in 0.15s[0m
Feb 01, 2023 7:42:40 PM org.eclipse.lsp4j.jsonrpc.RemoteEndpoint handleNotification
WARNING: Notification threw an exception: {
  "jsonrpc": "2.0",
  "method": "metals/didFocusTextDocument",
  "params": [
    "untitled:Untitled-1"
  ]
}
java.lang.RuntimeException: java.lang.reflect.InvocationTargetException
	at org.eclipse.lsp4j.jsonrpc.services.GenericEndpoint.lambda$null$0(GenericEndpoint.java:67)
	at org.eclipse.lsp4j.jsonrpc.services.GenericEndpoint.notify(GenericEndpoint.java:152)
	at org.eclipse.lsp4j.jsonrpc.RemoteEndpoint.handleNotification(RemoteEndpoint.java:220)
	at org.eclipse.lsp4j.jsonrpc.RemoteEndpoint.consume(RemoteEndpoint.java:187)
	at org.eclipse.lsp4j.jsonrpc.json.StreamMessageProducer.handleMessage(StreamMessageProducer.java:194)
	at org.eclipse.lsp4j.jsonrpc.json.StreamMessageProducer.listen(StreamMessageProducer.java:94)
	at org.eclipse.lsp4j.jsonrpc.json.ConcurrentMessageProcessor.run(ConcurrentMessageProcessor.java:113)
	at java.util.concurrent.Executors$RunnableAdapter.call(Executors.java:511)
	at java.util.concurrent.FutureTask.run(FutureTask.java:266)
	at java.util.concurrent.ThreadPoolExecutor.runWorker(ThreadPoolExecutor.java:1149)
	at java.util.concurrent.ThreadPoolExecutor$Worker.run(ThreadPoolExecutor.java:624)
	at java.lang.Thread.run(Thread.java:748)
Caused by: java.lang.reflect.InvocationTargetException
	at sun.reflect.GeneratedMethodAccessor24.invoke(Unknown Source)
	at sun.reflect.DelegatingMethodAccessorImpl.invoke(DelegatingMethodAccessorImpl.java:43)
	at java.lang.reflect.Method.invoke(Method.java:498)
	at org.eclipse.lsp4j.jsonrpc.services.GenericEndpoint.lambda$null$0(GenericEndpoint.java:65)
	... 11 more
Caused by: java.nio.file.FileSystemNotFoundException: Provider "untitled" not installed
	at java.nio.file.Paths.get(Paths.java:147)
	at scala.meta.internal.mtags.MtagsEnrichments$XtensionURIMtags.toAbsolutePath(MtagsEnrichments.scala:119)
	at scala.meta.internal.mtags.MtagsEnrichments$XtensionStringMtags.toAbsolutePath(MtagsEnrichments.scala:158)
	at scala.meta.internal.metals.MetalsEnrichments$XtensionString.toAbsolutePath(MetalsEnrichments.scala:609)
	at scala.meta.internal.metals.MetalsEnrichments$XtensionString.toAbsolutePath(MetalsEnrichments.scala:606)
	at scala.meta.internal.metals.MetalsLanguageServer.didFocus(MetalsLanguageServer.scala:1200)
	... 15 more

2023.02.01 19:42:58 INFO  compiling root (1 scala source)[0m
2023.02.01 19:42:58 WARN  Could not load snapshot text for /home/abrito/env/labs/apatheia/apatheia-p2p-protocol/src/main/scala/org/adrianobrito/validation/NodeIdValidation.scala[0m
2023.02.01 19:42:58 INFO  time: compiled root in 1s[0m
2023.02.01 19:44:22 INFO  compiling root-test (1 scala source)[0m
2023.02.01 19:44:22 INFO  time: compiled root-test in 0.68s[0m
2023.02.01 19:44:33 INFO  compiling root (1 scala source)[0m
2023.02.01 19:44:35 INFO  time: compiled root in 1.58s[0m
2023.02.01 19:44:35 INFO  compiling root-test (1 scala source)[0m
2023.02.01 19:44:35 INFO  time: compiled root-test in 80ms[0m
2023.02.01 19:44:39 INFO  compiling root-test (2 scala sources)[0m
2023.02.01 19:44:41 INFO  time: compiled root-test in 1.47s[0m
2023.02.01 19:45:27 ERROR scalafmt: /home/abrito/env/labs/apatheia/apatheia-p2p-protocol/src/test/scala/org/adrianobrito/validation/NodeIdValidationSpec.scala:10: error: [dialect scala213] ) expected but val found
    val nodeId2 = NodeId(56789
    ^[0m
2023.02.01 19:45:27 INFO  compiling root-test (1 scala source)[0m
2023.02.01 19:45:27 INFO  time: compiled root-test in 0.16s[0m
2023.02.01 19:45:44 ERROR scalafmt: /home/abrito/env/labs/apatheia/apatheia-p2p-protocol/src/test/scala/org/adrianobrito/validation/NodeIdValidationSpec.scala:18: error: [dialect scala213] ) expected but val found
    val nodeId2 = NodeId(56789
    ^[0m
2023.02.01 19:45:44 INFO  compiling root-test (1 scala source)[0m
2023.02.01 19:45:44 INFO  time: compiled root-test in 0.14s[0m
2023.02.01 19:45:51 INFO  compiling root-test (1 scala source)[0m
2023.02.01 19:45:51 INFO  time: compiled root-test in 0.28s[0m
2023.02.01 19:45:56 INFO  compiling root-test (1 scala source)[0m
2023.02.01 19:45:58 INFO  time: compiled root-test in 1.38s[0m
2023.02.01 19:46:52 INFO  compiling root-test (1 scala source)[0m
2023.02.01 19:46:53 INFO  time: compiled root-test in 1.25s[0m
2023.02.01 19:46:56 ERROR scalafmt: /home/abrito/env/labs/apatheia/apatheia-p2p-protocol/src/test/scala/org/adrianobrito/validation/NodeIdValidationSpec.scala:10: error: [dialect scala213] integer number too large
    val nodeId1 = NodeId(1234512345123451234)
                         ^[0m
2023.02.01 19:46:56 INFO  compiling root-test (1 scala source)[0m
2023.02.01 19:46:56 INFO  time: compiled root-test in 0.21s[0m
2023.02.01 19:46:57 INFO  compiling root-test (1 scala source)[0m
2023.02.01 19:46:59 INFO  time: compiled root-test in 1.36s[0m
2023.02.01 19:47:00 INFO  compiling root-test (1 scala source)[0m
2023.02.01 19:47:01 INFO  time: compiled root-test in 1.18s[0m
2023.02.01 19:47:10 INFO  compiling root-test (1 scala source)[0m
2023.02.01 19:47:10 INFO  time: compiled root-test in 0.24s[0m
2023.02.01 19:47:29 INFO  compiling root (1 scala source)[0m
2023.02.01 19:47:30 INFO  time: compiled root in 1.19s[0m
2023.02.01 19:47:34 WARN  Could not load snapshot text for /home/abrito/env/labs/apatheia/apatheia-p2p-protocol/src/main/scala/org/adrianobrito/validation/NodeIdValidation.scala[0m
2023.02.01 19:47:34 INFO  compiling root (1 scala source)[0m
2023.02.01 19:47:35 INFO  time: compiled root in 1.1s[0m
2023.02.01 19:48:02 INFO  compiling root-test (1 scala source)[0m
2023.02.01 19:48:02 INFO  time: compiled root-test in 0.22s[0m
2023.02.01 19:48:02 INFO  compiling root-test (1 scala source)[0m
2023.02.01 19:48:02 INFO  time: compiled root-test in 0.12s[0m
Feb 01, 2023 7:48:56 PM scala.meta.internal.metals.Docstrings indexSymbol
SEVERE: file:///home/abrito/env/labs/apatheia/apatheia-p2p-protocol/src/main/scala/org/adrianobrito/validation/NodeIdValidationSpec.scala
java.nio.file.NoSuchFileException: /home/abrito/env/labs/apatheia/apatheia-p2p-protocol/src/main/scala/org/adrianobrito/validation/NodeIdValidationSpec.scala
	at sun.nio.fs.UnixException.translateToIOException(UnixException.java:86)
	at sun.nio.fs.UnixException.rethrowAsIOException(UnixException.java:102)
	at sun.nio.fs.UnixException.rethrowAsIOException(UnixException.java:107)
	at sun.nio.fs.UnixFileSystemProvider.newByteChannel(UnixFileSystemProvider.java:214)
	at java.nio.file.Files.newByteChannel(Files.java:361)
	at java.nio.file.Files.newByteChannel(Files.java:407)
	at java.nio.file.Files.readAllBytes(Files.java:3152)
	at scala.meta.internal.io.PlatformFileIO$.slurp(PlatformFileIO.scala:45)
	at scala.meta.internal.io.FileIO$.slurp(FileIO.scala:24)
	at scala.meta.internal.mtags.CommonMtagsEnrichments$XtensionAbsolutePath.toInput(CommonMtagsEnrichments.scala:551)
	at scala.meta.internal.metals.Docstrings.indexSymbolDefinition(Docstrings.scala:123)
	at scala.meta.internal.metals.Docstrings.indexSymbol(Docstrings.scala:107)
	at scala.meta.internal.metals.Docstrings.documentation(Docstrings.scala:44)
	at scala.meta.internal.metals.MetalsSymbolSearch.documentation(MetalsSymbolSearch.scala:42)
	at scala.meta.internal.pc.MetalsGlobal.symbolDocumentation(MetalsGlobal.scala:227)
	at scala.meta.internal.pc.CompletionItemResolver.handleSymbol(CompletionItemResolver.scala:31)
	at scala.meta.internal.pc.CompletionItemResolver.resolve(CompletionItemResolver.scala:24)
	at scala.meta.internal.pc.ScalaPresentationCompiler.$anonfun$completionItemResolve$1(ScalaPresentationCompiler.scala:205)
	at scala.meta.internal.pc.CompilerAccess.withSharedCompiler(CompilerAccess.scala:137)
	at scala.meta.internal.pc.ScalaPresentationCompiler.completionItemResolve(ScalaPresentationCompiler.scala:204)
	at scala.meta.internal.metals.Compilers.$anonfun$completionItemResolve$2(Compilers.scala:263)
	at scala.Option.map(Option.scala:242)
	at scala.meta.internal.metals.Compilers.$anonfun$completionItemResolve$1(Compilers.scala:262)
	at scala.Option.flatMap(Option.scala:283)
	at scala.meta.internal.metals.Compilers.completionItemResolve(Compilers.scala:261)
	at scala.meta.internal.metals.MetalsLanguageServer.$anonfun$completionItemResolve$1(MetalsLanguageServer.scala:1761)
	at scala.meta.internal.metals.CancelTokens$.future(CancelTokens.scala:38)
	at scala.meta.internal.metals.MetalsLanguageServer.completionItemResolve(MetalsLanguageServer.scala:1759)
	at sun.reflect.GeneratedMethodAccessor10.invoke(Unknown Source)
	at sun.reflect.DelegatingMethodAccessorImpl.invoke(DelegatingMethodAccessorImpl.java:43)
	at java.lang.reflect.Method.invoke(Method.java:498)
	at org.eclipse.lsp4j.jsonrpc.services.GenericEndpoint.lambda$null$0(GenericEndpoint.java:65)
	at org.eclipse.lsp4j.jsonrpc.services.GenericEndpoint.request(GenericEndpoint.java:120)
	at org.eclipse.lsp4j.jsonrpc.RemoteEndpoint.handleRequest(RemoteEndpoint.java:261)
	at org.eclipse.lsp4j.jsonrpc.RemoteEndpoint.consume(RemoteEndpoint.java:190)
	at org.eclipse.lsp4j.jsonrpc.json.StreamMessageProducer.handleMessage(StreamMessageProducer.java:194)
	at org.eclipse.lsp4j.jsonrpc.json.StreamMessageProducer.listen(StreamMessageProducer.java:94)
	at org.eclipse.lsp4j.jsonrpc.json.ConcurrentMessageProcessor.run(ConcurrentMessageProcessor.java:113)
	at java.util.concurrent.Executors$RunnableAdapter.call(Executors.java:511)
	at java.util.concurrent.FutureTask.run(FutureTask.java:266)
	at java.util.concurrent.ThreadPoolExecutor.runWorker(ThreadPoolExecutor.java:1149)
	at java.util.concurrent.ThreadPoolExecutor$Worker.run(ThreadPoolExecutor.java:624)
	at java.lang.Thread.run(Thread.java:748)

2023.02.01 19:48:56 ERROR searching for `org/adrianobrito/validation/NodeIdValidationSpec#` failedjava.nio.file.NoSuchFileException: /home/abrito/env/labs/apatheia/apatheia-p2p-protocol/src/test/scala/org/adrianobrito/validation/NodeIdValidation.scala
	at sun.nio.fs.UnixException.translateToIOException(UnixException.java:86)
	at sun.nio.fs.UnixException.rethrowAsIOException(UnixException.java:102)
	at sun.nio.fs.UnixException.rethrowAsIOException(UnixException.java:107)
	at sun.nio.fs.UnixFileSystemProvider.newByteChannel(UnixFileSystemProvider.java:214)
	at java.nio.file.Files.newByteChannel(Files.java:361)
	at java.nio.file.Files.newByteChannel(Files.java:407)
	at java.nio.file.Files.readAllBytes(Files.java:3152)
	at scala.meta.internal.io.PlatformFileIO$.slurp(PlatformFileIO.scala:45)
	at scala.meta.internal.io.FileIO$.slurp(FileIO.scala:24)
	at scala.meta.internal.mtags.CommonMtagsEnrichments$XtensionAbsolutePath.toInput(CommonMtagsEnrichments.scala:551)
	at scala.meta.internal.mtags.SymbolIndexBucket.addMtagsSourceFile(SymbolIndexBucket.scala:216)
	at scala.meta.internal.mtags.SymbolIndexBucket.$anonfun$query0$1(SymbolIndexBucket.scala:181)
	at scala.meta.internal.mtags.SymbolIndexBucket.$anonfun$query0$1$adapted(SymbolIndexBucket.scala:181)
	at scala.collection.immutable.Set$Set2.foreach(Set.scala:201)
	at scala.meta.internal.mtags.SymbolIndexBucket.query0(SymbolIndexBucket.scala:181)
	at scala.meta.internal.mtags.SymbolIndexBucket.query(SymbolIndexBucket.scala:158)
	at scala.meta.internal.mtags.OnDemandSymbolIndex.$anonfun$findSymbolDefinition$1(OnDemandSymbolIndex.scala:139)
	at scala.collection.immutable.List.flatMap(List.scala:293)
	at scala.meta.internal.mtags.OnDemandSymbolIndex.findSymbolDefinition(OnDemandSymbolIndex.scala:139)
	at scala.meta.internal.mtags.OnDemandSymbolIndex.definition(OnDemandSymbolIndex.scala:46)
	at scala.meta.internal.metals.Docstrings.indexSymbol(Docstrings.scala:104)
	at scala.meta.internal.metals.Docstrings.documentation(Docstrings.scala:44)
	at scala.meta.internal.metals.MetalsSymbolSearch.documentation(MetalsSymbolSearch.scala:42)
	at scala.meta.internal.pc.MetalsGlobal.symbolDocumentation(MetalsGlobal.scala:227)
	at scala.meta.internal.pc.CompletionItemResolver.$anonfun$handleSymbol$1(CompletionItemResolver.scala:32)
	at scala.Option.orElse(Option.scala:477)
	at scala.meta.internal.pc.CompletionItemResolver.handleSymbol(CompletionItemResolver.scala:32)
	at scala.meta.internal.pc.CompletionItemResolver.resolve(CompletionItemResolver.scala:24)
	at scala.meta.internal.pc.ScalaPresentationCompiler.$anonfun$completionItemResolve$1(ScalaPresentationCompiler.scala:205)
	at scala.meta.internal.pc.CompilerAccess.withSharedCompiler(CompilerAccess.scala:137)
	at scala.meta.internal.pc.ScalaPresentationCompiler.completionItemResolve(ScalaPresentationCompiler.scala:204)
	at scala.meta.internal.metals.Compilers.$anonfun$completionItemResolve$2(Compilers.scala:263)
	at scala.Option.map(Option.scala:242)
	at scala.meta.internal.metals.Compilers.$anonfun$completionItemResolve$1(Compilers.scala:262)
	at scala.Option.flatMap(Option.scala:283)
	at scala.meta.internal.metals.Compilers.completionItemResolve(Compilers.scala:261)
	at scala.meta.internal.metals.MetalsLanguageServer.$anonfun$completionItemResolve$1(MetalsLanguageServer.scala:1761)
	at scala.meta.internal.metals.CancelTokens$.future(CancelTokens.scala:38)
	at scala.meta.internal.metals.MetalsLanguageServer.completionItemResolve(MetalsLanguageServer.scala:1759)
	at sun.reflect.GeneratedMethodAccessor10.invoke(null)
	at sun.reflect.DelegatingMethodAccessorImpl.invoke(DelegatingMethodAccessorImpl.java:43)
	at java.lang.reflect.Method.invoke(Method.java:498)
	at org.eclipse.lsp4j.jsonrpc.services.GenericEndpoint.lambda$null$0(GenericEndpoint.java:65)
	at org.eclipse.lsp4j.jsonrpc.services.GenericEndpoint.request(GenericEndpoint.java:120)
	at org.eclipse.lsp4j.jsonrpc.RemoteEndpoint.handleRequest(RemoteEndpoint.java:261)
	at org.eclipse.lsp4j.jsonrpc.RemoteEndpoint.consume(RemoteEndpoint.java:190)
	at org.eclipse.lsp4j.jsonrpc.json.StreamMessageProducer.handleMessage(StreamMessageProducer.java:194)
	at org.eclipse.lsp4j.jsonrpc.json.StreamMessageProducer.listen(StreamMessageProducer.java:94)
	at org.eclipse.lsp4j.jsonrpc.json.ConcurrentMessageProcessor.run(ConcurrentMessageProcessor.java:113)
	at java.util.concurrent.Executors$RunnableAdapter.call(Executors.java:511)
	at java.util.concurrent.FutureTask.run(FutureTask.java:266)
	at java.util.concurrent.ThreadPoolExecutor.runWorker(ThreadPoolExecutor.java:1149)
	at java.util.concurrent.ThreadPoolExecutor$Worker.run(ThreadPoolExecutor.java:624)
	at java.lang.Thread.run(Thread.java:748)
[0m
2023.02.01 19:49:06 INFO  compiling root-test (1 scala source)[0m
2023.02.01 19:49:06 INFO  time: compiled root-test in 0.26s[0m
2023.02.01 19:49:16 ERROR searching for `org/adrianobrito/validation/NodeIdValidationSpec#` failedjava.nio.file.NoSuchFileException: /home/abrito/env/labs/apatheia/apatheia-p2p-protocol/src/test/scala/org/adrianobrito/validation/NodeIdValidation.scala
	at sun.nio.fs.UnixException.translateToIOException(UnixException.java:86)
	at sun.nio.fs.UnixException.rethrowAsIOException(UnixException.java:102)
	at sun.nio.fs.UnixException.rethrowAsIOException(UnixException.java:107)
	at sun.nio.fs.UnixFileSystemProvider.newByteChannel(UnixFileSystemProvider.java:214)
	at java.nio.file.Files.newByteChannel(Files.java:361)
	at java.nio.file.Files.newByteChannel(Files.java:407)
	at java.nio.file.Files.readAllBytes(Files.java:3152)
	at scala.meta.internal.io.PlatformFileIO$.slurp(PlatformFileIO.scala:45)
	at scala.meta.internal.io.FileIO$.slurp(FileIO.scala:24)
	at scala.meta.internal.mtags.CommonMtagsEnrichments$XtensionAbsolutePath.toInput(CommonMtagsEnrichments.scala:551)
	at scala.meta.internal.mtags.SymbolIndexBucket.addMtagsSourceFile(SymbolIndexBucket.scala:216)
	at scala.meta.internal.mtags.SymbolIndexBucket.$anonfun$query0$1(SymbolIndexBucket.scala:181)
	at scala.meta.internal.mtags.SymbolIndexBucket.$anonfun$query0$1$adapted(SymbolIndexBucket.scala:181)
	at scala.collection.immutable.Set$Set2.foreach(Set.scala:201)
	at scala.meta.internal.mtags.SymbolIndexBucket.query0(SymbolIndexBucket.scala:181)
	at scala.meta.internal.mtags.SymbolIndexBucket.query(SymbolIndexBucket.scala:158)
	at scala.meta.internal.mtags.OnDemandSymbolIndex.$anonfun$findSymbolDefinition$1(OnDemandSymbolIndex.scala:139)
	at scala.collection.immutable.List.flatMap(List.scala:293)
	at scala.meta.internal.mtags.OnDemandSymbolIndex.findSymbolDefinition(OnDemandSymbolIndex.scala:139)
	at scala.meta.internal.mtags.OnDemandSymbolIndex.definition(OnDemandSymbolIndex.scala:46)
	at scala.meta.internal.metals.Docstrings.indexSymbol(Docstrings.scala:104)
	at scala.meta.internal.metals.Docstrings.documentation(Docstrings.scala:44)
	at scala.meta.internal.metals.MetalsSymbolSearch.documentation(MetalsSymbolSearch.scala:42)
	at scala.meta.internal.pc.MetalsGlobal.symbolDocumentation(MetalsGlobal.scala:227)
	at scala.meta.internal.pc.CompletionItemResolver.$anonfun$handleSymbol$1(CompletionItemResolver.scala:32)
	at scala.Option.orElse(Option.scala:477)
	at scala.meta.internal.pc.CompletionItemResolver.handleSymbol(CompletionItemResolver.scala:32)
	at scala.meta.internal.pc.CompletionItemResolver.resolve(CompletionItemResolver.scala:24)
	at scala.meta.internal.pc.ScalaPresentationCompiler.$anonfun$completionItemResolve$1(ScalaPresentationCompiler.scala:205)
	at scala.meta.internal.pc.CompilerAccess.withSharedCompiler(CompilerAccess.scala:137)
	at scala.meta.internal.pc.ScalaPresentationCompiler.completionItemResolve(ScalaPresentationCompiler.scala:204)
	at scala.meta.internal.metals.Compilers.$anonfun$completionItemResolve$2(Compilers.scala:263)
	at scala.Option.map(Option.scala:242)
	at scala.meta.internal.metals.Compilers.$anonfun$completionItemResolve$1(Compilers.scala:262)
	at scala.Option.flatMap(Option.scala:283)
	at scala.meta.internal.metals.Compilers.completionItemResolve(Compilers.scala:261)
	at scala.meta.internal.metals.MetalsLanguageServer.$anonfun$completionItemResolve$1(MetalsLanguageServer.scala:1761)
	at scala.meta.internal.metals.CancelTokens$.future(CancelTokens.scala:38)
	at scala.meta.internal.metals.MetalsLanguageServer.completionItemResolve(MetalsLanguageServer.scala:1759)
	at sun.reflect.GeneratedMethodAccessor10.invoke(null)
	at sun.reflect.DelegatingMethodAccessorImpl.invoke(DelegatingMethodAccessorImpl.java:43)
	at java.lang.reflect.Method.invoke(Method.java:498)
	at org.eclipse.lsp4j.jsonrpc.services.GenericEndpoint.lambda$null$0(GenericEndpoint.java:65)
	at org.eclipse.lsp4j.jsonrpc.services.GenericEndpoint.request(GenericEndpoint.java:120)
	at org.eclipse.lsp4j.jsonrpc.RemoteEndpoint.handleRequest(RemoteEndpoint.java:261)
	at org.eclipse.lsp4j.jsonrpc.RemoteEndpoint.consume(RemoteEndpoint.java:190)
	at org.eclipse.lsp4j.jsonrpc.json.StreamMessageProducer.handleMessage(StreamMessageProducer.java:194)
	at org.eclipse.lsp4j.jsonrpc.json.StreamMessageProducer.listen(StreamMessageProducer.java:94)
	at org.eclipse.lsp4j.jsonrpc.json.ConcurrentMessageProcessor.run(ConcurrentMessageProcessor.java:113)
	at java.util.concurrent.Executors$RunnableAdapter.call(Executors.java:511)
	at java.util.concurrent.FutureTask.run(FutureTask.java:266)
	at java.util.concurrent.ThreadPoolExecutor.runWorker(ThreadPoolExecutor.java:1149)
	at java.util.concurrent.ThreadPoolExecutor$Worker.run(ThreadPoolExecutor.java:624)
	at java.lang.Thread.run(Thread.java:748)
[0m
2023.02.01 19:49:35 INFO  compiling root-test (1 scala source)[0m
2023.02.01 19:49:35 INFO  time: compiled root-test in 0.26s[0m
2023.02.01 19:50:06 INFO  compiling root-test (1 scala source)[0m
2023.02.01 19:50:06 INFO  time: compiled root-test in 0.29s[0m
2023.02.01 19:51:02 INFO  compiling root-test (1 scala source)[0m
2023.02.01 19:51:04 INFO  time: compiled root-test in 2s[0m
2023.02.01 19:51:04 INFO  compiling root-test (1 scala source)[0m
2023.02.01 19:51:04 WARN  Could not load snapshot text for /home/abrito/env/labs/apatheia/apatheia-p2p-protocol/src/test/scala/org/adrianobrito/validation/NodeIdValidationSpec.scala[0m
2023.02.01 19:51:05 INFO  time: compiled root-test in 0.6s[0m
2023.02.01 19:51:06 INFO  compiling root-test (1 scala source)[0m
2023.02.01 19:51:08 INFO  time: compiled root-test in 1.25s[0m
2023.02.01 19:53:12 INFO  compiling root-test (1 scala source)[0m
2023.02.01 19:53:12 WARN  Could not load snapshot text for /home/abrito/env/labs/apatheia/apatheia-p2p-protocol/src/test/scala/org/adrianobrito/validation/NodeIdValidationSpec.scala[0m
2023.02.01 19:53:12 INFO  time: compiled root-test in 0.93s[0m
2023.02.01 19:53:20 INFO  compiling root-test (1 scala source)[0m
2023.02.01 19:53:21 INFO  time: compiled root-test in 1.02s[0m
2023.02.01 19:53:36 INFO  compiling root-test (1 scala source)[0m
2023.02.01 19:53:37 INFO  time: compiled root-test in 1.04s[0m
2023.02.01 19:53:42 INFO  compiling root-test (1 scala source)[0m
2023.02.01 19:53:42 INFO  time: compiled root-test in 0.98s[0m
2023.02.01 19:53:46 INFO  compiling root-test (1 scala source)[0m
2023.02.01 19:53:47 INFO  time: compiled root-test in 1.07s[0m
2023.02.01 20:03:05 INFO  compiling root-test (1 scala source)[0m
2023.02.01 20:03:06 INFO  time: compiled root-test in 1.02s[0m
2023.02.01 20:04:01 INFO  compiling root-test (1 scala source)[0m
2023.02.01 20:04:02 INFO  time: compiled root-test in 1.03s[0m
2023.02.01 20:04:46 INFO  compiling root-test (1 scala source)[0m
2023.02.01 20:04:47 INFO  time: compiled root-test in 1.14s[0m
2023.02.01 20:07:21 INFO  compiling root (1 scala source)[0m
2023.02.01 20:07:21 INFO  time: compiled root in 0.62s[0m
2023.02.01 20:07:46 INFO  compiling root (1 scala source)[0m
2023.02.01 20:07:46 INFO  time: compiled root in 0.79s[0m
2023.02.01 20:08:04 INFO  compiling root (1 scala source)[0m
2023.02.01 20:08:04 WARN  Could not load snapshot text for /home/abrito/env/labs/apatheia/apatheia-p2p-protocol/src/main/scala/org/adrianobrito/store/KeyValueStore.scala[0m
2023.02.01 20:08:04 WARN  Could not load snapshot text for /home/abrito/env/labs/apatheia/apatheia-p2p-protocol/src/main/scala/org/adrianobrito/store/KeyValueStore.scala[0m
2023.02.01 20:08:04 WARN  1 deprecation (since 2.13.0); re-run with -deprecation for details[0m
2023.02.01 20:08:04 INFO  time: compiled root in 0.92s[0m
2023.02.01 20:12:11 INFO  compiling root (1 scala source)[0m
2023.02.01 20:12:11 WARN  1 deprecation (since 2.13.0); re-run with -deprecation for details[0m
2023.02.01 20:12:11 INFO  time: compiled root in 0.94s[0m
2023.02.01 20:12:33 INFO  compiling root (1 scala source)[0m
2023.02.01 20:12:33 INFO  time: compiled root in 0.99s[0m
2023.02.01 20:12:58 INFO  compiling root (1 scala source)[0m
2023.02.01 20:12:58 INFO  time: compiled root in 0.83s[0m
2023.02.01 20:13:40 INFO  compiling root (1 scala source)[0m
2023.02.01 20:13:40 INFO  time: compiled root in 0.73s[0m
2023.02.01 20:13:46 INFO  compiling root (1 scala source)[0m
2023.02.01 20:13:46 INFO  time: compiled root in 0.63s[0m
something's wrong: no file:///home/abrito/env/labs/apatheia/apatheia-p2p-protocol/src/main/scala/org/adrianobrito/store/KeyValueStore.scala in Iterator[AnyRef{def put(key: K, value: V): V; def get(key: K): Option[V]; def remove(key: K): V}]RangePosition(file:///home/abrito/env/labs/apatheia/apatheia-p2p-protocol/src/main/scala/org/adrianobrito/store/KeyValueStore.scala, 66, 66, 162)
something's wrong: no file:///home/abrito/env/labs/apatheia/apatheia-p2p-protocol/src/main/scala/org/adrianobrito/store/KeyValueStore.scala in Iterator[<error>]RangePosition(file:///home/abrito/env/labs/apatheia/apatheia-p2p-protocol/src/main/scala/org/adrianobrito/store/KeyValueStore.scala, 66, 66, 163)
2023.02.01 20:15:32 INFO  compiling root (1 scala source)[0m
2023.02.01 20:15:32 INFO  time: compiled root in 0.99s[0m
2023.02.01 20:16:32 INFO  compiling root (1 scala source)[0m
2023.02.01 20:16:32 INFO  time: compiled root in 0.73s[0m
2023.02.01 20:17:08 INFO  compiling root (1 scala source)[0m
2023.02.01 20:17:08 INFO  time: compiled root in 0.72s[0m
2023.02.01 20:17:46 INFO  compiling root (1 scala source)[0m
2023.02.01 20:17:46 INFO  time: compiled root in 0.11s[0m
something's wrong: no file:///home/abrito/env/labs/apatheia/apatheia-p2p-protocol/src/main/scala/org/adrianobrito/store/ApatheiaKeyValueStore.scala in org.adrianobrito.store.KeyValueStore[org.adrianobrito.model.NodeId,<error>]RangePosition(file:///home/abrito/env/labs/apatheia/apatheia-p2p-protocol/src/main/scala/org/adrianobrito/store/ApatheiaKeyValueStore.scala, 106, 106, 136)
2023.02.01 20:19:03 ERROR scalafmt: /home/abrito/env/labs/apatheia/apatheia-p2p-protocol/src/main/scala/org/adrianobrito/store/ApatheiaKeyValueStore.scala:7: error: [dialect scala213] illegal start of simple expression
  def get(key: K): Option[V]
  ^[0m
2023.02.01 20:19:03 INFO  compiling root (1 scala source)[0m
2023.02.01 20:19:03 INFO  time: compiled root in 0.12s[0m
2023.02.01 20:21:18 INFO  compiling root (2 scala sources)[0m
2023.02.01 20:21:18 INFO  time: compiled root in 93ms[0m
2023.02.01 20:21:25 INFO  compiling root (2 scala sources)[0m
2023.02.01 20:21:25 INFO  time: compiled root in 0.77s[0m
2023.02.01 20:21:54 INFO  compiling root (2 scala sources)[0m
2023.02.01 20:21:54 INFO  time: compiled root in 0.76s[0m
2023.02.01 20:22:45 INFO  compiling root (2 scala sources)[0m
2023.02.01 20:22:45 INFO  time: compiled root in 0.82s[0m
2023.02.01 20:23:20 INFO  compiling root (2 scala sources)[0m
2023.02.01 20:23:21 INFO  time: compiled root in 1.08s[0m
2023.02.01 20:23:21 INFO  compiling root (2 scala sources)[0m
2023.02.01 20:23:21 INFO  time: compiled root in 0.11s[0m
2023.02.01 20:24:43 INFO  compiling root (2 scala sources)[0m
2023.02.01 20:24:43 INFO  time: compiled root in 0.76s[0m
2023.02.01 20:24:50 INFO  compiling root (2 scala sources)[0m
2023.02.01 20:24:50 INFO  time: compiled root in 0.86s[0m
2023.02.01 20:27:16 INFO  compiling root (1 scala source)[0m
2023.02.01 20:27:16 INFO  time: compiled root in 0.15s[0m
2023.02.01 20:27:17 WARN  Could not load snapshot text for /home/abrito/env/labs/apatheia/apatheia-p2p-protocol/src/main/scala/org/adrianobrito/store/ApatheiaKeyValueStore.scala[0m
2023.02.01 20:27:22 WARN  Could not load snapshot text for /home/abrito/env/labs/apatheia/apatheia-p2p-protocol/src/main/scala/org/adrianobrito/store/ApatheiaKeyValueStore.scala[0m
2023.02.01 20:27:44 WARN  Could not load snapshot text for /home/abrito/env/labs/apatheia/apatheia-p2p-protocol/src/main/scala/org/adrianobrito/store/ApatheiaKeyValueStore.scala[0m
2023.02.01 20:27:47 WARN  Could not load snapshot text for /home/abrito/env/labs/apatheia/apatheia-p2p-protocol/src/main/scala/org/adrianobrito/store/ApatheiaKeyValueStore.scala[0m
2023.02.01 20:27:50 WARN  Could not load snapshot text for /home/abrito/env/labs/apatheia/apatheia-p2p-protocol/src/main/scala/org/adrianobrito/store/ApatheiaKeyValueStore.scala[0m
2023.02.01 20:27:51 WARN  Could not load snapshot text for /home/abrito/env/labs/apatheia/apatheia-p2p-protocol/src/main/scala/org/adrianobrito/store/ApatheiaKeyValueStore.scala[0m
2023.02.01 20:27:51 WARN  Could not load snapshot text for /home/abrito/env/labs/apatheia/apatheia-p2p-protocol/src/main/scala/org/adrianobrito/store/ApatheiaKeyValueStore.scala[0m
2023.02.01 20:27:52 WARN  Could not load snapshot text for /home/abrito/env/labs/apatheia/apatheia-p2p-protocol/src/main/scala/org/adrianobrito/store/ApatheiaKeyValueStore.scala[0m
2023.02.01 20:27:52 WARN  Could not load snapshot text for /home/abrito/env/labs/apatheia/apatheia-p2p-protocol/src/main/scala/org/adrianobrito/store/ApatheiaKeyValueStore.scala[0m
2023.02.01 20:27:53 WARN  Could not load snapshot text for /home/abrito/env/labs/apatheia/apatheia-p2p-protocol/src/main/scala/org/adrianobrito/store/ApatheiaKeyValueStore.scala[0m
2023.02.01 20:28:00 WARN  Could not load snapshot text for /home/abrito/env/labs/apatheia/apatheia-p2p-protocol/src/main/scala/org/adrianobrito/store/ApatheiaKeyValueStore.scala[0m
2023.02.01 20:28:41 WARN  Could not load snapshot text for /home/abrito/env/labs/apatheia/apatheia-p2p-protocol/src/main/scala/org/adrianobrito/store/ApatheiaKeyValueStore.scala[0m
2023.02.01 20:28:45 WARN  Could not load snapshot text for /home/abrito/env/labs/apatheia/apatheia-p2p-protocol/src/main/scala/org/adrianobrito/store/ApatheiaKeyValueStore.scala[0m
2023.02.01 20:28:46 WARN  Could not load snapshot text for /home/abrito/env/labs/apatheia/apatheia-p2p-protocol/src/main/scala/org/adrianobrito/store/ApatheiaKeyValueStore.scala[0m
2023.02.01 20:28:48 WARN  Could not load snapshot text for /home/abrito/env/labs/apatheia/apatheia-p2p-protocol/src/main/scala/org/adrianobrito/store/ApatheiaKeyValueStore.scala[0m
2023.02.01 20:28:49 WARN  Could not load snapshot text for /home/abrito/env/labs/apatheia/apatheia-p2p-protocol/src/main/scala/org/adrianobrito/store/ApatheiaKeyValueStore.scala[0m
2023.02.01 20:28:52 WARN  Could not load snapshot text for /home/abrito/env/labs/apatheia/apatheia-p2p-protocol/src/main/scala/org/adrianobrito/store/ApatheiaKeyValueStore.scala[0m
2023.02.01 20:28:53 WARN  Could not load snapshot text for /home/abrito/env/labs/apatheia/apatheia-p2p-protocol/src/main/scala/org/adrianobrito/store/ApatheiaKeyValueStore.scala[0m
2023.02.01 20:28:54 WARN  Could not load snapshot text for /home/abrito/env/labs/apatheia/apatheia-p2p-protocol/src/main/scala/org/adrianobrito/store/ApatheiaKeyValueStore.scala[0m
2023.02.01 20:29:06 WARN  Could not load snapshot text for /home/abrito/env/labs/apatheia/apatheia-p2p-protocol/src/main/scala/org/adrianobrito/store/ApatheiaKeyValueStore.scala[0m
2023.02.01 20:29:08 INFO  compiling root (1 scala source)[0m
2023.02.01 20:29:08 WARN  Could not load snapshot text for /home/abrito/env/labs/apatheia/apatheia-p2p-protocol/src/main/scala/org/adrianobrito/store/ApatheiaKeyValueStore.scala[0m
2023.02.01 20:29:10 INFO  time: compiled root in 1.86s[0m
2023.02.01 20:30:42 INFO  compiling root (1 scala source)[0m
2023.02.01 20:30:42 INFO  time: compiled root in 0.61s[0m
2023.02.01 20:30:42 INFO  compiling root (1 scala source)[0m
2023.02.01 20:30:42 INFO  time: compiled root in 0.2s[0m
2023.02.01 20:30:51 INFO  compiling root (1 scala source)[0m
2023.02.01 20:30:51 INFO  time: compiled root in 0.62s[0m
2023.02.01 20:30:51 INFO  compiling root (1 scala source)[0m
2023.02.01 20:30:51 INFO  time: compiled root in 0.3s[0m
2023.02.01 20:31:01 INFO  compiling root (2 scala sources)[0m
2023.02.01 20:31:01 INFO  time: compiled root in 0.13s[0m
2023.02.01 20:31:10 INFO  compiling root (2 scala sources)[0m
2023.02.01 20:31:10 INFO  time: compiled root in 0.87s[0m
2023.02.01 20:31:18 ERROR scalafmt: /home/abrito/env/labs/apatheia/apatheia-p2p-protocol/src/main/scala/org/adrianobrito/store/ApatheiaKeyValueStore.scala:12: error: [dialect scala213] type application is not allowed for postfix operators
  override def iterator: Iterator[NodeId] = ???KeyValueStore[NodeId, Array[Byte]]}
                                                                                 ^[0m
2023.02.01 20:31:18 INFO  compiling root (2 scala sources)[0m
2023.02.01 20:31:18 INFO  time: compiled root in 0.1s[0m
2023.02.01 20:31:37 INFO  compiling root (2 scala sources)[0m
2023.02.01 20:31:38 INFO  time: compiled root in 1.02s[0m
2023.02.01 20:31:43 INFO  compiling root (2 scala sources)[0m
2023.02.01 20:31:43 INFO  time: compiled root in 0.86s[0m
2023.02.01 20:31:43 INFO  compiling root (2 scala sources)[0m
2023.02.01 20:31:44 INFO  time: compiled root in 0.15s[0m
2023.02.01 20:32:01 INFO  compiling root (2 scala sources)[0m
2023.02.01 20:32:01 INFO  time: compiled root in 0.99s[0m
2023.02.01 20:32:04 INFO  compiling root (2 scala sources)[0m
2023.02.01 20:32:04 INFO  time: compiled root in 0.83s[0m
2023.02.01 20:32:16 INFO  compiling root (2 scala sources)[0m
2023.02.01 20:32:18 INFO  time: compiled root in 1.31s[0m
2023.02.01 20:32:39 INFO  compiling root (1 scala source)[0m
2023.02.01 20:32:39 INFO  time: compiled root in 0.92s[0m
2023.02.01 20:33:10 INFO  compiling root (1 scala source)[0m
2023.02.01 20:33:10 INFO  time: compiled root in 0.8s[0m
2023.02.01 20:34:57 INFO  compiling root (1 scala source)[0m
2023.02.01 20:34:57 INFO  time: compiled root in 0.89s[0m
2023.02.01 20:35:33 INFO  compiling root (1 scala source)[0m
2023.02.01 20:35:33 INFO  time: compiled root in 0.88s[0m
2023.02.01 20:39:41 INFO  compiling root-test (1 scala source)[0m
2023.02.01 20:39:41 INFO  time: compiled root-test in 0.67s[0m
2023.02.01 20:39:55 INFO  compiling root-test (1 scala source)[0m
2023.02.01 20:39:55 INFO  time: compiled root-test in 0.19s[0m
2023.02.01 20:40:05 INFO  compiling root-test (1 scala source)[0m
2023.02.01 20:40:05 INFO  time: compiled root-test in 0.17s[0m
2023.02.01 20:40:10 INFO  compiling root-test (1 scala source)[0m
2023.02.01 20:40:10 INFO  time: compiled root-test in 0.17s[0m
2023.02.01 20:40:24 INFO  compiling root-test (1 scala source)[0m
2023.02.01 20:40:24 INFO  time: compiled root-test in 0.21s[0m
2023.02.01 20:40:32 INFO  compiling root-test (1 scala source)[0m
2023.02.01 20:40:33 INFO  time: compiled root-test in 1.4s[0m
2023.02.01 20:58:23 INFO  compiling root (1 scala source)[0m
2023.02.01 20:58:23 INFO  time: compiled root in 0.64s[0m
2023.02.01 20:58:33 INFO  compiling root (1 scala source)[0m
2023.02.01 20:58:33 INFO  time: compiled root in 0.74s[0m
2023.02.01 20:58:44 INFO  compiling root (1 scala source)[0m
2023.02.01 20:58:44 INFO  time: compiled root in 0.66s[0m
2023.02.01 20:59:01 INFO  compiling root (1 scala source)[0m
2023.02.01 20:59:01 INFO  time: compiled root in 0.23s[0m
2023.02.01 20:59:21 INFO  compiling root (1 scala source)[0m
2023.02.01 20:59:21 INFO  time: compiled root in 0.19s[0m
2023.02.01 20:59:22 INFO  compiling root (1 scala source)[0m
2023.02.01 20:59:22 INFO  time: compiled root in 0.1s[0m
2023.02.01 20:59:28 INFO  compiling root (1 scala source)[0m
2023.02.01 20:59:28 INFO  time: compiled root in 0.17s[0m
2023.02.01 20:59:56 INFO  compiling root (1 scala source)[0m
2023.02.01 20:59:56 INFO  time: compiled root in 0.16s[0m
2023.02.01 21:00:01 INFO  compiling root (1 scala source)[0m
2023.02.01 21:00:01 INFO  time: compiled root in 0.14s[0m
2023.02.01 21:00:05 INFO  compiling root (1 scala source)[0m
2023.02.01 21:00:05 INFO  time: compiled root in 0.13s[0m
2023.02.01 21:00:08 INFO  compiling root (1 scala source)[0m
2023.02.01 21:00:08 INFO  time: compiled root in 0.16s[0m
2023.02.01 22:30:54 INFO  compiling root (1 scala source)[0m
2023.02.01 22:30:54 INFO  time: compiled root in 0.95s[0m
2023.02.01 22:33:18 INFO  compiling root (1 scala source)[0m
2023.02.01 22:33:18 INFO  time: compiled root in 0.84s[0m
2023.02.01 22:33:21 INFO  compiling root (1 scala source)[0m
2023.02.01 22:33:21 INFO  time: compiled root in 0.9s[0m
2023.02.01 22:33:43 INFO  compiling root (1 scala source)[0m
2023.02.01 22:33:43 INFO  time: compiled root in 0.17s[0m
2023.02.01 22:33:48 INFO  compiling root (1 scala source)[0m
2023.02.01 22:33:48 INFO  time: compiled root in 0.86s[0m
2023.02.01 22:33:59 INFO  compiling root (1 scala source)[0m
2023.02.01 22:33:59 INFO  time: compiled root in 0.8s[0m
something's wrong: no file:///home/abrito/env/labs/apatheia/apatheia-p2p-protocol/src/main/scala/org/adrianobrito/model/RoutingTable.scala in Map[org.adrianobrito.model.NodeId,<error>]RangePosition(file:///home/abrito/env/labs/apatheia/apatheia-p2p-protocol/src/main/scala/org/adrianobrito/model/RoutingTable.scala, 156, 156, 176)
something's wrong: no file:///home/abrito/env/labs/apatheia/apatheia-p2p-protocol/src/main/scala/org/adrianobrito/model/RoutingTable.scala in Map[org.adrianobrito.model.NodeId,<error>]RangePosition(file:///home/abrito/env/labs/apatheia/apatheia-p2p-protocol/src/main/scala/org/adrianobrito/model/RoutingTable.scala, 156, 156, 177)
something's wrong: no file:///home/abrito/env/labs/apatheia/apatheia-p2p-protocol/src/main/scala/org/adrianobrito/model/RoutingTable.scala in Map[org.adrianobrito.model.NodeId,<error>]RangePosition(file:///home/abrito/env/labs/apatheia/apatheia-p2p-protocol/src/main/scala/org/adrianobrito/model/RoutingTable.scala, 156, 156, 171)
something's wrong: no file:///home/abrito/env/labs/apatheia/apatheia-p2p-protocol/src/main/scala/org/adrianobrito/model/RoutingTable.scala in Map[org.adrianobrito.model.NodeId,<error>]RangePosition(file:///home/abrito/env/labs/apatheia/apatheia-p2p-protocol/src/main/scala/org/adrianobrito/model/RoutingTable.scala, 156, 156, 172)
something's wrong: no file:///home/abrito/env/labs/apatheia/apatheia-p2p-protocol/src/main/scala/org/adrianobrito/model/RoutingTable.scala in Map[org.adrianobrito.model.NodeId,<error>]RangePosition(file:///home/abrito/env/labs/apatheia/apatheia-p2p-protocol/src/main/scala/org/adrianobrito/model/RoutingTable.scala, 156, 156, 174)
something's wrong: no file:///home/abrito/env/labs/apatheia/apatheia-p2p-protocol/src/main/scala/org/adrianobrito/model/RoutingTable.scala in Map[org.adrianobrito.model.NodeId,<error>]RangePosition(file:///home/abrito/env/labs/apatheia/apatheia-p2p-protocol/src/main/scala/org/adrianobrito/model/RoutingTable.scala, 156, 156, 175)
something's wrong: no file:///home/abrito/env/labs/apatheia/apatheia-p2p-protocol/src/main/scala/org/adrianobrito/model/RoutingTable.scala in Map[org.adrianobrito.model.NodeId,<error>]RangePosition(file:///home/abrito/env/labs/apatheia/apatheia-p2p-protocol/src/main/scala/org/adrianobrito/model/RoutingTable.scala, 156, 156, 176)
something's wrong: no file:///home/abrito/env/labs/apatheia/apatheia-p2p-protocol/src/main/scala/org/adrianobrito/model/RoutingTable.scala in Map[org.adrianobrito.model.NodeId,<error>]RangePosition(file:///home/abrito/env/labs/apatheia/apatheia-p2p-protocol/src/main/scala/org/adrianobrito/model/RoutingTable.scala, 156, 156, 177)
something's wrong: no file:///home/abrito/env/labs/apatheia/apatheia-p2p-protocol/src/main/scala/org/adrianobrito/model/RoutingTable.scala in Map[org.adrianobrito.model.NodeId,<error>]RangePosition(file:///home/abrito/env/labs/apatheia/apatheia-p2p-protocol/src/main/scala/org/adrianobrito/model/RoutingTable.scala, 156, 156, 177)
something's wrong: no file:///home/abrito/env/labs/apatheia/apatheia-p2p-protocol/src/main/scala/org/adrianobrito/model/RoutingTable.scala in Map[org.adrianobrito.model.NodeId,<error>]RangePosition(file:///home/abrito/env/labs/apatheia/apatheia-p2p-protocol/src/main/scala/org/adrianobrito/model/RoutingTable.scala, 156, 156, 177)
2023.02.01 22:39:21 INFO  compiling root (1 scala source)[0m
2023.02.01 22:39:21 INFO  time: compiled root in 0.16s[0m
2023.02.01 22:39:21 WARN  Could not load snapshot text for /home/abrito/env/labs/apatheia/apatheia-p2p-protocol/src/main/scala/org/adrianobrito/model/RoutingTable.scala[0m
2023.02.01 22:39:22 INFO  compiling root (1 scala source)[0m
2023.02.01 22:39:22 INFO  time: compiled root in 0.13s[0m
2023.02.01 22:39:23 WARN  Could not load snapshot text for /home/abrito/env/labs/apatheia/apatheia-p2p-protocol/src/main/scala/org/adrianobrito/model/RoutingTable.scala[0m
2023.02.01 22:39:46 WARN  Could not load snapshot text for /home/abrito/env/labs/apatheia/apatheia-p2p-protocol/src/main/scala/org/adrianobrito/model/RoutingTable.scala[0m
2023.02.01 22:39:46 WARN  Could not load snapshot text for /home/abrito/env/labs/apatheia/apatheia-p2p-protocol/src/main/scala/org/adrianobrito/model/RoutingTable.scala[0m
2023.02.01 22:39:46 WARN  Could not load snapshot text for /home/abrito/env/labs/apatheia/apatheia-p2p-protocol/src/main/scala/org/adrianobrito/model/RoutingTable.scala[0m
2023.02.01 22:39:46 WARN  Could not load snapshot text for /home/abrito/env/labs/apatheia/apatheia-p2p-protocol/src/main/scala/org/adrianobrito/model/RoutingTable.scala[0m
2023.02.01 22:40:52 WARN  Could not load snapshot text for /home/abrito/env/labs/apatheia/apatheia-p2p-protocol/src/main/scala/org/adrianobrito/model/RoutingTable.scala[0m
2023.02.01 22:41:58 WARN  Could not load snapshot text for /home/abrito/env/labs/apatheia/apatheia-p2p-protocol/src/main/scala/org/adrianobrito/model/RoutingTable.scala[0m
2023.02.01 22:42:03 WARN  Could not load snapshot text for /home/abrito/env/labs/apatheia/apatheia-p2p-protocol/src/main/scala/org/adrianobrito/model/RoutingTable.scala[0m
